INFO:GTS.isc_modelling.setup:Preparing setup for mechanics simulation on 2020-02-19T17:18:07+01:00
INFO:GTS.isc_modelling.setup:Visualization folder path: 
 /home/haakon/mastersproject/src/mastersproject/GTS/isc_modelling/results/new_biot/default_2
INFO:GTS.isc_modelling.setup:Mesh arguments: 
 {'mesh_size_frac': 14, 'mesh_size_min': 14, 'mesh_size_bound': 14}
INFO:GTS.isc_modelling.setup:Bounding box: 
 {'xmin': -20, 'xmax': 80, 'ymin': 50, 'ymax': 150, 'zmin': -25, 'zmax': 75}
INFO:GTS.isc_modelling.setup:Shear zones in simulation: 
 ['S1_1', 'S1_2', 'S1_3', 'S3_1', 'S3_2']
INFO:GTS.isc_modelling.setup:Non-default length scale: 1
INFO:GTS.isc_modelling.setup:Non-default scalar scale: 1
INFO:GTS.isc_modelling.setup:Solver type: direct
INFO:GTS.isc_modelling.setup:Stress tensor: 
 [[-11393046.22034133    597621.26708787   1842573.57669909]
 [   597621.26708787  -8873267.78285116   -586150.35104884]
 [  1842573.57669909   -586150.35104884 -10733685.99680752]]
INFO:GTS.isc_modelling.mechanics:Initializing contact mechanics on ISC dataset
INFO:GTS.ISC_data.isc:GTS-ISC data located at: /home/haakon/mastersproject/src/mastersproject/GTS/01BasicInputData.
INFO:GTS.isc_modelling.setup:Options for Newton solver: 
 {'max_iterations': 20, 'nl_convergence_tol': 1e-06, 'nl_divergence_tol': 100000.0}
INFO:GTS.isc_modelling.setup:Setup complete. Starting time-dependent simulation
INFO:GTS.ISC_data.isc:GTS-ISC data located at: /home/haakon/mastersproject/src/mastersproject/GTS/01BasicInputData.
INFO:GTS.ISC_data.fracture:Interpolating shearzone S1_1 ...
INFO:GTS.ISC_data.fracture:Interpolating shearzone S1_2 ...
INFO:GTS.ISC_data.fracture:Interpolating shearzone S1_3 ...
INFO:GTS.ISC_data.fracture:Interpolating shearzone S3_1 ...
INFO:GTS.ISC_data.fracture:Interpolating shearzone S3_2 ...
INFO:GTS.ISC_data.fracture:Saving vtk file of fracture network in 3D.
INFO:porepy.fracs.fractures:Find intersection between fratures
INFO:porepy.fracs.fractures:Found 18 intersections. Ellapsed time: 0.02302
INFO:porepy.fracs.fractures:Split intersections
INFO:porepy.fracs.fractures:Compile list of points and edges
INFO:porepy.fracs.fractures:Points and edges done. Elapsed time 0.00078
INFO:porepy.fracs.fractures:Uniquify points and edges, starting with 88 points, 70
                    edges
INFO:porepy.fracs.fractures:Uniquify complete. 48 points, 46 edges. Ellapsed time
                    0.02532
INFO:porepy.fracs.fractures:Remove edge intersections
DEBUG:porepy.fracs.fractures:Remove intersections from fracture 0
DEBUG:porepy.geometry.intersections:The segments are parallel
DEBUG:porepy.geometry.intersections:Lines are colinear
DEBUG:porepy.geometry.intersections:Colinear lines share a single point
DEBUG:porepy.geometry.intersections:Segment intersection found in one point
DEBUG:porepy.geometry.intersections:Segment intersection found in one point
DEBUG:porepy.geometry.intersections:Segment intersection found in one point
DEBUG:porepy.geometry.intersections:The segments are parallel
DEBUG:porepy.geometry.intersections:Lines are colinear
DEBUG:porepy.geometry.intersections:Colinear lines share a single point
DEBUG:porepy.geometry.intersections:Segment intersection found in one point
DEBUG:porepy.geometry.intersections:Segment intersection found in one point
DEBUG:porepy.geometry.intersections:Segment intersection found in one point
DEBUG:porepy.geometry.intersections:Segment intersection found in one point
DEBUG:porepy.fracs.fractures:Remove intersections from fracture 1
DEBUG:porepy.geometry.intersections:The segments are parallel
DEBUG:porepy.geometry.intersections:Lines are colinear
DEBUG:porepy.geometry.intersections:Colinear lines share a single point
DEBUG:porepy.geometry.intersections:Segment intersection found in one point
DEBUG:porepy.geometry.intersections:Segment intersection found in one point
DEBUG:porepy.geometry.intersections:The segments are parallel
DEBUG:porepy.geometry.intersections:Lines are colinear
DEBUG:porepy.geometry.intersections:Colinear lines share a single point
DEBUG:porepy.geometry.intersections:Segment intersection found in one point
DEBUG:porepy.geometry.intersections:Segment intersection found in one point
DEBUG:porepy.geometry.intersections:Segment intersection found in one point
DEBUG:porepy.geometry.intersections:Segment intersection found in one point
DEBUG:porepy.fracs.fractures:Remove intersections from fracture 2
DEBUG:porepy.geometry.intersections:Segment intersection found in one point
DEBUG:porepy.geometry.intersections:Segment intersection found in one point
DEBUG:porepy.geometry.intersections:Segment intersection found in one point
DEBUG:porepy.geometry.intersections:Segment intersection found in one point
DEBUG:porepy.geometry.intersections:Segment intersection found in one point
DEBUG:porepy.fracs.fractures:Remove intersections from fracture 3
DEBUG:porepy.geometry.intersections:Segment intersection found in one point
DEBUG:porepy.geometry.intersections:Segment intersection found in one point
DEBUG:porepy.geometry.intersections:Segment intersection found in one point
DEBUG:porepy.geometry.intersections:Segment intersection found in one point
DEBUG:porepy.geometry.intersections:Segment intersection found in one point
DEBUG:porepy.geometry.intersections:Segment intersection found in one point
DEBUG:porepy.geometry.intersections:Segment intersection found in one point
DEBUG:porepy.fracs.fractures:Remove intersections from fracture 4
DEBUG:porepy.geometry.intersections:Segment intersection found in one point
DEBUG:porepy.geometry.intersections:Segment intersection found in one point
DEBUG:porepy.geometry.intersections:Segment intersection found in one point
DEBUG:porepy.geometry.intersections:Segment intersection found in one point
DEBUG:porepy.geometry.intersections:Segment intersection found in one point
DEBUG:porepy.geometry.intersections:Segment intersection found in one point
DEBUG:porepy.geometry.intersections:Segment intersection found in one point
DEBUG:porepy.geometry.intersections:Segment intersection found in one point
DEBUG:porepy.geometry.intersections:Segment intersection found in one point
DEBUG:porepy.geometry.intersections:Segment intersection found in one point
DEBUG:porepy.geometry.intersections:Segment intersection found in one point
DEBUG:porepy.fracs.fractures:Remove intersections from fracture 5
DEBUG:porepy.geometry.intersections:Segment intersection found in one point
DEBUG:porepy.geometry.intersections:Segment intersection found in one point
DEBUG:porepy.geometry.intersections:Segment intersection found in one point
DEBUG:porepy.geometry.intersections:Segment intersection found in one point
DEBUG:porepy.fracs.fractures:Remove intersections from fracture 6
DEBUG:porepy.geometry.intersections:Segment intersection found in one point
DEBUG:porepy.geometry.intersections:Segment intersection found in one point
DEBUG:porepy.geometry.intersections:Segment intersection found in one point
DEBUG:porepy.geometry.intersections:Segment intersection found in one point
DEBUG:porepy.fracs.fractures:Remove intersections from fracture 7
DEBUG:porepy.geometry.intersections:Segment intersection found in one point
DEBUG:porepy.geometry.intersections:Segment intersection found in one point
DEBUG:porepy.geometry.intersections:Segment intersection found in one point
DEBUG:porepy.geometry.intersections:Segment intersection found in one point
DEBUG:porepy.fracs.fractures:Remove intersections from fracture 8
DEBUG:porepy.geometry.intersections:Segment intersection found in one point
DEBUG:porepy.geometry.intersections:Segment intersection found in one point
DEBUG:porepy.geometry.intersections:Segment intersection found in one point
DEBUG:porepy.geometry.intersections:Segment intersection found in one point
DEBUG:porepy.fracs.fractures:Remove intersections from fracture 9
DEBUG:porepy.geometry.intersections:Segment intersection found in one point
DEBUG:porepy.geometry.intersections:Segment intersection found in one point
DEBUG:porepy.geometry.intersections:Segment intersection found in one point
DEBUG:porepy.geometry.intersections:Segment intersection found in one point
DEBUG:porepy.fracs.fractures:Remove intersections from fracture 10
DEBUG:porepy.geometry.intersections:Segment intersection found in one point
DEBUG:porepy.geometry.intersections:Segment intersection found in one point
DEBUG:porepy.geometry.intersections:Segment intersection found in one point
DEBUG:porepy.geometry.intersections:Segment intersection found in one point
INFO:porepy.fracs.fractures:Done with intersection removal. Elapsed time 0.10483
INFO:porepy.fracs.fractures:Uniquify points and edges, starting with 48 points, 58
                    edges
INFO:porepy.fracs.fractures:Uniquify complete. 48 points, 58 edges. Ellapsed time
                    0.02303
INFO:porepy.fracs.fractures:Finished fracture splitting after 0.17635 seconds
INFO:porepy.fracs.fractures:Minimal distance between points encountered is 1.2484761813939598
INFO:porepy.fracs.fractures:Gmsh completed with status 0
INFO:porepy.fracs.simplex:Grid creation completed. Elapsed time 0.08435344696044922
INFO:porepy.fracs.simplex:Created 1 3-d grids with 3442 cells
INFO:porepy.fracs.simplex:Created 5 2-d grids with 196 cells
INFO:porepy.fracs.simplex:Created 6 1-d grids with 9 cells
INFO:porepy.fracs.meshing:Assemble in bucket
INFO:porepy.fracs.meshing:Done. Elapsed time 0.09165024757385254
INFO:porepy.fracs.meshing:Compute geometry
INFO:porepy.fracs.meshing:Done. Elapsed time 0.04030108451843262
INFO:porepy.fracs.meshing:Split fractures
INFO:porepy.fracs.meshing:Done. Elapsed time 0.41594481468200684
INFO:porepy.models.contact_mechanics_model:Discretize
INFO:porepy.numerics.fv.mpsa:Split MPSA discretization into 1 parts
DEBUG:porepy.numerics.fv.mpsa:number of ncasym eliminated: 1476
DEBUG:porepy.numerics.fv.mpsa:max igrad: 7.223656514378587
INFO:porepy.numerics.fv.mpsa:Done with subproblem 0. Elapsed time 8.260304927825928
DEBUG:porepy.numerics.interface_laws.contact_mechanics_interface_laws:Done. Elapsed time 0.01296234130859375
DEBUG:porepy.numerics.interface_laws.contact_mechanics_interface_laws:Done. Elapsed time 0.0146942138671875
DEBUG:porepy.numerics.interface_laws.contact_mechanics_interface_laws:Done. Elapsed time 0.016293764114379883
DEBUG:porepy.numerics.interface_laws.contact_mechanics_interface_laws:Done. Elapsed time 0.012876033782958984
DEBUG:porepy.numerics.interface_laws.contact_mechanics_interface_laws:Done. Elapsed time 0.01317143440246582
INFO:porepy.models.contact_mechanics_model:Done. Elapsed time 8.776262998580933
INFO:porepy.models.contact_mechanics_model:Initialize linear solver
INFO:porepy.models.contact_mechanics_model:Linear solver initialized. Elapsed time 0.0001819133758544922
INFO:porepy.viz.exporter:Construct 3d grid information using numba
INFO:porepy.numerics.nonlinear.nonlinear_solvers:Newton iteration number 0 of 20
DEBUG:porepy.numerics.interface_laws.contact_mechanics_interface_laws:Done. Elapsed time 0.011593341827392578
DEBUG:porepy.numerics.interface_laws.contact_mechanics_interface_laws:Done. Elapsed time 0.01302647590637207
DEBUG:porepy.numerics.interface_laws.contact_mechanics_interface_laws:Done. Elapsed time 0.013933181762695312
DEBUG:porepy.numerics.interface_laws.contact_mechanics_interface_laws:Done. Elapsed time 0.012434959411621094
DEBUG:porepy.numerics.interface_laws.contact_mechanics_interface_laws:Done. Elapsed time 0.012221574783325195
DEBUG:porepy.models.contact_mechanics_model:Max element in A 1.19e+13
DEBUG:porepy.models.contact_mechanics_model:Max 3.16e+13 and min 2.63e+00 A sum.
INFO:porepy.models.contact_mechanics_model:Solve Ax=b using scipy
INFO:porepy.models.contact_mechanics_model:Done. Elapsed time 10.382766962051392
INFO:porepy.models.contact_mechanics_model:||b-Ax|| = 8124314.713591526
INFO:porepy.models.contact_mechanics_model:||b-Ax|| / ||b|| = 0.0005872994156123166
INFO:porepy.models.contact_mechanics_model:Error in contact force is 1.0
INFO:porepy.models.contact_mechanics_model:Error in matrix displacement is 1.0
INFO:porepy.numerics.nonlinear.nonlinear_solvers:Newton iteration number 1 of 20
DEBUG:porepy.numerics.interface_laws.contact_mechanics_interface_laws:Done. Elapsed time 0.03617286682128906
DEBUG:porepy.numerics.interface_laws.contact_mechanics_interface_laws:Done. Elapsed time 0.026828289031982422
DEBUG:porepy.numerics.interface_laws.contact_mechanics_interface_laws:Done. Elapsed time 0.0137786865234375
DEBUG:porepy.numerics.interface_laws.contact_mechanics_interface_laws:Done. Elapsed time 0.017590999603271484
DEBUG:porepy.numerics.interface_laws.contact_mechanics_interface_laws:Done. Elapsed time 0.013896465301513672
DEBUG:porepy.models.contact_mechanics_model:Max element in A 1.19e+13
DEBUG:porepy.models.contact_mechanics_model:Max 3.16e+13 and min 2.63e+00 A sum.
INFO:porepy.models.contact_mechanics_model:Solve Ax=b using scipy
INFO:porepy.models.contact_mechanics_model:Done. Elapsed time 10.390421867370605
INFO:porepy.models.contact_mechanics_model:||b-Ax|| = 8159628.31904048
INFO:porepy.models.contact_mechanics_model:||b-Ax|| / ||b|| = 0.0005898522044412178
INFO:porepy.models.contact_mechanics_model:Error in contact force is 4.4304734714303195e-11
INFO:porepy.models.contact_mechanics_model:Error in matrix displacement is 4.1285454435812576e-07
INFO:GTS.isc_modelling.setup:Simulation complete. Exporting solution. Time: 2020-02-19T17:18:42+01:00
