INFO:GTS.isc_modelling.setup:Preparing setup for mechanics simulation on 2020-01-23T11:03:48+01:00
INFO:GTS.isc_modelling.setup:Visualization folder path: 
 /home/haakon/mastersproject/src/mastersproject/GTS/isc_modelling/results/default
INFO:GTS.isc_modelling.setup:Root file name of results: main_run
INFO:GTS.isc_modelling.setup:Mesh arguments: 
 {'mesh_size_frac': 15, 'mesh_size_min': 1.5, 'mesh_size_bound': 90}
INFO:GTS.isc_modelling.setup:Bounding box: 
 {'xmin': -6, 'xmax': 80, 'ymin': 55, 'ymax': 150, 'zmin': 0, 'zmax': 50}
INFO:GTS.isc_modelling.setup:Shear zones in simulation: 
 ['S1_1', 'S1_2', 'S1_3', 'S3_1', 'S3_2']
INFO:GTS.isc_modelling.setup:Variable scaling: 
 {'scalar_scale': 1, 'length_scale': 1}
INFO:GTS.isc_modelling.setup:Solver type: direct
INFO:GTS.isc_modelling.setup:Stress tensor: 
 [[11393046.22034133  -597621.26708787 -1842573.57669909]
 [ -597621.26708787  8873267.78285116   586150.35104884]
 [-1842573.57669909   586150.35104884 10733685.99680752]]
INFO:GTS.isc_modelling.mechanics:Running: contact mechanics on ISC dataset
INFO:root:Data located at: /home/haakon/mastersproject/src/mastersproject/GTS/01BasicInputData.
INFO:GTS.isc_modelling.setup:Options for Newton solver: 
 {'max_iterations': 10, 'convergence_tol': 1e-10, 'divergence_tol': 100000.0}
INFO:GTS.isc_modelling.setup:Setup complete. Starting simulation
INFO:root:Data located at: /home/haakon/mastersproject/src/mastersproject/GTS/01BasicInputData.
INFO:root:Interpolating shearzone S1_1 ...
INFO:root:Sum of pointwise relative errors: 0.0724
INFO:root:Interpolating shearzone S1_2 ...
INFO:root:Sum of pointwise relative errors: 0.1129
INFO:root:Interpolating shearzone S1_3 ...
INFO:root:Sum of pointwise relative errors: 0.0917
INFO:root:Interpolating shearzone S3_1 ...
INFO:root:Sum of pointwise relative errors: 0.0375
INFO:root:Interpolating shearzone S3_2 ...
INFO:root:Sum of pointwise relative errors: 0.0840
INFO:root:Saving vtk file of fracture network in 3D.
INFO:porepy.fracs.fractures:Find intersection between fratures
INFO:porepy.fracs.fractures:Found 18 intersections. Ellapsed time: 0.05275
INFO:porepy.fracs.fractures:Split intersections
INFO:porepy.fracs.fractures:Compile list of points and edges
INFO:porepy.fracs.fractures:Points and edges done. Elapsed time 0.00109
INFO:porepy.fracs.fractures:Uniquify points and edges, starting with 101 points, 83
                    edges
INFO:porepy.fracs.fractures:Uniquify complete. 61 points, 59 edges. Ellapsed time
                    0.03424
INFO:porepy.fracs.fractures:Remove edge intersections
DEBUG:porepy.fracs.fractures:Remove intersections from fracture 0
DEBUG:porepy.geometry.intersections:The segments are parallel
DEBUG:porepy.geometry.intersections:Lines are colinear
DEBUG:porepy.geometry.intersections:Colinear lines share a single point
DEBUG:porepy.geometry.intersections:The segments are parallel
DEBUG:porepy.geometry.intersections:Lines are colinear
DEBUG:porepy.geometry.intersections:Colinear lines share a single point
DEBUG:porepy.geometry.intersections:Segment intersection found in one point
DEBUG:porepy.geometry.intersections:Segment intersection found in one point
DEBUG:porepy.geometry.intersections:The segments are parallel
DEBUG:porepy.geometry.intersections:Lines are colinear
DEBUG:porepy.geometry.intersections:Colinear lines share a single point
DEBUG:porepy.geometry.intersections:Segment intersection found in one point
DEBUG:porepy.geometry.intersections:The segments are parallel
DEBUG:porepy.geometry.intersections:Lines are colinear
DEBUG:porepy.geometry.intersections:Colinear lines share a single point
DEBUG:porepy.geometry.intersections:The segments are parallel
DEBUG:porepy.geometry.intersections:Lines are colinear
DEBUG:porepy.geometry.intersections:Colinear lines share a single point
DEBUG:porepy.geometry.intersections:Segment intersection found in one point
DEBUG:porepy.geometry.intersections:Segment intersection found in one point
DEBUG:porepy.geometry.intersections:Segment intersection found in one point
DEBUG:porepy.geometry.intersections:Segment intersection found in one point
DEBUG:porepy.fracs.fractures:Remove intersections from fracture 1
DEBUG:porepy.geometry.intersections:The segments are parallel
DEBUG:porepy.geometry.intersections:Lines are colinear
DEBUG:porepy.geometry.intersections:Colinear lines share a single point
DEBUG:porepy.geometry.intersections:The segments are parallel
DEBUG:porepy.geometry.intersections:Lines are colinear
DEBUG:porepy.geometry.intersections:Colinear lines share a single point
DEBUG:porepy.geometry.intersections:Segment intersection found in one point
DEBUG:porepy.geometry.intersections:The segments are parallel
DEBUG:porepy.geometry.intersections:Lines are colinear
DEBUG:porepy.geometry.intersections:Colinear lines share a single point
DEBUG:porepy.geometry.intersections:Segment intersection found in one point
DEBUG:porepy.geometry.intersections:The segments are parallel
DEBUG:porepy.geometry.intersections:Lines are colinear
DEBUG:porepy.geometry.intersections:Colinear lines share a single point
DEBUG:porepy.geometry.intersections:Segment intersection found in one point
DEBUG:porepy.geometry.intersections:Segment intersection found in one point
DEBUG:porepy.geometry.intersections:Segment intersection found in one point
DEBUG:porepy.geometry.intersections:Segment intersection found in one point
DEBUG:porepy.fracs.fractures:Remove intersections from fracture 2
DEBUG:porepy.geometry.intersections:The segments are parallel
DEBUG:porepy.geometry.intersections:Lines are colinear
DEBUG:porepy.geometry.intersections:Colinear lines share a single point
DEBUG:porepy.geometry.intersections:The segments are parallel
DEBUG:porepy.geometry.intersections:Lines are colinear
DEBUG:porepy.geometry.intersections:Colinear lines share a single point
DEBUG:porepy.geometry.intersections:Segment intersection found in one point
DEBUG:porepy.geometry.intersections:The segments are parallel
DEBUG:porepy.geometry.intersections:Lines are colinear
DEBUG:porepy.geometry.intersections:Colinear lines share a single point
DEBUG:porepy.geometry.intersections:Segment intersection found in one point
DEBUG:porepy.geometry.intersections:The segments are parallel
DEBUG:porepy.geometry.intersections:Lines are colinear
DEBUG:porepy.geometry.intersections:Colinear lines share a single point
DEBUG:porepy.geometry.intersections:Segment intersection found in one point
DEBUG:porepy.geometry.intersections:The segments are parallel
DEBUG:porepy.geometry.intersections:Lines are colinear
DEBUG:porepy.geometry.intersections:Colinear lines share a single point
DEBUG:porepy.geometry.intersections:Segment intersection found in one point
DEBUG:porepy.geometry.intersections:Segment intersection found in one point
DEBUG:porepy.fracs.fractures:Remove intersections from fracture 3
DEBUG:porepy.geometry.intersections:Segment intersection found in one point
DEBUG:porepy.geometry.intersections:Segment intersection found in one point
DEBUG:porepy.geometry.intersections:Segment intersection found in one point
DEBUG:porepy.geometry.intersections:Segment intersection found in one point
DEBUG:porepy.geometry.intersections:Segment intersection found in one point
DEBUG:porepy.geometry.intersections:Segment intersection found in one point
DEBUG:porepy.geometry.intersections:Segment intersection found in one point
DEBUG:porepy.fracs.fractures:Remove intersections from fracture 4
DEBUG:porepy.geometry.intersections:The segments are parallel
DEBUG:porepy.geometry.intersections:Lines are colinear
DEBUG:porepy.geometry.intersections:Colinear lines share a single point
DEBUG:porepy.geometry.intersections:Segment intersection found in one point
DEBUG:porepy.geometry.intersections:Segment intersection found in one point
DEBUG:porepy.geometry.intersections:Segment intersection found in one point
DEBUG:porepy.geometry.intersections:Segment intersection found in one point
DEBUG:porepy.geometry.intersections:Segment intersection found in one point
DEBUG:porepy.geometry.intersections:Segment intersection found in one point
DEBUG:porepy.geometry.intersections:The segments are parallel
DEBUG:porepy.geometry.intersections:Lines are colinear
DEBUG:porepy.geometry.intersections:Colinear lines share a single point
DEBUG:porepy.geometry.intersections:Segment intersection found in one point
DEBUG:porepy.geometry.intersections:The segments are parallel
DEBUG:porepy.geometry.intersections:Lines are colinear
DEBUG:porepy.geometry.intersections:Colinear lines share a single point
DEBUG:porepy.geometry.intersections:Segment intersection found in one point
DEBUG:porepy.geometry.intersections:Segment intersection found in one point
DEBUG:porepy.geometry.intersections:Segment intersection found in one point
DEBUG:porepy.geometry.intersections:Segment intersection found in one point
DEBUG:porepy.fracs.fractures:Remove intersections from fracture 5
DEBUG:porepy.geometry.intersections:Segment intersection found in one point
DEBUG:porepy.geometry.intersections:Segment intersection found in one point
DEBUG:porepy.geometry.intersections:Segment intersection found in one point
DEBUG:porepy.geometry.intersections:Segment intersection found in one point
DEBUG:porepy.fracs.fractures:Remove intersections from fracture 6
DEBUG:porepy.geometry.intersections:Segment intersection found in one point
DEBUG:porepy.geometry.intersections:Segment intersection found in one point
DEBUG:porepy.geometry.intersections:Segment intersection found in one point
DEBUG:porepy.geometry.intersections:Segment intersection found in one point
DEBUG:porepy.fracs.fractures:Remove intersections from fracture 7
DEBUG:porepy.geometry.intersections:Segment intersection found in one point
DEBUG:porepy.geometry.intersections:Segment intersection found in one point
DEBUG:porepy.geometry.intersections:Segment intersection found in one point
DEBUG:porepy.geometry.intersections:Segment intersection found in one point
DEBUG:porepy.fracs.fractures:Remove intersections from fracture 8
DEBUG:porepy.geometry.intersections:Segment intersection found in one point
DEBUG:porepy.geometry.intersections:Segment intersection found in one point
DEBUG:porepy.geometry.intersections:Segment intersection found in one point
DEBUG:porepy.geometry.intersections:Segment intersection found in one point
DEBUG:porepy.fracs.fractures:Remove intersections from fracture 9
DEBUG:porepy.geometry.intersections:Segment intersection found in one point
DEBUG:porepy.geometry.intersections:Segment intersection found in one point
DEBUG:porepy.geometry.intersections:Segment intersection found in one point
DEBUG:porepy.geometry.intersections:Segment intersection found in one point
DEBUG:porepy.fracs.fractures:Remove intersections from fracture 10
DEBUG:porepy.geometry.intersections:Segment intersection found in one point
DEBUG:porepy.geometry.intersections:Segment intersection found in one point
DEBUG:porepy.geometry.intersections:Segment intersection found in one point
DEBUG:porepy.geometry.intersections:Segment intersection found in one point
INFO:porepy.fracs.fractures:Done with intersection removal. Elapsed time 0.13632
INFO:porepy.fracs.fractures:Uniquify points and edges, starting with 61 points, 71
                    edges
INFO:porepy.fracs.fractures:Uniquify complete. 61 points, 71 edges. Ellapsed time
                    0.03727
INFO:porepy.fracs.fractures:Finished fracture splitting after 0.23930 seconds
INFO:porepy.fracs.fractures:Minimal distance between points encountered is 0.7525996891276298
INFO:porepy.fracs.fractures:Gmsh completed with status 0
INFO:porepy.fracs.simplex:Grid creation completed. Elapsed time 0.14994478225708008
INFO:porepy.fracs.simplex:Created 1 3-d grids with 5035 cells
INFO:porepy.fracs.simplex:Created 5 2-d grids with 1195 cells
INFO:porepy.fracs.simplex:Created 6 1-d grids with 29 cells
INFO:porepy.fracs.meshing:Assemble in bucket
INFO:porepy.fracs.meshing:Done. Elapsed time 0.14316415786743164
INFO:porepy.fracs.meshing:Compute geometry
INFO:porepy.fracs.meshing:Done. Elapsed time 0.07309865951538086
INFO:porepy.fracs.meshing:Split fractures
INFO:porepy.fracs.meshing:Done. Elapsed time 2.070328950881958
INFO:porepy.models.contact_mechanics_model:Discretize
INFO:porepy.numerics.fv.mpsa:Split MPSA discretization into 1 parts
DEBUG:porepy.numerics.fv.mpsa:number of ncasym eliminated: 87
DEBUG:porepy.numerics.fv.mpsa:max igrad: 242.57653938034267
INFO:porepy.numerics.fv.mpsa:Done with subproblem 0. Elapsed time 14.391472339630127
DEBUG:root:Discretize contact mechanics interface law
DEBUG:porepy.numerics.interface_laws.contact_mechanics_interface_laws:Done. Elapsed time 0.04756045341491699
DEBUG:root:Discretize contact mechanics interface law
DEBUG:porepy.numerics.interface_laws.contact_mechanics_interface_laws:Done. Elapsed time 0.04981684684753418
DEBUG:root:Discretize contact mechanics interface law
DEBUG:porepy.numerics.interface_laws.contact_mechanics_interface_laws:Done. Elapsed time 0.09888410568237305
DEBUG:root:Discretize contact mechanics interface law
DEBUG:porepy.numerics.interface_laws.contact_mechanics_interface_laws:Done. Elapsed time 0.04577803611755371
DEBUG:root:Discretize contact mechanics interface law
DEBUG:porepy.numerics.interface_laws.contact_mechanics_interface_laws:Done. Elapsed time 0.08858489990234375
INFO:porepy.models.contact_mechanics_model:Done. Elapsed time 15.95044493675232
INFO:porepy.models.contact_mechanics_model:Initialize linear solver
INFO:porepy.models.contact_mechanics_model:Linear solver initialized. Elapsed time 0.00011324882507324219
INFO:porepy.viz.exporter:Construct 3d grid information using numba
INFO:porepy.numerics.nonlinear.nonlinear_solvers:Newton iteration number 0 of 10
DEBUG:root:Discretize contact mechanics interface law
DEBUG:porepy.numerics.interface_laws.contact_mechanics_interface_laws:Done. Elapsed time 0.03657984733581543
DEBUG:root:Discretize contact mechanics interface law
DEBUG:porepy.numerics.interface_laws.contact_mechanics_interface_laws:Done. Elapsed time 0.042800188064575195
DEBUG:root:Discretize contact mechanics interface law
DEBUG:porepy.numerics.interface_laws.contact_mechanics_interface_laws:Done. Elapsed time 0.08850336074829102
DEBUG:root:Discretize contact mechanics interface law
DEBUG:porepy.numerics.interface_laws.contact_mechanics_interface_laws:Done. Elapsed time 0.04136157035827637
DEBUG:root:Discretize contact mechanics interface law
DEBUG:porepy.numerics.interface_laws.contact_mechanics_interface_laws:Done. Elapsed time 0.07203435897827148
DEBUG:porepy.models.contact_mechanics_model:Max element in A 3.83e+13
DEBUG:porepy.models.contact_mechanics_model:Max 1.02e+14 and min 1.00e+00 A sum.
INFO:porepy.models.contact_mechanics_model:Error is 1.0
INFO:porepy.numerics.nonlinear.nonlinear_solvers:Newton iteration number 1 of 10
DEBUG:root:Discretize contact mechanics interface law
DEBUG:porepy.numerics.interface_laws.contact_mechanics_interface_laws:Done. Elapsed time 0.04893231391906738
DEBUG:root:Discretize contact mechanics interface law
DEBUG:porepy.numerics.interface_laws.contact_mechanics_interface_laws:Done. Elapsed time 0.08475804328918457
DEBUG:root:Discretize contact mechanics interface law
DEBUG:porepy.numerics.interface_laws.contact_mechanics_interface_laws:Done. Elapsed time 0.13657760620117188
DEBUG:root:Discretize contact mechanics interface law
DEBUG:porepy.numerics.interface_laws.contact_mechanics_interface_laws:Done. Elapsed time 0.10153627395629883
DEBUG:root:Discretize contact mechanics interface law
DEBUG:porepy.numerics.interface_laws.contact_mechanics_interface_laws:Done. Elapsed time 0.22598052024841309
DEBUG:porepy.models.contact_mechanics_model:Max element in A 3.83e+13
DEBUG:porepy.models.contact_mechanics_model:Max 1.02e+14 and min 1.00e+00 A sum.
INFO:porepy.models.contact_mechanics_model:Error is 0.0
INFO:GTS.isc_modelling.setup:Simulation complete. Exporting solution.
INFO:GTS.isc_modelling.setup:Solution exported to folder 
 /home/haakon/mastersproject/src/mastersproject/GTS/isc_modelling/results/default
INFO:GTS.isc_modelling.setup:Exits method on 2020-01-23T11:06:03+01:00
