INFO:GTS.isc_modelling.setup:Preparing setup for mechanics simulation on 2020-02-20T17:39:27+01:00
INFO:GTS.isc_modelling.setup:Visualization folder path: 
 /home/haakon/mastersproject/src/mastersproject/GTS/isc_modelling/results/200220/S1_1_S3_1/length_scaling/ls_1__sz_5
INFO:GTS.isc_modelling.setup:Mesh arguments: 
 {'mesh_size_frac': 5, 'mesh_size_min': 0.5, 'mesh_size_bound': 30}
INFO:GTS.isc_modelling.setup:Bounding box: 
 {'xmin': -20, 'xmax': 80, 'ymin': 50, 'ymax': 150, 'zmin': -25, 'zmax': 75}
INFO:GTS.isc_modelling.setup:Shear zones in simulation: 
 ['S1_1', 'S3_1']
INFO:GTS.isc_modelling.setup:Non-default length scale: 1
INFO:GTS.isc_modelling.setup:Non-default scalar scale: 100000000000.0
INFO:GTS.isc_modelling.setup:Solver type: direct
INFO:GTS.isc_modelling.setup:Injection location: 
 {'shearzone': 'S1_2', 'borehole': 'INJ1'}
INFO:GTS.isc_modelling.setup:Stress tensor: 
 [[-11393046.22034133    597621.26708787   1842573.57669909]
 [   597621.26708787  -8873267.78285116   -586150.35104884]
 [  1842573.57669909   -586150.35104884 -10733685.99680752]]
INFO:GTS.isc_modelling.contact_mechanics_biot:Initializing contact mechanics biot on ISC dataset
INFO:GTS.isc_modelling.mechanics:Initializing contact mechanics on ISC dataset
INFO:GTS.ISC_data.isc:GTS-ISC data located at: /home/haakon/mastersproject/src/mastersproject/GTS/01BasicInputData.
INFO:GTS.isc_modelling.setup:Options for Newton solver: 
 {'max_iterations': 20, 'nl_convergence_tol': 1e-10, 'nl_divergence_tol': 100000.0}
INFO:GTS.isc_modelling.setup:Setup complete. Starting time-dependent simulation
INFO:GTS.ISC_data.isc:GTS-ISC data located at: /home/haakon/mastersproject/src/mastersproject/GTS/01BasicInputData.
INFO:GTS.ISC_data.fracture:Interpolating shearzone S1_1 ...
INFO:GTS.ISC_data.fracture:Interpolating shearzone S3_1 ...
INFO:GTS.ISC_data.fracture:Saving vtk file of fracture network in 3D.
INFO:porepy.fracs.fractures:Find intersection between fratures
INFO:porepy.fracs.fractures:Found 13 intersections. Ellapsed time: 0.01437
INFO:porepy.fracs.fractures:Split intersections
INFO:porepy.fracs.fractures:Compile list of points and edges
INFO:porepy.fracs.fractures:Points and edges done. Elapsed time 0.00074
INFO:porepy.fracs.fractures:Uniquify points and edges, starting with 60 points, 47
                    edges
INFO:porepy.fracs.fractures:Uniquify complete. 20 points, 23 edges. Ellapsed time
                    0.01694
INFO:porepy.fracs.fractures:Remove edge intersections
DEBUG:porepy.fracs.fractures:Remove intersections from fracture 0
DEBUG:porepy.geometry.intersections:Segment intersection found in one point
DEBUG:porepy.geometry.intersections:Segment intersection found in one point
DEBUG:porepy.geometry.intersections:Segment intersection found in one point
DEBUG:porepy.geometry.intersections:Segment intersection found in one point
DEBUG:porepy.geometry.intersections:Segment intersection found in one point
DEBUG:porepy.geometry.intersections:Segment intersection found in one point
DEBUG:porepy.fracs.fractures:Remove intersections from fracture 1
DEBUG:porepy.geometry.intersections:The segments are parallel
DEBUG:porepy.geometry.intersections:Lines are colinear
DEBUG:porepy.geometry.intersections:Colinear lines share a single point
DEBUG:porepy.geometry.intersections:Segment intersection found in one point
DEBUG:porepy.geometry.intersections:Segment intersection found in one point
DEBUG:porepy.geometry.intersections:Segment intersection found in one point
DEBUG:porepy.geometry.intersections:Segment intersection found in one point
DEBUG:porepy.geometry.intersections:The segments are parallel
DEBUG:porepy.geometry.intersections:Lines are colinear
DEBUG:porepy.geometry.intersections:Colinear lines share a single point
DEBUG:porepy.fracs.fractures:Remove intersections from fracture 2
DEBUG:porepy.geometry.intersections:Segment intersection found in one point
DEBUG:porepy.geometry.intersections:Segment intersection found in one point
DEBUG:porepy.geometry.intersections:Segment intersection found in one point
DEBUG:porepy.geometry.intersections:Segment intersection found in one point
DEBUG:porepy.fracs.fractures:Remove intersections from fracture 3
DEBUG:porepy.geometry.intersections:Segment intersection found in one point
DEBUG:porepy.geometry.intersections:Segment intersection found in one point
DEBUG:porepy.geometry.intersections:Segment intersection found in one point
DEBUG:porepy.geometry.intersections:Segment intersection found in one point
DEBUG:porepy.fracs.fractures:Remove intersections from fracture 4
DEBUG:porepy.geometry.intersections:Segment intersection found in one point
DEBUG:porepy.geometry.intersections:Segment intersection found in one point
DEBUG:porepy.geometry.intersections:Segment intersection found in one point
DEBUG:porepy.geometry.intersections:Segment intersection found in one point
DEBUG:porepy.fracs.fractures:Remove intersections from fracture 5
DEBUG:porepy.geometry.intersections:Segment intersection found in one point
DEBUG:porepy.geometry.intersections:Segment intersection found in one point
DEBUG:porepy.geometry.intersections:Segment intersection found in one point
DEBUG:porepy.geometry.intersections:Segment intersection found in one point
DEBUG:porepy.fracs.fractures:Remove intersections from fracture 6
DEBUG:porepy.geometry.intersections:Segment intersection found in one point
DEBUG:porepy.geometry.intersections:Segment intersection found in one point
DEBUG:porepy.geometry.intersections:Segment intersection found in one point
DEBUG:porepy.geometry.intersections:Segment intersection found in one point
DEBUG:porepy.fracs.fractures:Remove intersections from fracture 7
DEBUG:porepy.geometry.intersections:Segment intersection found in one point
DEBUG:porepy.geometry.intersections:Segment intersection found in one point
DEBUG:porepy.geometry.intersections:Segment intersection found in one point
DEBUG:porepy.geometry.intersections:Segment intersection found in one point
INFO:porepy.fracs.fractures:Done with intersection removal. Elapsed time 0.05545
INFO:porepy.fracs.fractures:Uniquify points and edges, starting with 20 points, 25
                    edges
INFO:porepy.fracs.fractures:Uniquify complete. 20 points, 25 edges. Ellapsed time
                    0.01243
INFO:porepy.fracs.fractures:Finished fracture splitting after 0.09897 seconds
INFO:porepy.fracs.fractures:Minimal distance between points encountered is 0.5974321088139757
INFO:porepy.fracs.fractures:Gmsh completed with status 0
INFO:porepy.fracs.simplex:Grid creation completed. Elapsed time 0.148451566696167
INFO:porepy.fracs.simplex:Created 1 3-d grids with 9130 cells
INFO:porepy.fracs.simplex:Created 2 2-d grids with 1803 cells
INFO:porepy.fracs.simplex:Created 1 1-d grids with 32 cells
INFO:porepy.fracs.meshing:Assemble in bucket
INFO:porepy.fracs.meshing:Done. Elapsed time 0.08149600028991699
INFO:porepy.fracs.meshing:Compute geometry
INFO:porepy.fracs.meshing:Done. Elapsed time 0.10979723930358887
INFO:porepy.fracs.meshing:Split fractures
INFO:porepy.fracs.meshing:Done. Elapsed time 2.4137113094329834
INFO:porepy.models.contact_mechanics_biot_model:Discretize
INFO:porepy.numerics.fv.mpsa:Split MPSA discretization into 1 parts
DEBUG:porepy.numerics.fv.mpsa:number of ncasym eliminated: 252
DEBUG:porepy.numerics.fv.mpsa:max igrad: 189.2853096872921
INFO:porepy.numerics.fv.biot:Done with subproblem 0. Elapsed time 89.06609535217285
DEBUG:porepy.numerics.interface_laws.contact_mechanics_interface_laws:Done. Elapsed time 0.09523725509643555
DEBUG:porepy.numerics.interface_laws.contact_mechanics_interface_laws:Done. Elapsed time 0.07613611221313477
DEBUG:porepy.numerics.interface_laws.contact_mechanics_interface_laws:Done. Elapsed time 0.11154437065124512
DEBUG:porepy.numerics.interface_laws.contact_mechanics_interface_laws:Done. Elapsed time 0.09883999824523926
DEBUG:porepy.numerics.interface_laws.contact_mechanics_interface_laws:Done. Elapsed time 0.1412665843963623
DEBUG:porepy.numerics.interface_laws.contact_mechanics_interface_laws:Done. Elapsed time 0.10108447074890137
DEBUG:porepy.numerics.interface_laws.contact_mechanics_interface_laws:Done. Elapsed time 0.1220238208770752
DEBUG:porepy.numerics.interface_laws.contact_mechanics_interface_laws:Done. Elapsed time 0.06866025924682617
INFO:porepy.models.contact_mechanics_biot_model:Done. Elapsed time 110.20071339607239
INFO:porepy.viz.exporter:Construct 3d grid information using numba
INFO:porepy.models.run_models:
Time step 1 at time -1.1e+04 of 0.0e+00 with time step 1.1e+04
INFO:porepy.models.contact_mechanics_biot_model:Discretize
INFO:porepy.numerics.fv.mpsa:Split MPSA discretization into 1 parts
DEBUG:porepy.numerics.fv.mpsa:number of ncasym eliminated: 252
DEBUG:porepy.numerics.fv.mpsa:max igrad: 189.2853096872921
INFO:porepy.numerics.fv.biot:Done with subproblem 0. Elapsed time 76.81445717811584
DEBUG:porepy.numerics.interface_laws.contact_mechanics_interface_laws:Done. Elapsed time 0.08689689636230469
DEBUG:porepy.numerics.interface_laws.contact_mechanics_interface_laws:Done. Elapsed time 0.0874624252319336
DEBUG:porepy.numerics.interface_laws.contact_mechanics_interface_laws:Done. Elapsed time 0.08486247062683105
DEBUG:porepy.numerics.interface_laws.contact_mechanics_interface_laws:Done. Elapsed time 0.09064340591430664
DEBUG:porepy.numerics.interface_laws.contact_mechanics_interface_laws:Done. Elapsed time 0.08113431930541992
DEBUG:porepy.numerics.interface_laws.contact_mechanics_interface_laws:Done. Elapsed time 0.0699472427368164
DEBUG:porepy.numerics.interface_laws.contact_mechanics_interface_laws:Done. Elapsed time 0.08499026298522949
DEBUG:porepy.numerics.interface_laws.contact_mechanics_interface_laws:Done. Elapsed time 0.06674385070800781
INFO:porepy.models.contact_mechanics_biot_model:Done. Elapsed time 107.26495480537415
INFO:porepy.numerics.nonlinear.nonlinear_solvers:Newton iteration number 0 of 20
DEBUG:porepy.numerics.interface_laws.contact_mechanics_interface_laws:Done. Elapsed time 0.08634233474731445
DEBUG:porepy.numerics.interface_laws.contact_mechanics_interface_laws:Done. Elapsed time 0.06707954406738281
DEBUG:porepy.models.contact_mechanics_biot_model:Max element in A 4.62e+07
DEBUG:porepy.models.contact_mechanics_biot_model:Max 5.18e+07 and min 6.22e-01 A sum.
INFO:porepy.models.contact_mechanics_biot_model:Solve Ax=b using scipy
INFO:porepy.models.contact_mechanics_biot_model:Done. Elapsed time 439.06395721435547
INFO:porepy.models.contact_mechanics_biot_model:||b-Ax|| = 1.2256278931674528e-09
INFO:porepy.models.contact_mechanics_biot_model:||b-Ax|| / ||b|| = 4.924185947045809e-09
INFO:porepy.models.contact_mechanics_biot_model:Max abs element in b 0.022395310199040598. Min abs element in b 0.0
INFO:GTS.isc_modelling.contact_mechanics_biot:diff iter u = 7.798885195017347
INFO:GTS.isc_modelling.contact_mechanics_biot:diff init u = 7.798885195017347
INFO:GTS.isc_modelling.contact_mechanics_biot:diff iter contact = 1.8029711799210618e+25
INFO:GTS.isc_modelling.contact_mechanics_biot:diff init contact = 1.8029711799210618e+25
INFO:GTS.isc_modelling.contact_mechanics_biot:diff iter scalar = 1.1162482068756362e+18
INFO:GTS.isc_modelling.contact_mechanics_biot:diff init scalar = 1.1162482068756362e+18
INFO:GTS.isc_modelling.contact_mechanics_biot:Error in contact force is 1.0
INFO:GTS.isc_modelling.contact_mechanics_biot:Error in matrix displacement is 1.0
INFO:GTS.isc_modelling.contact_mechanics_biot:Error in pressure is 1.0.
INFO:porepy.numerics.nonlinear.nonlinear_solvers:Newton iteration number 1 of 20
DEBUG:porepy.numerics.interface_laws.contact_mechanics_interface_laws:Done. Elapsed time 0.1290128231048584
DEBUG:porepy.numerics.interface_laws.contact_mechanics_interface_laws:Done. Elapsed time 0.0823967456817627
DEBUG:porepy.models.contact_mechanics_biot_model:Max element in A 4.62e+07
DEBUG:porepy.models.contact_mechanics_biot_model:Max 5.18e+07 and min 6.22e-01 A sum.
INFO:porepy.models.contact_mechanics_biot_model:Solve Ax=b using scipy
INFO:porepy.models.contact_mechanics_biot_model:Done. Elapsed time 414.7626483440399
INFO:porepy.models.contact_mechanics_biot_model:||b-Ax|| = 1.3936224810697994e-09
INFO:porepy.models.contact_mechanics_biot_model:||b-Ax|| / ||b|| = 5.599134163474402e-09
INFO:porepy.models.contact_mechanics_biot_model:Max abs element in b 0.022395310199040598. Min abs element in b 0.0
INFO:GTS.isc_modelling.contact_mechanics_biot:diff iter u = 0.00018800220754980137
INFO:GTS.isc_modelling.contact_mechanics_biot:diff init u = 7.802887091602391
INFO:GTS.isc_modelling.contact_mechanics_biot:diff iter contact = 9217978405485396.0
INFO:GTS.isc_modelling.contact_mechanics_biot:diff init contact = 1.8029722330763263e+25
INFO:GTS.isc_modelling.contact_mechanics_biot:diff iter scalar = 3758956153874659.0
INFO:GTS.isc_modelling.contact_mechanics_biot:diff init scalar = 1.1401478005220739e+18
INFO:GTS.isc_modelling.contact_mechanics_biot:Error in contact force is 5.112656887542408e-10
INFO:GTS.isc_modelling.contact_mechanics_biot:Error in matrix displacement is 2.4093928996118982e-05
INFO:GTS.isc_modelling.contact_mechanics_biot:Error in pressure is 0.003296902517509951.
INFO:porepy.numerics.nonlinear.nonlinear_solvers:Newton iteration number 2 of 20
DEBUG:porepy.numerics.interface_laws.contact_mechanics_interface_laws:Done. Elapsed time 0.10029959678649902
DEBUG:porepy.numerics.interface_laws.contact_mechanics_interface_laws:Done. Elapsed time 0.06684350967407227
DEBUG:porepy.models.contact_mechanics_biot_model:Max element in A 4.62e+07
DEBUG:porepy.models.contact_mechanics_biot_model:Max 5.18e+07 and min 6.22e-01 A sum.
INFO:porepy.models.contact_mechanics_biot_model:Solve Ax=b using scipy
INFO:porepy.models.contact_mechanics_biot_model:Done. Elapsed time 358.63741993904114
INFO:porepy.models.contact_mechanics_biot_model:||b-Ax|| = 3.53250314977024e-09
INFO:porepy.models.contact_mechanics_biot_model:||b-Ax|| / ||b|| = 1.4167613439686826e-08
INFO:porepy.models.contact_mechanics_biot_model:Max abs element in b 0.022395310199040598. Min abs element in b 0.0
INFO:GTS.isc_modelling.contact_mechanics_biot:diff iter u = 9.211714885094135e-05
INFO:GTS.isc_modelling.contact_mechanics_biot:diff init u = 7.801806404282582
INFO:GTS.isc_modelling.contact_mechanics_biot:diff iter contact = 1.1698269962457245e+17
INFO:GTS.isc_modelling.contact_mechanics_biot:diff init contact = 1.8029817432499218e+25
INFO:GTS.isc_modelling.contact_mechanics_biot:diff iter scalar = 4045684250427158.0
INFO:GTS.isc_modelling.contact_mechanics_biot:diff init scalar = 1.124873835739282e+18
INFO:GTS.isc_modelling.contact_mechanics_biot:Error in contact force is 6.488290858326057e-09
INFO:GTS.isc_modelling.contact_mechanics_biot:Error in matrix displacement is 1.1807156455507052e-05
INFO:GTS.isc_modelling.contact_mechanics_biot:Error in pressure is 0.0035965671188078444.
INFO:porepy.numerics.nonlinear.nonlinear_solvers:Newton iteration number 3 of 20
DEBUG:porepy.numerics.interface_laws.contact_mechanics_interface_laws:Done. Elapsed time 0.10695004463195801
DEBUG:porepy.numerics.interface_laws.contact_mechanics_interface_laws:Done. Elapsed time 0.0725710391998291
DEBUG:porepy.models.contact_mechanics_biot_model:Max element in A 4.62e+07
DEBUG:porepy.models.contact_mechanics_biot_model:Max 5.18e+07 and min 6.22e-01 A sum.
INFO:porepy.models.contact_mechanics_biot_model:Solve Ax=b using scipy
INFO:porepy.models.contact_mechanics_biot_model:Done. Elapsed time 384.906938791275
INFO:porepy.models.contact_mechanics_biot_model:||b-Ax|| = 2.5807588561313817e-09
INFO:porepy.models.contact_mechanics_biot_model:||b-Ax|| / ||b|| = 1.0365561282131907e-08
INFO:porepy.models.contact_mechanics_biot_model:Max abs element in b 0.022395310199040598. Min abs element in b 0.0
INFO:GTS.isc_modelling.contact_mechanics_biot:diff iter u = 9.359969478590346e-05
INFO:GTS.isc_modelling.contact_mechanics_biot:diff init u = 7.802306591778968
INFO:GTS.isc_modelling.contact_mechanics_biot:diff iter contact = 2.6054843033244768e+17
INFO:GTS.isc_modelling.contact_mechanics_biot:diff init contact = 1.8029758533546465e+25
INFO:GTS.isc_modelling.contact_mechanics_biot:diff iter scalar = 6424838855019958.0
INFO:GTS.isc_modelling.contact_mechanics_biot:diff init scalar = 1.1421574516123626e+18
INFO:GTS.isc_modelling.contact_mechanics_biot:Error in contact force is 1.4451021617825163e-08
INFO:GTS.isc_modelling.contact_mechanics_biot:Error in matrix displacement is 1.1996413327890289e-05
INFO:GTS.isc_modelling.contact_mechanics_biot:Error in pressure is 0.005625177899903495.
INFO:porepy.numerics.nonlinear.nonlinear_solvers:Newton iteration number 4 of 20
DEBUG:porepy.numerics.interface_laws.contact_mechanics_interface_laws:Done. Elapsed time 0.10600042343139648
DEBUG:porepy.numerics.interface_laws.contact_mechanics_interface_laws:Done. Elapsed time 0.08245038986206055
DEBUG:porepy.models.contact_mechanics_biot_model:Max element in A 4.62e+07
DEBUG:porepy.models.contact_mechanics_biot_model:Max 5.18e+07 and min 6.22e-01 A sum.
INFO:porepy.models.contact_mechanics_biot_model:Solve Ax=b using scipy
