INFO:GTS.isc_modelling.setup:Preparing setup for mechanics simulation on 2020-01-24T01:26:44+01:00
INFO:GTS.isc_modelling.setup:Visualization folder path: 
 /home/haakon/mastersproject/src/mastersproject/GTS/isc_modelling/results/default_pyamg__new_cm_scaling_and_old_errors__v2
INFO:GTS.isc_modelling.setup:Root file name of results: main_run
INFO:GTS.isc_modelling.setup:Mesh arguments: 
 {'mesh_size_frac': 15, 'mesh_size_min': 1.5, 'mesh_size_bound': 90}
INFO:GTS.isc_modelling.setup:Bounding box: 
 {'xmin': -6, 'xmax': 80, 'ymin': 55, 'ymax': 150, 'zmin': 0, 'zmax': 50}
INFO:GTS.isc_modelling.setup:Shear zones in simulation: 
 ['S1_1', 'S1_2', 'S1_3', 'S3_1', 'S3_2']
INFO:GTS.isc_modelling.setup:Variable scaling: 
 {'scalar_scale': 1, 'length_scale': 1}
INFO:GTS.isc_modelling.setup:Solver type: pyamg
INFO:GTS.isc_modelling.setup:Stress tensor: 
 [[11393046.22034133  -597621.26708787 -1842573.57669909]
 [ -597621.26708787  8873267.78285116   586150.35104884]
 [-1842573.57669909   586150.35104884 10733685.99680752]]
INFO:GTS.isc_modelling.mechanics:Running: contact mechanics on ISC dataset
INFO:GTS.ISC_data.isc:Data located at: /home/haakon/mastersproject/src/mastersproject/GTS/01BasicInputData.
INFO:GTS.isc_modelling.setup:Options for Newton solver: 
 {'max_iterations': 10, 'convergence_tol': 1e-10, 'divergence_tol': 100000.0}
INFO:GTS.isc_modelling.setup:Setup complete. Starting simulation
INFO:GTS.ISC_data.isc:Data located at: /home/haakon/mastersproject/src/mastersproject/GTS/01BasicInputData.
INFO:GTS.ISC_data.fracture:Interpolating shearzone S1_1 ...
INFO:root:Sum of pointwise relative errors: 0.0724
INFO:GTS.ISC_data.fracture:Interpolating shearzone S1_2 ...
INFO:root:Sum of pointwise relative errors: 0.1129
INFO:GTS.ISC_data.fracture:Interpolating shearzone S1_3 ...
INFO:root:Sum of pointwise relative errors: 0.0917
INFO:GTS.ISC_data.fracture:Interpolating shearzone S3_1 ...
INFO:root:Sum of pointwise relative errors: 0.0375
INFO:GTS.ISC_data.fracture:Interpolating shearzone S3_2 ...
INFO:root:Sum of pointwise relative errors: 0.0840
INFO:GTS.ISC_data.fracture:Saving vtk file of fracture network in 3D.
INFO:porepy.fracs.fractures:Find intersection between fratures
INFO:porepy.fracs.fractures:Found 18 intersections. Ellapsed time: 0.06562
INFO:porepy.fracs.fractures:Split intersections
INFO:porepy.fracs.fractures:Compile list of points and edges
INFO:porepy.fracs.fractures:Points and edges done. Elapsed time 0.00168
INFO:porepy.fracs.fractures:Uniquify points and edges, starting with 101 points, 83
                    edges
INFO:porepy.fracs.fractures:Uniquify complete. 61 points, 59 edges. Ellapsed time
                    0.04574
INFO:porepy.fracs.fractures:Remove edge intersections
DEBUG:porepy.fracs.fractures:Remove intersections from fracture 0
DEBUG:porepy.geometry.intersections:The segments are parallel
DEBUG:porepy.geometry.intersections:Lines are colinear
DEBUG:porepy.geometry.intersections:Colinear lines share a single point
DEBUG:porepy.geometry.intersections:The segments are parallel
DEBUG:porepy.geometry.intersections:Lines are colinear
DEBUG:porepy.geometry.intersections:Colinear lines share a single point
DEBUG:porepy.geometry.intersections:Segment intersection found in one point
DEBUG:porepy.geometry.intersections:Segment intersection found in one point
DEBUG:porepy.geometry.intersections:The segments are parallel
DEBUG:porepy.geometry.intersections:Lines are colinear
DEBUG:porepy.geometry.intersections:Colinear lines share a single point
DEBUG:porepy.geometry.intersections:Segment intersection found in one point
DEBUG:porepy.geometry.intersections:The segments are parallel
DEBUG:porepy.geometry.intersections:Lines are colinear
DEBUG:porepy.geometry.intersections:Colinear lines share a single point
DEBUG:porepy.geometry.intersections:The segments are parallel
DEBUG:porepy.geometry.intersections:Lines are colinear
DEBUG:porepy.geometry.intersections:Colinear lines share a single point
DEBUG:porepy.geometry.intersections:Segment intersection found in one point
DEBUG:porepy.geometry.intersections:Segment intersection found in one point
DEBUG:porepy.geometry.intersections:Segment intersection found in one point
DEBUG:porepy.geometry.intersections:Segment intersection found in one point
DEBUG:porepy.fracs.fractures:Remove intersections from fracture 1
DEBUG:porepy.geometry.intersections:The segments are parallel
DEBUG:porepy.geometry.intersections:Lines are colinear
DEBUG:porepy.geometry.intersections:Colinear lines share a single point
DEBUG:porepy.geometry.intersections:The segments are parallel
DEBUG:porepy.geometry.intersections:Lines are colinear
DEBUG:porepy.geometry.intersections:Colinear lines share a single point
DEBUG:porepy.geometry.intersections:Segment intersection found in one point
DEBUG:porepy.geometry.intersections:The segments are parallel
DEBUG:porepy.geometry.intersections:Lines are colinear
DEBUG:porepy.geometry.intersections:Colinear lines share a single point
DEBUG:porepy.geometry.intersections:Segment intersection found in one point
DEBUG:porepy.geometry.intersections:The segments are parallel
DEBUG:porepy.geometry.intersections:Lines are colinear
DEBUG:porepy.geometry.intersections:Colinear lines share a single point
DEBUG:porepy.geometry.intersections:Segment intersection found in one point
DEBUG:porepy.geometry.intersections:Segment intersection found in one point
DEBUG:porepy.geometry.intersections:Segment intersection found in one point
DEBUG:porepy.geometry.intersections:Segment intersection found in one point
DEBUG:porepy.fracs.fractures:Remove intersections from fracture 2
DEBUG:porepy.geometry.intersections:The segments are parallel
DEBUG:porepy.geometry.intersections:Lines are colinear
DEBUG:porepy.geometry.intersections:Colinear lines share a single point
DEBUG:porepy.geometry.intersections:The segments are parallel
DEBUG:porepy.geometry.intersections:Lines are colinear
DEBUG:porepy.geometry.intersections:Colinear lines share a single point
DEBUG:porepy.geometry.intersections:Segment intersection found in one point
DEBUG:porepy.geometry.intersections:The segments are parallel
DEBUG:porepy.geometry.intersections:Lines are colinear
DEBUG:porepy.geometry.intersections:Colinear lines share a single point
DEBUG:porepy.geometry.intersections:Segment intersection found in one point
DEBUG:porepy.geometry.intersections:The segments are parallel
DEBUG:porepy.geometry.intersections:Lines are colinear
DEBUG:porepy.geometry.intersections:Colinear lines share a single point
DEBUG:porepy.geometry.intersections:Segment intersection found in one point
DEBUG:porepy.geometry.intersections:The segments are parallel
DEBUG:porepy.geometry.intersections:Lines are colinear
DEBUG:porepy.geometry.intersections:Colinear lines share a single point
DEBUG:porepy.geometry.intersections:Segment intersection found in one point
DEBUG:porepy.geometry.intersections:Segment intersection found in one point
DEBUG:porepy.fracs.fractures:Remove intersections from fracture 3
DEBUG:porepy.geometry.intersections:Segment intersection found in one point
DEBUG:porepy.geometry.intersections:Segment intersection found in one point
DEBUG:porepy.geometry.intersections:Segment intersection found in one point
DEBUG:porepy.geometry.intersections:Segment intersection found in one point
DEBUG:porepy.geometry.intersections:Segment intersection found in one point
DEBUG:porepy.geometry.intersections:Segment intersection found in one point
DEBUG:porepy.geometry.intersections:Segment intersection found in one point
DEBUG:porepy.fracs.fractures:Remove intersections from fracture 4
DEBUG:porepy.geometry.intersections:The segments are parallel
DEBUG:porepy.geometry.intersections:Lines are colinear
DEBUG:porepy.geometry.intersections:Colinear lines share a single point
DEBUG:porepy.geometry.intersections:Segment intersection found in one point
DEBUG:porepy.geometry.intersections:Segment intersection found in one point
DEBUG:porepy.geometry.intersections:Segment intersection found in one point
DEBUG:porepy.geometry.intersections:Segment intersection found in one point
DEBUG:porepy.geometry.intersections:Segment intersection found in one point
DEBUG:porepy.geometry.intersections:Segment intersection found in one point
DEBUG:porepy.geometry.intersections:The segments are parallel
DEBUG:porepy.geometry.intersections:Lines are colinear
DEBUG:porepy.geometry.intersections:Colinear lines share a single point
DEBUG:porepy.geometry.intersections:Segment intersection found in one point
DEBUG:porepy.geometry.intersections:The segments are parallel
DEBUG:porepy.geometry.intersections:Lines are colinear
DEBUG:porepy.geometry.intersections:Colinear lines share a single point
DEBUG:porepy.geometry.intersections:Segment intersection found in one point
DEBUG:porepy.geometry.intersections:Segment intersection found in one point
DEBUG:porepy.geometry.intersections:Segment intersection found in one point
DEBUG:porepy.geometry.intersections:Segment intersection found in one point
DEBUG:porepy.fracs.fractures:Remove intersections from fracture 5
DEBUG:porepy.geometry.intersections:Segment intersection found in one point
DEBUG:porepy.geometry.intersections:Segment intersection found in one point
DEBUG:porepy.geometry.intersections:Segment intersection found in one point
DEBUG:porepy.geometry.intersections:Segment intersection found in one point
DEBUG:porepy.fracs.fractures:Remove intersections from fracture 6
DEBUG:porepy.geometry.intersections:Segment intersection found in one point
DEBUG:porepy.geometry.intersections:Segment intersection found in one point
DEBUG:porepy.geometry.intersections:Segment intersection found in one point
DEBUG:porepy.geometry.intersections:Segment intersection found in one point
DEBUG:porepy.fracs.fractures:Remove intersections from fracture 7
DEBUG:porepy.geometry.intersections:Segment intersection found in one point
DEBUG:porepy.geometry.intersections:Segment intersection found in one point
DEBUG:porepy.geometry.intersections:Segment intersection found in one point
DEBUG:porepy.geometry.intersections:Segment intersection found in one point
DEBUG:porepy.fracs.fractures:Remove intersections from fracture 8
DEBUG:porepy.geometry.intersections:Segment intersection found in one point
DEBUG:porepy.geometry.intersections:Segment intersection found in one point
DEBUG:porepy.geometry.intersections:Segment intersection found in one point
DEBUG:porepy.geometry.intersections:Segment intersection found in one point
DEBUG:porepy.fracs.fractures:Remove intersections from fracture 9
DEBUG:porepy.geometry.intersections:Segment intersection found in one point
DEBUG:porepy.geometry.intersections:Segment intersection found in one point
DEBUG:porepy.geometry.intersections:Segment intersection found in one point
DEBUG:porepy.geometry.intersections:Segment intersection found in one point
DEBUG:porepy.fracs.fractures:Remove intersections from fracture 10
DEBUG:porepy.geometry.intersections:Segment intersection found in one point
DEBUG:porepy.geometry.intersections:Segment intersection found in one point
DEBUG:porepy.geometry.intersections:Segment intersection found in one point
DEBUG:porepy.geometry.intersections:Segment intersection found in one point
INFO:porepy.fracs.fractures:Done with intersection removal. Elapsed time 0.22020
INFO:porepy.fracs.fractures:Uniquify points and edges, starting with 61 points, 71
                    edges
INFO:porepy.fracs.fractures:Uniquify complete. 61 points, 71 edges. Ellapsed time
                    0.04140
INFO:porepy.fracs.fractures:Finished fracture splitting after 0.34432 seconds
INFO:porepy.fracs.fractures:Minimal distance between points encountered is 0.7525996891276256
INFO:porepy.fracs.fractures:Gmsh completed with status 0
INFO:porepy.fracs.simplex:Grid creation completed. Elapsed time 0.15187621116638184
INFO:porepy.fracs.simplex:Created 1 3-d grids with 5035 cells
INFO:porepy.fracs.simplex:Created 5 2-d grids with 1195 cells
INFO:porepy.fracs.simplex:Created 6 1-d grids with 29 cells
INFO:porepy.fracs.meshing:Assemble in bucket
INFO:porepy.fracs.meshing:Done. Elapsed time 0.17868661880493164
INFO:porepy.fracs.meshing:Compute geometry
INFO:porepy.fracs.meshing:Done. Elapsed time 0.08613467216491699
INFO:porepy.fracs.meshing:Split fractures
INFO:porepy.fracs.meshing:Done. Elapsed time 2.20072603225708
