INFO:GTS.isc_modelling.setup:Preparing setup for mechanics simulation on 2020-02-07T03:52:28+01:00
INFO:GTS.isc_modelling.setup:Visualization folder path: 
 /home/haakon/mastersproject/src/mastersproject/GTS/isc_modelling/results/ETH_present/mechanics/mechanics_1
INFO:GTS.isc_modelling.setup:Root file name of results: main_run
INFO:GTS.isc_modelling.setup:Mesh arguments: 
 {'mesh_size_frac': 10, 'mesh_size_min': 10, 'mesh_size_bound': 10}
INFO:GTS.isc_modelling.setup:Bounding box: 
 {'xmin': -6, 'xmax': 80, 'ymin': 55, 'ymax': 150, 'zmin': 0, 'zmax': 50}
INFO:GTS.isc_modelling.setup:Shear zones in simulation: 
 ['S1_1', 'S1_2', 'S1_3', 'S3_1', 'S3_2']
INFO:GTS.isc_modelling.setup:Variable scaling: 
 {'scalar_scale': 1, 'length_scale': 1}
INFO:GTS.isc_modelling.setup:Solver type: direct
INFO:GTS.isc_modelling.setup:Stress tensor: 
 [[11393046.22034133  -597621.26708787 -1842573.57669909]
 [ -597621.26708787  8873267.78285116   586150.35104884]
 [-1842573.57669909   586150.35104884 10733685.99680752]]
INFO:GTS.isc_modelling.mechanics:Running: contact mechanics on ISC dataset
INFO:GTS.ISC_data.isc:Data located at: /home/haakon/mastersproject/src/mastersproject/GTS/01BasicInputData.
INFO:GTS.isc_modelling.setup:Options for Newton solver: 
 {'max_iterations': 10, 'nl_convergence_tol': 1e-10, 'nl_divergence_tol': 100000.0}
INFO:GTS.isc_modelling.setup:Setup complete. Starting simulation
INFO:GTS.ISC_data.isc:Data located at: /home/haakon/mastersproject/src/mastersproject/GTS/01BasicInputData.
INFO:GTS.ISC_data.fracture:Interpolating shearzone S1_1 ...
INFO:GTS.ISC_data.fracture:Interpolating shearzone S1_2 ...
INFO:GTS.ISC_data.fracture:Interpolating shearzone S1_3 ...
INFO:GTS.ISC_data.fracture:Interpolating shearzone S3_1 ...
INFO:GTS.ISC_data.fracture:Interpolating shearzone S3_2 ...
INFO:GTS.ISC_data.fracture:Saving vtk file of fracture network in 3D.
INFO:porepy.fracs.fractures:Find intersection between fratures
INFO:porepy.fracs.fractures:Found 18 intersections. Ellapsed time: 0.02224
INFO:porepy.fracs.fractures:Split intersections
INFO:porepy.fracs.fractures:Compile list of points and edges
INFO:porepy.fracs.fractures:Points and edges done. Elapsed time 0.00083
INFO:porepy.fracs.fractures:Uniquify points and edges, starting with 88 points, 70
                    edges
INFO:porepy.fracs.fractures:Uniquify complete. 48 points, 46 edges. Ellapsed time
                    0.02684
INFO:porepy.fracs.fractures:Remove edge intersections
DEBUG:porepy.fracs.fractures:Remove intersections from fracture 0
DEBUG:porepy.geometry.intersections:The segments are parallel
DEBUG:porepy.geometry.intersections:Lines are colinear
DEBUG:porepy.geometry.intersections:Colinear lines share a single point
DEBUG:porepy.geometry.intersections:The segments are parallel
DEBUG:porepy.geometry.intersections:Lines are colinear
DEBUG:porepy.geometry.intersections:Colinear lines share a single point
DEBUG:porepy.geometry.intersections:Segment intersection found in one point
DEBUG:porepy.geometry.intersections:Segment intersection found in one point
DEBUG:porepy.geometry.intersections:Segment intersection found in one point
DEBUG:porepy.geometry.intersections:Segment intersection found in one point
DEBUG:porepy.geometry.intersections:Segment intersection found in one point
DEBUG:porepy.geometry.intersections:Segment intersection found in one point
DEBUG:porepy.geometry.intersections:Segment intersection found in one point
DEBUG:porepy.fracs.fractures:Remove intersections from fracture 1
DEBUG:porepy.geometry.intersections:The segments are parallel
DEBUG:porepy.geometry.intersections:Lines are colinear
DEBUG:porepy.geometry.intersections:Colinear lines share a single point
DEBUG:porepy.geometry.intersections:Segment intersection found in one point
DEBUG:porepy.geometry.intersections:Segment intersection found in one point
DEBUG:porepy.geometry.intersections:The segments are parallel
DEBUG:porepy.geometry.intersections:Lines are colinear
DEBUG:porepy.geometry.intersections:Colinear lines share a single point
DEBUG:porepy.geometry.intersections:Segment intersection found in one point
DEBUG:porepy.geometry.intersections:Segment intersection found in one point
DEBUG:porepy.geometry.intersections:Segment intersection found in one point
DEBUG:porepy.geometry.intersections:Segment intersection found in one point
DEBUG:porepy.fracs.fractures:Remove intersections from fracture 2
DEBUG:porepy.geometry.intersections:Segment intersection found in one point
DEBUG:porepy.geometry.intersections:Segment intersection found in one point
DEBUG:porepy.geometry.intersections:Segment intersection found in one point
DEBUG:porepy.geometry.intersections:Segment intersection found in one point
DEBUG:porepy.geometry.intersections:Segment intersection found in one point
DEBUG:porepy.fracs.fractures:Remove intersections from fracture 3
DEBUG:porepy.geometry.intersections:Segment intersection found in one point
DEBUG:porepy.geometry.intersections:Segment intersection found in one point
DEBUG:porepy.geometry.intersections:Segment intersection found in one point
DEBUG:porepy.geometry.intersections:Segment intersection found in one point
DEBUG:porepy.geometry.intersections:Segment intersection found in one point
DEBUG:porepy.geometry.intersections:Segment intersection found in one point
DEBUG:porepy.geometry.intersections:Segment intersection found in one point
DEBUG:porepy.fracs.fractures:Remove intersections from fracture 4
DEBUG:porepy.geometry.intersections:Segment intersection found in one point
DEBUG:porepy.geometry.intersections:Segment intersection found in one point
DEBUG:porepy.geometry.intersections:Segment intersection found in one point
DEBUG:porepy.geometry.intersections:Segment intersection found in one point
DEBUG:porepy.geometry.intersections:Segment intersection found in one point
DEBUG:porepy.geometry.intersections:Segment intersection found in one point
DEBUG:porepy.geometry.intersections:Segment intersection found in one point
DEBUG:porepy.geometry.intersections:Segment intersection found in one point
DEBUG:porepy.geometry.intersections:Segment intersection found in one point
DEBUG:porepy.geometry.intersections:Segment intersection found in one point
DEBUG:porepy.geometry.intersections:Segment intersection found in one point
DEBUG:porepy.fracs.fractures:Remove intersections from fracture 5
DEBUG:porepy.geometry.intersections:Segment intersection found in one point
DEBUG:porepy.geometry.intersections:Segment intersection found in one point
DEBUG:porepy.geometry.intersections:Segment intersection found in one point
DEBUG:porepy.geometry.intersections:Segment intersection found in one point
DEBUG:porepy.fracs.fractures:Remove intersections from fracture 6
DEBUG:porepy.geometry.intersections:Segment intersection found in one point
DEBUG:porepy.geometry.intersections:Segment intersection found in one point
DEBUG:porepy.geometry.intersections:Segment intersection found in one point
DEBUG:porepy.geometry.intersections:Segment intersection found in one point
DEBUG:porepy.fracs.fractures:Remove intersections from fracture 7
DEBUG:porepy.geometry.intersections:Segment intersection found in one point
DEBUG:porepy.geometry.intersections:Segment intersection found in one point
DEBUG:porepy.geometry.intersections:Segment intersection found in one point
DEBUG:porepy.geometry.intersections:Segment intersection found in one point
DEBUG:porepy.fracs.fractures:Remove intersections from fracture 8
DEBUG:porepy.geometry.intersections:Segment intersection found in one point
DEBUG:porepy.geometry.intersections:Segment intersection found in one point
DEBUG:porepy.geometry.intersections:Segment intersection found in one point
DEBUG:porepy.geometry.intersections:Segment intersection found in one point
DEBUG:porepy.fracs.fractures:Remove intersections from fracture 9
DEBUG:porepy.geometry.intersections:Segment intersection found in one point
DEBUG:porepy.geometry.intersections:Segment intersection found in one point
DEBUG:porepy.geometry.intersections:Segment intersection found in one point
DEBUG:porepy.geometry.intersections:Segment intersection found in one point
DEBUG:porepy.fracs.fractures:Remove intersections from fracture 10
DEBUG:porepy.geometry.intersections:Segment intersection found in one point
DEBUG:porepy.geometry.intersections:Segment intersection found in one point
DEBUG:porepy.geometry.intersections:Segment intersection found in one point
DEBUG:porepy.geometry.intersections:Segment intersection found in one point
INFO:porepy.fracs.fractures:Done with intersection removal. Elapsed time 0.10872
INFO:porepy.fracs.fractures:Uniquify points and edges, starting with 48 points, 58
                    edges
INFO:porepy.fracs.fractures:Uniquify complete. 48 points, 58 edges. Ellapsed time
                    0.02505
INFO:porepy.fracs.fractures:Finished fracture splitting after 0.18638 seconds
INFO:porepy.fracs.fractures:Minimal distance between points encountered is 1.1968328995976483
INFO:porepy.fracs.fractures:Gmsh completed with status 0
INFO:porepy.fracs.simplex:Grid creation completed. Elapsed time 0.08314990997314453
INFO:porepy.fracs.simplex:Created 1 3-d grids with 3289 cells
INFO:porepy.fracs.simplex:Created 5 2-d grids with 272 cells
INFO:porepy.fracs.simplex:Created 6 1-d grids with 12 cells
INFO:porepy.fracs.meshing:Assemble in bucket
INFO:porepy.fracs.meshing:Done. Elapsed time 0.10007596015930176
INFO:porepy.fracs.meshing:Compute geometry
INFO:porepy.fracs.meshing:Done. Elapsed time 0.04402613639831543
INFO:porepy.fracs.meshing:Split fractures
INFO:porepy.fracs.meshing:Done. Elapsed time 0.5443019866943359
INFO:porepy.models.contact_mechanics_model:Discretize
INFO:porepy.numerics.fv.mpsa:Split MPSA discretization into 1 parts
DEBUG:porepy.numerics.fv.mpsa:number of ncasym eliminated: 1563
DEBUG:porepy.numerics.fv.mpsa:max igrad: 138.10451445421748
INFO:porepy.numerics.fv.mpsa:Done with subproblem 0. Elapsed time 11.375386714935303
DEBUG:porepy.numerics.interface_laws.contact_mechanics_interface_laws:Done. Elapsed time 0.01456451416015625
DEBUG:porepy.numerics.interface_laws.contact_mechanics_interface_laws:Done. Elapsed time 0.014737129211425781
DEBUG:porepy.numerics.interface_laws.contact_mechanics_interface_laws:Done. Elapsed time 0.016617298126220703
DEBUG:porepy.numerics.interface_laws.contact_mechanics_interface_laws:Done. Elapsed time 0.015114307403564453
DEBUG:porepy.numerics.interface_laws.contact_mechanics_interface_laws:Done. Elapsed time 0.014394044876098633
INFO:porepy.models.contact_mechanics_model:Done. Elapsed time 11.963115215301514
INFO:porepy.models.contact_mechanics_model:Initialize linear solver
INFO:porepy.models.contact_mechanics_model:Linear solver initialized. Elapsed time 6.604194641113281e-05
INFO:porepy.viz.exporter:Construct 3d grid information using numba
INFO:porepy.numerics.nonlinear.nonlinear_solvers:Newton params: {'max_iterations': 10, 'nl_convergence_tol': 1e-10, 'nl_divergence_tol': 100000.0}
INFO:porepy.numerics.nonlinear.nonlinear_solvers:Newton iteration number 0 of 10
DEBUG:porepy.numerics.interface_laws.contact_mechanics_interface_laws:Done. Elapsed time 0.01646280288696289
DEBUG:porepy.numerics.interface_laws.contact_mechanics_interface_laws:Done. Elapsed time 0.013788461685180664
DEBUG:porepy.numerics.interface_laws.contact_mechanics_interface_laws:Done. Elapsed time 0.014693975448608398
DEBUG:porepy.numerics.interface_laws.contact_mechanics_interface_laws:Done. Elapsed time 0.014154434204101562
DEBUG:porepy.numerics.interface_laws.contact_mechanics_interface_laws:Done. Elapsed time 0.012655019760131836
DEBUG:porepy.models.contact_mechanics_model:Max element in A 2.76e+13
DEBUG:porepy.models.contact_mechanics_model:Max 1.13e+14 and min 2.76e+00 A sum.
INFO:porepy.models.contact_mechanics_model:Error in contact force is 1.0
INFO:porepy.models.contact_mechanics_model:Error in matrix displacement is 1.0
INFO:porepy.numerics.nonlinear.nonlinear_solvers:Newton iteration number 1 of 10
DEBUG:porepy.numerics.interface_laws.contact_mechanics_interface_laws:Done. Elapsed time 0.015132427215576172
DEBUG:porepy.numerics.interface_laws.contact_mechanics_interface_laws:Done. Elapsed time 0.018688440322875977
DEBUG:porepy.numerics.interface_laws.contact_mechanics_interface_laws:Done. Elapsed time 0.016305208206176758
DEBUG:porepy.numerics.interface_laws.contact_mechanics_interface_laws:Done. Elapsed time 0.021159648895263672
DEBUG:porepy.numerics.interface_laws.contact_mechanics_interface_laws:Done. Elapsed time 0.013318777084350586
DEBUG:porepy.models.contact_mechanics_model:Max element in A 2.76e+13
DEBUG:porepy.models.contact_mechanics_model:Max 1.13e+14 and min 1.00e+00 A sum.
INFO:porepy.models.contact_mechanics_model:Error in contact force is 3.449799005212121e+16
INFO:porepy.models.contact_mechanics_model:Error in matrix displacement is 0.18023725875949712
INFO:porepy.numerics.nonlinear.nonlinear_solvers:Newton iteration number 2 of 10
DEBUG:porepy.numerics.interface_laws.contact_mechanics_interface_laws:Done. Elapsed time 0.017661571502685547
DEBUG:porepy.numerics.interface_laws.contact_mechanics_interface_laws:Done. Elapsed time 0.024176359176635742
DEBUG:porepy.numerics.interface_laws.contact_mechanics_interface_laws:Done. Elapsed time 0.019878864288330078
DEBUG:porepy.numerics.interface_laws.contact_mechanics_interface_laws:Done. Elapsed time 0.02751779556274414
DEBUG:porepy.numerics.interface_laws.contact_mechanics_interface_laws:Done. Elapsed time 0.013355731964111328
DEBUG:porepy.models.contact_mechanics_model:Max element in A 2.76e+13
DEBUG:porepy.models.contact_mechanics_model:Max 1.13e+14 and min 1.00e+00 A sum.
INFO:porepy.models.contact_mechanics_model:Error in contact force is 0.0
INFO:porepy.models.contact_mechanics_model:Error in matrix displacement is 0.0
INFO:GTS.isc_modelling.setup:Simulation complete. Exporting solution.
INFO:GTS.isc_modelling.setup:Solution exported to folder 
 /home/haakon/mastersproject/src/mastersproject/GTS/isc_modelling/results/ETH_present/mechanics/mechanics_1
INFO:GTS.isc_modelling.setup:Exits method on 2020-02-07T03:53:28+01:00
