INFO:GTS.isc_modelling.setup:Preparing setup for mechanics simulation on 2020-02-20T17:41:13+01:00
INFO:GTS.isc_modelling.setup:Visualization folder path: 
 /home/haakon/mastersproject/src/mastersproject/GTS/isc_modelling/results/200220/S1_1_S3_1/length_scaling/ls_1__sz_20
INFO:GTS.isc_modelling.setup:Mesh arguments: 
 {'mesh_size_frac': 20, 'mesh_size_min': 2.0, 'mesh_size_bound': 120}
INFO:GTS.isc_modelling.setup:Bounding box: 
 {'xmin': -20, 'xmax': 80, 'ymin': 50, 'ymax': 150, 'zmin': -25, 'zmax': 75}
INFO:GTS.isc_modelling.setup:Shear zones in simulation: 
 ['S1_1', 'S3_1']
INFO:GTS.isc_modelling.setup:Non-default length scale: 1
INFO:GTS.isc_modelling.setup:Non-default scalar scale: 100000000000.0
INFO:GTS.isc_modelling.setup:Solver type: direct
INFO:GTS.isc_modelling.setup:Injection location: 
 {'shearzone': 'S1_2', 'borehole': 'INJ1'}
INFO:GTS.isc_modelling.setup:Stress tensor: 
 [[-11393046.22034133    597621.26708787   1842573.57669909]
 [   597621.26708787  -8873267.78285116   -586150.35104884]
 [  1842573.57669909   -586150.35104884 -10733685.99680752]]
INFO:GTS.isc_modelling.contact_mechanics_biot:Initializing contact mechanics biot on ISC dataset
INFO:GTS.isc_modelling.mechanics:Initializing contact mechanics on ISC dataset
INFO:GTS.ISC_data.isc:GTS-ISC data located at: /home/haakon/mastersproject/src/mastersproject/GTS/01BasicInputData.
INFO:GTS.isc_modelling.setup:Options for Newton solver: 
 {'max_iterations': 20, 'nl_convergence_tol': 1e-10, 'nl_divergence_tol': 100000.0}
INFO:GTS.isc_modelling.setup:Setup complete. Starting time-dependent simulation
INFO:GTS.ISC_data.isc:GTS-ISC data located at: /home/haakon/mastersproject/src/mastersproject/GTS/01BasicInputData.
INFO:GTS.ISC_data.fracture:Interpolating shearzone S1_1 ...
INFO:GTS.ISC_data.fracture:Interpolating shearzone S3_1 ...
INFO:GTS.ISC_data.fracture:Saving vtk file of fracture network in 3D.
INFO:porepy.fracs.fractures:Find intersection between fratures
INFO:porepy.fracs.fractures:Found 13 intersections. Ellapsed time: 0.01700
INFO:porepy.fracs.fractures:Split intersections
INFO:porepy.fracs.fractures:Compile list of points and edges
INFO:porepy.fracs.fractures:Points and edges done. Elapsed time 0.00070
INFO:porepy.fracs.fractures:Uniquify points and edges, starting with 58 points, 45
                    edges
INFO:porepy.fracs.fractures:Uniquify complete. 18 points, 21 edges. Ellapsed time
                    0.01556
INFO:porepy.fracs.fractures:Remove edge intersections
DEBUG:porepy.fracs.fractures:Remove intersections from fracture 0
DEBUG:porepy.geometry.intersections:Segment intersection found in one point
DEBUG:porepy.geometry.intersections:Segment intersection found in one point
DEBUG:porepy.geometry.intersections:Segment intersection found in one point
DEBUG:porepy.geometry.intersections:Segment intersection found in one point
DEBUG:porepy.geometry.intersections:Segment intersection found in one point
DEBUG:porepy.geometry.intersections:Segment intersection found in one point
DEBUG:porepy.fracs.fractures:Remove intersections from fracture 1
DEBUG:porepy.geometry.intersections:Segment intersection found in one point
DEBUG:porepy.geometry.intersections:Segment intersection found in one point
DEBUG:porepy.geometry.intersections:Segment intersection found in one point
DEBUG:porepy.geometry.intersections:Segment intersection found in one point
DEBUG:porepy.fracs.fractures:Remove intersections from fracture 2
DEBUG:porepy.geometry.intersections:Segment intersection found in one point
DEBUG:porepy.geometry.intersections:Segment intersection found in one point
DEBUG:porepy.geometry.intersections:Segment intersection found in one point
DEBUG:porepy.geometry.intersections:Segment intersection found in one point
DEBUG:porepy.fracs.fractures:Remove intersections from fracture 3
DEBUG:porepy.geometry.intersections:Segment intersection found in one point
DEBUG:porepy.geometry.intersections:Segment intersection found in one point
DEBUG:porepy.geometry.intersections:Segment intersection found in one point
DEBUG:porepy.geometry.intersections:Segment intersection found in one point
DEBUG:porepy.fracs.fractures:Remove intersections from fracture 4
DEBUG:porepy.geometry.intersections:Segment intersection found in one point
DEBUG:porepy.geometry.intersections:Segment intersection found in one point
DEBUG:porepy.geometry.intersections:Segment intersection found in one point
DEBUG:porepy.geometry.intersections:Segment intersection found in one point
DEBUG:porepy.fracs.fractures:Remove intersections from fracture 5
DEBUG:porepy.geometry.intersections:Segment intersection found in one point
DEBUG:porepy.geometry.intersections:Segment intersection found in one point
DEBUG:porepy.geometry.intersections:Segment intersection found in one point
DEBUG:porepy.geometry.intersections:Segment intersection found in one point
DEBUG:porepy.fracs.fractures:Remove intersections from fracture 6
DEBUG:porepy.geometry.intersections:Segment intersection found in one point
DEBUG:porepy.geometry.intersections:Segment intersection found in one point
DEBUG:porepy.geometry.intersections:Segment intersection found in one point
DEBUG:porepy.geometry.intersections:Segment intersection found in one point
DEBUG:porepy.fracs.fractures:Remove intersections from fracture 7
DEBUG:porepy.geometry.intersections:Segment intersection found in one point
DEBUG:porepy.geometry.intersections:Segment intersection found in one point
DEBUG:porepy.geometry.intersections:Segment intersection found in one point
DEBUG:porepy.geometry.intersections:Segment intersection found in one point
INFO:porepy.fracs.fractures:Done with intersection removal. Elapsed time 0.05805
INFO:porepy.fracs.fractures:Uniquify points and edges, starting with 18 points, 23
                    edges
INFO:porepy.fracs.fractures:Uniquify complete. 18 points, 23 edges. Ellapsed time
                    0.01397
INFO:porepy.fracs.fractures:Finished fracture splitting after 0.10133 seconds
INFO:porepy.fracs.fractures:Minimal distance between points encountered is 5.974325939999574
INFO:porepy.fracs.fractures:Gmsh completed with status 0
INFO:porepy.fracs.simplex:Grid creation completed. Elapsed time 0.027014732360839844
INFO:porepy.fracs.simplex:Created 1 3-d grids with 546 cells
INFO:porepy.fracs.simplex:Created 2 2-d grids with 72 cells
INFO:porepy.fracs.simplex:Created 1 1-d grids with 3 cells
INFO:porepy.fracs.meshing:Assemble in bucket
INFO:porepy.fracs.meshing:Done. Elapsed time 0.010655403137207031
INFO:porepy.fracs.meshing:Compute geometry
INFO:porepy.fracs.meshing:Done. Elapsed time 0.009829044342041016
INFO:porepy.fracs.meshing:Split fractures
INFO:porepy.fracs.meshing:Done. Elapsed time 0.14212250709533691
INFO:porepy.models.contact_mechanics_biot_model:Discretize
INFO:porepy.numerics.fv.mpsa:Split MPSA discretization into 1 parts
DEBUG:porepy.numerics.fv.mpsa:number of ncasym eliminated: 144
DEBUG:porepy.numerics.fv.mpsa:max igrad: 18.53547962036103
INFO:porepy.numerics.fv.biot:Done with subproblem 0. Elapsed time 8.531194925308228
DEBUG:porepy.numerics.interface_laws.contact_mechanics_interface_laws:Done. Elapsed time 0.012609720230102539
DEBUG:porepy.numerics.interface_laws.contact_mechanics_interface_laws:Done. Elapsed time 0.013165712356567383
DEBUG:porepy.numerics.interface_laws.contact_mechanics_interface_laws:Done. Elapsed time 0.015061140060424805
DEBUG:porepy.numerics.interface_laws.contact_mechanics_interface_laws:Done. Elapsed time 0.013002634048461914
DEBUG:porepy.numerics.interface_laws.contact_mechanics_interface_laws:Done. Elapsed time 0.012703180313110352
DEBUG:porepy.numerics.interface_laws.contact_mechanics_interface_laws:Done. Elapsed time 0.013810396194458008
DEBUG:porepy.numerics.interface_laws.contact_mechanics_interface_laws:Done. Elapsed time 0.014840841293334961
DEBUG:porepy.numerics.interface_laws.contact_mechanics_interface_laws:Done. Elapsed time 0.011876821517944336
INFO:porepy.models.contact_mechanics_biot_model:Done. Elapsed time 15.455021858215332
INFO:porepy.viz.exporter:Construct 3d grid information using pure python
INFO:porepy.models.run_models:
Time step 1 at time -1.1e+04 of 0.0e+00 with time step 1.1e+04
INFO:porepy.models.contact_mechanics_biot_model:Discretize
INFO:porepy.numerics.fv.mpsa:Split MPSA discretization into 1 parts
DEBUG:porepy.numerics.fv.mpsa:number of ncasym eliminated: 144
DEBUG:porepy.numerics.fv.mpsa:max igrad: 18.53547962036103
INFO:porepy.numerics.fv.biot:Done with subproblem 0. Elapsed time 10.342019081115723
DEBUG:porepy.numerics.interface_laws.contact_mechanics_interface_laws:Done. Elapsed time 0.013336658477783203
DEBUG:porepy.numerics.interface_laws.contact_mechanics_interface_laws:Done. Elapsed time 0.017695188522338867
DEBUG:porepy.numerics.interface_laws.contact_mechanics_interface_laws:Done. Elapsed time 0.013022899627685547
DEBUG:porepy.numerics.interface_laws.contact_mechanics_interface_laws:Done. Elapsed time 0.01303553581237793
DEBUG:porepy.numerics.interface_laws.contact_mechanics_interface_laws:Done. Elapsed time 0.012501001358032227
DEBUG:porepy.numerics.interface_laws.contact_mechanics_interface_laws:Done. Elapsed time 0.014703750610351562
DEBUG:porepy.numerics.interface_laws.contact_mechanics_interface_laws:Done. Elapsed time 0.020665645599365234
DEBUG:porepy.numerics.interface_laws.contact_mechanics_interface_laws:Done. Elapsed time 0.021651506423950195
INFO:porepy.models.contact_mechanics_biot_model:Done. Elapsed time 16.179454565048218
INFO:porepy.numerics.nonlinear.nonlinear_solvers:Newton iteration number 0 of 20
DEBUG:porepy.numerics.interface_laws.contact_mechanics_interface_laws:Done. Elapsed time 0.011868000030517578
DEBUG:porepy.numerics.interface_laws.contact_mechanics_interface_laws:Done. Elapsed time 0.020912647247314453
DEBUG:porepy.models.contact_mechanics_biot_model:Max element in A 2.58e+07
DEBUG:porepy.models.contact_mechanics_biot_model:Max 2.68e+07 and min 2.00e+00 A sum.
INFO:porepy.models.contact_mechanics_biot_model:Solve Ax=b using scipy
INFO:porepy.models.contact_mechanics_biot_model:Done. Elapsed time 2.24070143699646
INFO:porepy.models.contact_mechanics_biot_model:||b-Ax|| = 1.57533674169767e-10
INFO:porepy.models.contact_mechanics_biot_model:||b-Ax|| / ||b|| = 4.5720814229403783e-10
INFO:porepy.models.contact_mechanics_biot_model:Max abs element in b 0.0425153296204004. Min abs element in b 0.0
INFO:GTS.isc_modelling.contact_mechanics_biot:diff iter u = 0.1404239404435188
INFO:GTS.isc_modelling.contact_mechanics_biot:diff init u = 0.1404239404435188
INFO:GTS.isc_modelling.contact_mechanics_biot:diff iter contact = 7.198923840752629e+23
INFO:GTS.isc_modelling.contact_mechanics_biot:diff init contact = 7.198923840752629e+23
INFO:GTS.isc_modelling.contact_mechanics_biot:diff iter scalar = 5.123758784473054e+16
INFO:GTS.isc_modelling.contact_mechanics_biot:diff init scalar = 5.123758784473054e+16
INFO:GTS.isc_modelling.contact_mechanics_biot:Error in contact force is 1.0
INFO:GTS.isc_modelling.contact_mechanics_biot:Error in matrix displacement is 1.0
INFO:GTS.isc_modelling.contact_mechanics_biot:Error in pressure is 1.0.
INFO:porepy.numerics.nonlinear.nonlinear_solvers:Newton iteration number 1 of 20
DEBUG:porepy.numerics.interface_laws.contact_mechanics_interface_laws:Done. Elapsed time 0.0316469669342041
DEBUG:porepy.numerics.interface_laws.contact_mechanics_interface_laws:Done. Elapsed time 0.029599905014038086
DEBUG:porepy.models.contact_mechanics_biot_model:Max element in A 2.58e+07
DEBUG:porepy.models.contact_mechanics_biot_model:Max 2.68e+07 and min 1.00e+00 A sum.
INFO:porepy.models.contact_mechanics_biot_model:Solve Ax=b using scipy
INFO:porepy.models.contact_mechanics_biot_model:Done. Elapsed time 2.7511565685272217
INFO:porepy.models.contact_mechanics_biot_model:||b-Ax|| = 9.311027122127438e-11
INFO:porepy.models.contact_mechanics_biot_model:||b-Ax|| / ||b|| = 2.702326010765801e-10
INFO:porepy.models.contact_mechanics_biot_model:Max abs element in b 0.0425153296204004. Min abs element in b 0.0
INFO:GTS.isc_modelling.contact_mechanics_biot:diff iter u = 0.00010489070652261722
INFO:GTS.isc_modelling.contact_mechanics_biot:diff init u = 0.14132832154609412
INFO:GTS.isc_modelling.contact_mechanics_biot:diff iter contact = 1.1752945726308683e+17
INFO:GTS.isc_modelling.contact_mechanics_biot:diff init contact = 7.197701785243936e+23
INFO:GTS.isc_modelling.contact_mechanics_biot:diff iter scalar = 62473671979825.98
INFO:GTS.isc_modelling.contact_mechanics_biot:diff init scalar = 5.060722318790406e+16
INFO:GTS.isc_modelling.contact_mechanics_biot:Error in contact force is 1.6328747810034986e-07
INFO:GTS.isc_modelling.contact_mechanics_biot:Error in matrix displacement is 0.0007421775435747123
INFO:GTS.isc_modelling.contact_mechanics_biot:Error in pressure is 0.0012344813258744097.
INFO:porepy.numerics.nonlinear.nonlinear_solvers:Newton iteration number 2 of 20
DEBUG:porepy.numerics.interface_laws.contact_mechanics_interface_laws:Done. Elapsed time 0.07124757766723633
DEBUG:porepy.numerics.interface_laws.contact_mechanics_interface_laws:Done. Elapsed time 0.036595821380615234
DEBUG:porepy.models.contact_mechanics_biot_model:Max element in A 2.58e+07
DEBUG:porepy.models.contact_mechanics_biot_model:Max 2.68e+07 and min 1.00e+00 A sum.
INFO:porepy.models.contact_mechanics_biot_model:Solve Ax=b using scipy
INFO:porepy.models.contact_mechanics_biot_model:Done. Elapsed time 2.9146084785461426
INFO:porepy.models.contact_mechanics_biot_model:||b-Ax|| = 1.115927723059783e-10
INFO:porepy.models.contact_mechanics_biot_model:||b-Ax|| / ||b|| = 3.238609173750846e-10
INFO:porepy.models.contact_mechanics_biot_model:Max abs element in b 0.0425153296204004. Min abs element in b 0.0
INFO:GTS.isc_modelling.contact_mechanics_biot:diff iter u = 1.4170928041354635e-06
INFO:GTS.isc_modelling.contact_mechanics_biot:diff init u = 0.14141030435156132
INFO:GTS.isc_modelling.contact_mechanics_biot:diff iter contact = 7345612278392552.0
INFO:GTS.isc_modelling.contact_mechanics_biot:diff init contact = 7.196821980716086e+23
INFO:GTS.isc_modelling.contact_mechanics_biot:diff iter scalar = 8793393585442.927
INFO:GTS.isc_modelling.contact_mechanics_biot:diff init scalar = 5.0715814773617656e+16
INFO:GTS.isc_modelling.contact_mechanics_biot:Error in contact force is 1.0206744446472555e-08
INFO:GTS.isc_modelling.contact_mechanics_biot:Error in matrix displacement is 1.0021142452337967e-05
INFO:GTS.isc_modelling.contact_mechanics_biot:Error in pressure is 0.00017338563177372526.
INFO:porepy.numerics.nonlinear.nonlinear_solvers:Newton iteration number 3 of 20
DEBUG:porepy.numerics.interface_laws.contact_mechanics_interface_laws:Done. Elapsed time 0.055608510971069336
DEBUG:porepy.numerics.interface_laws.contact_mechanics_interface_laws:Done. Elapsed time 0.027666568756103516
DEBUG:porepy.models.contact_mechanics_biot_model:Max element in A 2.58e+07
DEBUG:porepy.models.contact_mechanics_biot_model:Max 2.68e+07 and min 1.00e+00 A sum.
INFO:porepy.models.contact_mechanics_biot_model:Solve Ax=b using scipy
INFO:porepy.models.contact_mechanics_biot_model:Done. Elapsed time 2.306133270263672
INFO:porepy.models.contact_mechanics_biot_model:||b-Ax|| = 1.3262598883212394e-10
INFO:porepy.models.contact_mechanics_biot_model:||b-Ax|| / ||b|| = 3.8490300895608845e-10
INFO:porepy.models.contact_mechanics_biot_model:Max abs element in b 0.0425153296204004. Min abs element in b 0.0
INFO:GTS.isc_modelling.contact_mechanics_biot:diff iter u = 2.179234538076304e-06
INFO:GTS.isc_modelling.contact_mechanics_biot:diff init u = 0.14125503696358244
INFO:GTS.isc_modelling.contact_mechanics_biot:diff iter contact = 1.1752665204686378e+16
INFO:GTS.isc_modelling.contact_mechanics_biot:diff init contact = 7.196223356123162e+23
INFO:GTS.isc_modelling.contact_mechanics_biot:diff iter scalar = 17063433574919.447
INFO:GTS.isc_modelling.contact_mechanics_biot:diff init scalar = 5.088028019829178e+16
INFO:GTS.isc_modelling.contact_mechanics_biot:Error in contact force is 1.633171265409127e-08
INFO:GTS.isc_modelling.contact_mechanics_biot:Error in matrix displacement is 1.5427658970052458e-05
INFO:GTS.isc_modelling.contact_mechanics_biot:Error in pressure is 0.00033536437905647235.
INFO:porepy.numerics.nonlinear.nonlinear_solvers:Newton iteration number 4 of 20
DEBUG:porepy.numerics.interface_laws.contact_mechanics_interface_laws:Done. Elapsed time 0.04562067985534668
DEBUG:porepy.numerics.interface_laws.contact_mechanics_interface_laws:Done. Elapsed time 0.017491817474365234
DEBUG:porepy.models.contact_mechanics_biot_model:Max element in A 2.58e+07
DEBUG:porepy.models.contact_mechanics_biot_model:Max 2.68e+07 and min 1.00e+00 A sum.
INFO:porepy.models.contact_mechanics_biot_model:Solve Ax=b using scipy
INFO:porepy.models.contact_mechanics_biot_model:Done. Elapsed time 2.423004627227783
INFO:porepy.models.contact_mechanics_biot_model:||b-Ax|| = 2.0675550794843383e-10
INFO:porepy.models.contact_mechanics_biot_model:||b-Ax|| / ||b|| = 6.000588362187922e-10
INFO:porepy.models.contact_mechanics_biot_model:Max abs element in b 0.0425153296204004. Min abs element in b 0.0
INFO:GTS.isc_modelling.contact_mechanics_biot:diff iter u = 2.7217165605654966e-06
INFO:GTS.isc_modelling.contact_mechanics_biot:diff init u = 0.14143794793392017
INFO:GTS.isc_modelling.contact_mechanics_biot:diff iter contact = 9655369390827212.0
INFO:GTS.isc_modelling.contact_mechanics_biot:diff init contact = 7.195817551920677e+23
INFO:GTS.isc_modelling.contact_mechanics_biot:diff iter scalar = 24335017669341.934
INFO:GTS.isc_modelling.contact_mechanics_biot:diff init scalar = 5.048174684777928e+16
INFO:GTS.isc_modelling.contact_mechanics_biot:Error in contact force is 1.3418029739025333e-08
INFO:GTS.isc_modelling.contact_mechanics_biot:Error in matrix displacement is 1.9243184734531663e-05
INFO:GTS.isc_modelling.contact_mechanics_biot:Error in pressure is 0.0004820557763724146.
INFO:porepy.numerics.nonlinear.nonlinear_solvers:Newton iteration number 5 of 20
DEBUG:porepy.numerics.interface_laws.contact_mechanics_interface_laws:Done. Elapsed time 0.050643205642700195
DEBUG:porepy.numerics.interface_laws.contact_mechanics_interface_laws:Done. Elapsed time 0.02368450164794922
DEBUG:porepy.models.contact_mechanics_biot_model:Max element in A 2.58e+07
DEBUG:porepy.models.contact_mechanics_biot_model:Max 2.68e+07 and min 1.00e+00 A sum.
INFO:porepy.models.contact_mechanics_biot_model:Solve Ax=b using scipy
INFO:porepy.models.contact_mechanics_biot_model:Done. Elapsed time 3.3022549152374268
INFO:porepy.models.contact_mechanics_biot_model:||b-Ax|| = 1.8005637277147387e-10
INFO:porepy.models.contact_mechanics_biot_model:||b-Ax|| / ||b|| = 5.225633084838861e-10
INFO:porepy.models.contact_mechanics_biot_model:Max abs element in b 0.0425153296204004. Min abs element in b 0.0
INFO:GTS.isc_modelling.contact_mechanics_biot:diff iter u = 1.1761674084168173e-06
INFO:GTS.isc_modelling.contact_mechanics_biot:diff init u = 0.14139801305580457
INFO:GTS.isc_modelling.contact_mechanics_biot:diff iter contact = 3.3347843578194268e+16
INFO:GTS.isc_modelling.contact_mechanics_biot:diff init contact = 7.193869709831402e+23
INFO:GTS.isc_modelling.contact_mechanics_biot:diff iter scalar = 2799732575917.7246
INFO:GTS.isc_modelling.contact_mechanics_biot:diff init scalar = 5.052261673467552e+16
INFO:GTS.isc_modelling.contact_mechanics_biot:Error in contact force is 4.6355918196043925e-08
INFO:GTS.isc_modelling.contact_mechanics_biot:Error in matrix displacement is 8.318132504115369e-06
INFO:GTS.isc_modelling.contact_mechanics_biot:Error in pressure is 5.5415430887532906e-05.
INFO:porepy.numerics.nonlinear.nonlinear_solvers:Newton iteration number 6 of 20
DEBUG:porepy.numerics.interface_laws.contact_mechanics_interface_laws:Done. Elapsed time 0.04983925819396973
DEBUG:porepy.numerics.interface_laws.contact_mechanics_interface_laws:Done. Elapsed time 0.0570836067199707
DEBUG:porepy.models.contact_mechanics_biot_model:Max element in A 2.58e+07
DEBUG:porepy.models.contact_mechanics_biot_model:Max 2.68e+07 and min 1.00e+00 A sum.
INFO:porepy.models.contact_mechanics_biot_model:Solve Ax=b using scipy
INFO:porepy.models.contact_mechanics_biot_model:Done. Elapsed time 2.28145432472229
INFO:porepy.models.contact_mechanics_biot_model:||b-Ax|| = 1.3733991289576576e-10
INFO:porepy.models.contact_mechanics_biot_model:||b-Ax|| / ||b|| = 3.985910351439158e-10
INFO:porepy.models.contact_mechanics_biot_model:Max abs element in b 0.0425153296204004. Min abs element in b 0.0
INFO:GTS.isc_modelling.contact_mechanics_biot:diff iter u = 4.972957087525338e-06
INFO:GTS.isc_modelling.contact_mechanics_biot:diff init u = 0.14149427658160174
INFO:GTS.isc_modelling.contact_mechanics_biot:diff iter contact = 1.937342255748679e+16
INFO:GTS.isc_modelling.contact_mechanics_biot:diff init contact = 7.192828184536869e+23
INFO:GTS.isc_modelling.contact_mechanics_biot:diff iter scalar = 8573435208753.191
INFO:GTS.isc_modelling.contact_mechanics_biot:diff init scalar = 5.045998122815502e+16
INFO:GTS.isc_modelling.contact_mechanics_biot:Error in contact force is 2.693436025503257e-08
INFO:GTS.isc_modelling.contact_mechanics_biot:Error in matrix displacement is 3.5145994648464554e-05
INFO:GTS.isc_modelling.contact_mechanics_biot:Error in pressure is 0.0001699056361116816.
INFO:porepy.numerics.nonlinear.nonlinear_solvers:Newton iteration number 7 of 20
DEBUG:porepy.numerics.interface_laws.contact_mechanics_interface_laws:Done. Elapsed time 0.05907607078552246
DEBUG:porepy.numerics.interface_laws.contact_mechanics_interface_laws:Done. Elapsed time 0.05876731872558594
DEBUG:porepy.models.contact_mechanics_biot_model:Max element in A 2.58e+07
DEBUG:porepy.models.contact_mechanics_biot_model:Max 2.68e+07 and min 1.00e+00 A sum.
INFO:porepy.models.contact_mechanics_biot_model:Solve Ax=b using scipy
INFO:porepy.models.contact_mechanics_biot_model:Done. Elapsed time 2.268929958343506
INFO:porepy.models.contact_mechanics_biot_model:||b-Ax|| = 8.724981570304577e-11
INFO:porepy.models.contact_mechanics_biot_model:||b-Ax|| / ||b|| = 2.5321880805386033e-10
INFO:porepy.models.contact_mechanics_biot_model:Max abs element in b 0.0425153296204004. Min abs element in b 0.0
INFO:GTS.isc_modelling.contact_mechanics_biot:diff iter u = 1.5557663304084836e-06
INFO:GTS.isc_modelling.contact_mechanics_biot:diff init u = 0.1415754102744723
INFO:GTS.isc_modelling.contact_mechanics_biot:diff iter contact = 2143646539884796.0
INFO:GTS.isc_modelling.contact_mechanics_biot:diff init contact = 7.192310542153748e+23
INFO:GTS.isc_modelling.contact_mechanics_biot:diff iter scalar = 8359415507290.658
INFO:GTS.isc_modelling.contact_mechanics_biot:diff init scalar = 5.0278670008565176e+16
INFO:GTS.isc_modelling.contact_mechanics_biot:Error in contact force is 2.980469944006169e-09
INFO:GTS.isc_modelling.contact_mechanics_biot:Error in matrix displacement is 1.0988958657384916e-05
INFO:GTS.isc_modelling.contact_mechanics_biot:Error in pressure is 0.000166261667340576.
INFO:porepy.numerics.nonlinear.nonlinear_solvers:Newton iteration number 8 of 20
DEBUG:porepy.numerics.interface_laws.contact_mechanics_interface_laws:Done. Elapsed time 0.05217170715332031
DEBUG:porepy.numerics.interface_laws.contact_mechanics_interface_laws:Done. Elapsed time 0.01657843589782715
DEBUG:porepy.models.contact_mechanics_biot_model:Max element in A 2.58e+07
DEBUG:porepy.models.contact_mechanics_biot_model:Max 2.68e+07 and min 1.00e+00 A sum.
INFO:porepy.models.contact_mechanics_biot_model:Solve Ax=b using scipy
INFO:porepy.models.contact_mechanics_biot_model:Done. Elapsed time 2.441657781600952
INFO:porepy.models.contact_mechanics_biot_model:||b-Ax|| = 2.044755264400085e-10
INFO:porepy.models.contact_mechanics_biot_model:||b-Ax|| / ||b|| = 5.934324841204103e-10
INFO:porepy.models.contact_mechanics_biot_model:Max abs element in b 0.0425153296204004. Min abs element in b 0.0
INFO:GTS.isc_modelling.contact_mechanics_biot:diff iter u = 3.946663400202715e-07
INFO:GTS.isc_modelling.contact_mechanics_biot:diff init u = 0.1416149016748221
INFO:GTS.isc_modelling.contact_mechanics_biot:diff iter contact = 508783602074765.56
INFO:GTS.isc_modelling.contact_mechanics_biot:diff init contact = 7.192049028377235e+23
INFO:GTS.isc_modelling.contact_mechanics_biot:diff iter scalar = 355917161333.1332
INFO:GTS.isc_modelling.contact_mechanics_biot:diff init scalar = 5.022371767090035e+16
INFO:GTS.isc_modelling.contact_mechanics_biot:Error in contact force is 7.074251024531238e-10
INFO:GTS.isc_modelling.contact_mechanics_biot:Error in matrix displacement is 2.7868983797094266e-06
INFO:GTS.isc_modelling.contact_mechanics_biot:Error in pressure is 7.086635116606507e-06.
INFO:porepy.numerics.nonlinear.nonlinear_solvers:Newton iteration number 9 of 20
DEBUG:porepy.numerics.interface_laws.contact_mechanics_interface_laws:Done. Elapsed time 0.037866830825805664
DEBUG:porepy.numerics.interface_laws.contact_mechanics_interface_laws:Done. Elapsed time 0.013804197311401367
DEBUG:porepy.models.contact_mechanics_biot_model:Max element in A 2.58e+07
DEBUG:porepy.models.contact_mechanics_biot_model:Max 2.68e+07 and min 1.00e+00 A sum.
INFO:porepy.models.contact_mechanics_biot_model:Solve Ax=b using scipy
INFO:porepy.models.contact_mechanics_biot_model:Done. Elapsed time 2.1624910831451416
INFO:porepy.models.contact_mechanics_biot_model:||b-Ax|| = 1.1260690028017518e-10
INFO:porepy.models.contact_mechanics_biot_model:||b-Ax|| / ||b|| = 3.2680914342933896e-10
INFO:porepy.models.contact_mechanics_biot_model:Max abs element in b 0.0425153296204004. Min abs element in b 0.0
INFO:GTS.isc_modelling.contact_mechanics_biot:diff iter u = 1.0636520458415139e-07
INFO:GTS.isc_modelling.contact_mechanics_biot:diff init u = 0.14163420581043856
INFO:GTS.isc_modelling.contact_mechanics_biot:diff iter contact = 126542426601855.98
INFO:GTS.isc_modelling.contact_mechanics_biot:diff init contact = 7.191920969457919e+23
INFO:GTS.isc_modelling.contact_mechanics_biot:diff iter scalar = 102474691443.23338
INFO:GTS.isc_modelling.contact_mechanics_biot:diff init scalar = 5.019420686347306e+16
INFO:GTS.isc_modelling.contact_mechanics_biot:Error in contact force is 1.7595080248969134e-10
INFO:GTS.isc_modelling.contact_mechanics_biot:Error in matrix displacement is 7.509852861850988e-07
INFO:GTS.isc_modelling.contact_mechanics_biot:Error in pressure is 2.041564113603028e-06.
INFO:porepy.numerics.nonlinear.nonlinear_solvers:Newton iteration number 10 of 20
DEBUG:porepy.numerics.interface_laws.contact_mechanics_interface_laws:Done. Elapsed time 0.04759407043457031
DEBUG:porepy.numerics.interface_laws.contact_mechanics_interface_laws:Done. Elapsed time 0.018082857131958008
DEBUG:porepy.models.contact_mechanics_biot_model:Max element in A 2.58e+07
DEBUG:porepy.models.contact_mechanics_biot_model:Max 2.68e+07 and min 1.00e+00 A sum.
INFO:porepy.models.contact_mechanics_biot_model:Solve Ax=b using scipy
INFO:porepy.models.contact_mechanics_biot_model:Done. Elapsed time 2.2869226932525635
INFO:porepy.models.contact_mechanics_biot_model:||b-Ax|| = 1.663559944916336e-10
INFO:porepy.models.contact_mechanics_biot_model:||b-Ax|| / ||b|| = 4.827999918898058e-10
INFO:porepy.models.contact_mechanics_biot_model:Max abs element in b 0.0425153296204004. Min abs element in b 0.0
INFO:GTS.isc_modelling.contact_mechanics_biot:diff iter u = 2.618817241009205e-08
INFO:GTS.isc_modelling.contact_mechanics_biot:diff init u = 0.14164388100128306
INFO:GTS.isc_modelling.contact_mechanics_biot:diff iter contact = 31027571666069.61
INFO:GTS.isc_modelling.contact_mechanics_biot:diff init contact = 7.19185735141782e+23
INFO:GTS.isc_modelling.contact_mechanics_biot:diff iter scalar = 25515321043.97778
INFO:GTS.isc_modelling.contact_mechanics_biot:diff init scalar = 5.017996617400702e+16
INFO:GTS.isc_modelling.contact_mechanics_biot:Error in contact force is 4.314264055856553e-11
INFO:GTS.isc_modelling.contact_mechanics_biot:Error in matrix displacement is 1.8488742489239496e-07
INFO:GTS.isc_modelling.contact_mechanics_biot:Error in pressure is 5.084762503724961e-07.
INFO:porepy.numerics.nonlinear.nonlinear_solvers:Newton iteration number 11 of 20
DEBUG:porepy.numerics.interface_laws.contact_mechanics_interface_laws:Done. Elapsed time 0.0600740909576416
DEBUG:porepy.numerics.interface_laws.contact_mechanics_interface_laws:Done. Elapsed time 0.02769780158996582
DEBUG:porepy.models.contact_mechanics_biot_model:Max element in A 2.58e+07
DEBUG:porepy.models.contact_mechanics_biot_model:Max 2.68e+07 and min 1.00e+00 A sum.
INFO:porepy.models.contact_mechanics_biot_model:Solve Ax=b using scipy
INFO:porepy.models.contact_mechanics_biot_model:Done. Elapsed time 2.148453712463379
INFO:porepy.models.contact_mechanics_biot_model:||b-Ax|| = 1.0030274379193876e-10
INFO:porepy.models.contact_mechanics_biot_model:||b-Ax|| / ||b|| = 2.910994692027853e-10
INFO:porepy.models.contact_mechanics_biot_model:Max abs element in b 0.0425153296204004. Min abs element in b 0.0
INFO:GTS.isc_modelling.contact_mechanics_biot:diff iter u = 6.622151262224082e-09
INFO:GTS.isc_modelling.contact_mechanics_biot:diff init u = 0.1416486262663258
INFO:GTS.isc_modelling.contact_mechanics_biot:diff iter contact = 7600966622427.889
INFO:GTS.isc_modelling.contact_mechanics_biot:diff init contact = 7.191826139188353e+23
INFO:GTS.isc_modelling.contact_mechanics_biot:diff iter scalar = 6545517574.820255
INFO:GTS.isc_modelling.contact_mechanics_biot:diff init scalar = 5.017282658773064e+16
INFO:GTS.isc_modelling.contact_mechanics_biot:Error in contact force is 1.056889651574045e-11
INFO:GTS.isc_modelling.contact_mechanics_biot:Error in matrix displacement is 4.6750550547332555e-08
INFO:GTS.isc_modelling.contact_mechanics_biot:Error in pressure is 1.304594143878852e-07.
INFO:porepy.numerics.nonlinear.nonlinear_solvers:Newton iteration number 12 of 20
DEBUG:porepy.numerics.interface_laws.contact_mechanics_interface_laws:Done. Elapsed time 0.048853158950805664
DEBUG:porepy.numerics.interface_laws.contact_mechanics_interface_laws:Done. Elapsed time 0.018080711364746094
DEBUG:porepy.models.contact_mechanics_biot_model:Max element in A 2.58e+07
DEBUG:porepy.models.contact_mechanics_biot_model:Max 2.68e+07 and min 1.00e+00 A sum.
INFO:porepy.models.contact_mechanics_biot_model:Solve Ax=b using scipy
INFO:porepy.models.contact_mechanics_biot_model:Done. Elapsed time 3.053865909576416
INFO:porepy.models.contact_mechanics_biot_model:||b-Ax|| = 1.9449008960079786e-10
INFO:porepy.models.contact_mechanics_biot_model:||b-Ax|| / ||b|| = 5.644506510445041e-10
INFO:porepy.models.contact_mechanics_biot_model:Max abs element in b 0.0425153296204004. Min abs element in b 0.0
INFO:GTS.isc_modelling.contact_mechanics_biot:diff iter u = 1.6192648641160453e-09
INFO:GTS.isc_modelling.contact_mechanics_biot:diff init u = 0.14165097690471498
INFO:GTS.isc_modelling.contact_mechanics_biot:diff iter contact = 1844404277724.3467
INFO:GTS.isc_modelling.contact_mechanics_biot:diff init contact = 7.191810784219792e+23
INFO:GTS.isc_modelling.contact_mechanics_biot:diff iter scalar = 1615407160.355083
INFO:GTS.isc_modelling.contact_mechanics_biot:diff init scalar = 5.0169329036008056e+16
INFO:GTS.isc_modelling.contact_mechanics_biot:Error in contact force is 2.564589549229135e-12
INFO:GTS.isc_modelling.contact_mechanics_biot:Error in matrix displacement is 1.1431370961919194e-08
INFO:GTS.isc_modelling.contact_mechanics_biot:Error in pressure is 3.2199098361384424e-08.
INFO:porepy.numerics.nonlinear.nonlinear_solvers:Newton iteration number 13 of 20
DEBUG:porepy.numerics.interface_laws.contact_mechanics_interface_laws:Done. Elapsed time 0.050223588943481445
DEBUG:porepy.numerics.interface_laws.contact_mechanics_interface_laws:Done. Elapsed time 0.059606075286865234
DEBUG:porepy.models.contact_mechanics_biot_model:Max element in A 2.58e+07
DEBUG:porepy.models.contact_mechanics_biot_model:Max 2.68e+07 and min 1.00e+00 A sum.
INFO:porepy.models.contact_mechanics_biot_model:Solve Ax=b using scipy
INFO:porepy.models.contact_mechanics_biot_model:Done. Elapsed time 2.782881498336792
INFO:porepy.models.contact_mechanics_biot_model:||b-Ax|| = 1.0269796671502604e-10
INFO:porepy.models.contact_mechanics_biot_model:||b-Ax|| / ||b|| = 2.9805080464020403e-10
INFO:porepy.models.contact_mechanics_biot_model:Max abs element in b 0.0425153296204004. Min abs element in b 0.0
INFO:GTS.isc_modelling.contact_mechanics_biot:diff iter u = 3.974381418056195e-10
INFO:GTS.isc_modelling.contact_mechanics_biot:diff init u = 0.14165213136652716
INFO:GTS.isc_modelling.contact_mechanics_biot:diff iter contact = 445910131888.8127
INFO:GTS.isc_modelling.contact_mechanics_biot:diff init contact = 7.191803271436298e+23
INFO:GTS.isc_modelling.contact_mechanics_biot:diff iter scalar = 400171141.0915721
INFO:GTS.isc_modelling.contact_mechanics_biot:diff init scalar = 5.016759888818523e+16
INFO:GTS.isc_modelling.contact_mechanics_biot:Error in contact force is 6.200254860416372e-13
INFO:GTS.isc_modelling.contact_mechanics_biot:Error in matrix displacement is 2.805733581072931e-09
INFO:GTS.isc_modelling.contact_mechanics_biot:Error in pressure is 7.97668515057863e-09.
INFO:porepy.numerics.nonlinear.nonlinear_solvers:Newton iteration number 14 of 20
DEBUG:porepy.numerics.interface_laws.contact_mechanics_interface_laws:Done. Elapsed time 0.057683706283569336
DEBUG:porepy.numerics.interface_laws.contact_mechanics_interface_laws:Done. Elapsed time 0.04278826713562012
DEBUG:porepy.models.contact_mechanics_biot_model:Max element in A 2.58e+07
DEBUG:porepy.models.contact_mechanics_biot_model:Max 2.68e+07 and min 1.00e+00 A sum.
INFO:porepy.models.contact_mechanics_biot_model:Solve Ax=b using scipy
INFO:porepy.models.contact_mechanics_biot_model:Done. Elapsed time 3.169534683227539
INFO:porepy.models.contact_mechanics_biot_model:||b-Ax|| = 1.3246580110118785e-10
INFO:porepy.models.contact_mechanics_biot_model:||b-Ax|| / ||b|| = 3.844432144861353e-10
INFO:porepy.models.contact_mechanics_biot_model:Max abs element in b 0.0425153296204004. Min abs element in b 0.0
INFO:GTS.isc_modelling.contact_mechanics_biot:diff iter u = 9.617239798885358e-11
INFO:GTS.isc_modelling.contact_mechanics_biot:diff init u = 0.14165269887541865
INFO:GTS.isc_modelling.contact_mechanics_biot:diff iter contact = 107151680295.89679
INFO:GTS.isc_modelling.contact_mechanics_biot:diff init contact = 7.191799597027009e+23
INFO:GTS.isc_modelling.contact_mechanics_biot:diff iter scalar = 97571104.42454317
INFO:GTS.isc_modelling.contact_mechanics_biot:diff init scalar = 5.01667503747624e+16
INFO:GTS.isc_modelling.contact_mechanics_biot:u converged absolutely.
INFO:GTS.isc_modelling.contact_mechanics_biot:Error in contact force is 1.4899147125872616e-13
INFO:GTS.isc_modelling.contact_mechanics_biot:Error in matrix displacement is 9.617239798885358e-11
INFO:GTS.isc_modelling.contact_mechanics_biot:Error in pressure is 1.9449357133092016e-09.
INFO:porepy.models.run_models:
Time step 2 at time 0.0e+00 of 0.0e+00 with time step 1.1e+04
INFO:GTS.isc_modelling.contact_mechanics_biot:A new phase has started: Phase 1
INFO:porepy.models.contact_mechanics_biot_model:Discretize
INFO:porepy.numerics.fv.mpsa:Split MPSA discretization into 1 parts
DEBUG:porepy.numerics.fv.mpsa:number of ncasym eliminated: 144
DEBUG:porepy.numerics.fv.mpsa:max igrad: 18.53547962036103
INFO:porepy.numerics.fv.biot:Done with subproblem 0. Elapsed time 8.340287685394287
DEBUG:porepy.numerics.interface_laws.contact_mechanics_interface_laws:Done. Elapsed time 0.015171289443969727
DEBUG:porepy.numerics.interface_laws.contact_mechanics_interface_laws:Done. Elapsed time 0.01680135726928711
DEBUG:porepy.numerics.interface_laws.contact_mechanics_interface_laws:Done. Elapsed time 0.015302419662475586
DEBUG:porepy.numerics.interface_laws.contact_mechanics_interface_laws:Done. Elapsed time 0.015721559524536133
DEBUG:porepy.numerics.interface_laws.contact_mechanics_interface_laws:Done. Elapsed time 0.014930248260498047
DEBUG:porepy.numerics.interface_laws.contact_mechanics_interface_laws:Done. Elapsed time 0.01685500144958496
DEBUG:porepy.numerics.interface_laws.contact_mechanics_interface_laws:Done. Elapsed time 0.025166988372802734
DEBUG:porepy.numerics.interface_laws.contact_mechanics_interface_laws:Done. Elapsed time 0.024059057235717773
INFO:porepy.models.contact_mechanics_biot_model:Done. Elapsed time 14.449667930603027
INFO:porepy.numerics.nonlinear.nonlinear_solvers:Newton iteration number 0 of 20
DEBUG:porepy.numerics.interface_laws.contact_mechanics_interface_laws:Done. Elapsed time 0.0289154052734375
DEBUG:porepy.numerics.interface_laws.contact_mechanics_interface_laws:Done. Elapsed time 0.02571725845336914
DEBUG:porepy.models.contact_mechanics_biot_model:Max element in A 2.58e+07
DEBUG:porepy.models.contact_mechanics_biot_model:Max 2.68e+07 and min 1.00e+00 A sum.
INFO:porepy.models.contact_mechanics_biot_model:Solve Ax=b using scipy
INFO:porepy.models.contact_mechanics_biot_model:Done. Elapsed time 2.139981746673584
INFO:porepy.models.contact_mechanics_biot_model:||b-Ax|| = 1.981210667528295e-10
INFO:porepy.models.contact_mechanics_biot_model:||b-Ax|| / ||b|| = 5.750039506534043e-10
INFO:porepy.models.contact_mechanics_biot_model:Max abs element in b 0.0425153296204004. Min abs element in b 0.0
INFO:GTS.isc_modelling.contact_mechanics_biot:diff iter u = 8.078422874351748e-09
INFO:GTS.isc_modelling.contact_mechanics_biot:diff init u = 8.078422874351748e-09
INFO:GTS.isc_modelling.contact_mechanics_biot:diff iter contact = 136522016453368.12
INFO:GTS.isc_modelling.contact_mechanics_biot:diff init contact = 136522016453368.12
INFO:GTS.isc_modelling.contact_mechanics_biot:diff iter scalar = 6731015970.263931
INFO:GTS.isc_modelling.contact_mechanics_biot:diff init scalar = 6731015970.263931
INFO:GTS.isc_modelling.contact_mechanics_biot:Error in contact force is 1.0
INFO:GTS.isc_modelling.contact_mechanics_biot:Error in matrix displacement is 1.0
INFO:GTS.isc_modelling.contact_mechanics_biot:Error in pressure is 1.0.
INFO:porepy.numerics.nonlinear.nonlinear_solvers:Newton iteration number 1 of 20
DEBUG:porepy.numerics.interface_laws.contact_mechanics_interface_laws:Done. Elapsed time 0.04739189147949219
DEBUG:porepy.numerics.interface_laws.contact_mechanics_interface_laws:Done. Elapsed time 0.024500608444213867
DEBUG:porepy.models.contact_mechanics_biot_model:Max element in A 2.58e+07
DEBUG:porepy.models.contact_mechanics_biot_model:Max 2.68e+07 and min 1.00e+00 A sum.
INFO:porepy.models.contact_mechanics_biot_model:Solve Ax=b using scipy
INFO:porepy.models.contact_mechanics_biot_model:Done. Elapsed time 2.1799566745758057
INFO:porepy.models.contact_mechanics_biot_model:||b-Ax|| = 1.4508459839417652e-10
INFO:porepy.models.contact_mechanics_biot_model:||b-Ax|| / ||b|| = 4.210768783532506e-10
INFO:porepy.models.contact_mechanics_biot_model:Max abs element in b 0.0425153296204004. Min abs element in b 0.0
INFO:GTS.isc_modelling.contact_mechanics_biot:diff iter u = 2.9822415973577853e-09
INFO:GTS.isc_modelling.contact_mechanics_biot:diff init u = 2.0854218639232097e-08
INFO:GTS.isc_modelling.contact_mechanics_biot:diff iter contact = 3733291556343.0283
INFO:GTS.isc_modelling.contact_mechanics_biot:diff init contact = 178711683213249.88
INFO:GTS.isc_modelling.contact_mechanics_biot:diff iter scalar = 2454631853.050087
INFO:GTS.isc_modelling.contact_mechanics_biot:diff init scalar = 16864336800.72528
INFO:GTS.isc_modelling.contact_mechanics_biot:Error in contact force is 0.020890025146751222
INFO:GTS.isc_modelling.contact_mechanics_biot:Error in matrix displacement is 0.14300423568723064
INFO:GTS.isc_modelling.contact_mechanics_biot:Error in pressure is 0.14555163846968006.
INFO:porepy.numerics.nonlinear.nonlinear_solvers:Newton iteration number 2 of 20
DEBUG:porepy.numerics.interface_laws.contact_mechanics_interface_laws:Done. Elapsed time 0.0502471923828125
DEBUG:porepy.numerics.interface_laws.contact_mechanics_interface_laws:Done. Elapsed time 0.03202962875366211
DEBUG:porepy.models.contact_mechanics_biot_model:Max element in A 2.58e+07
DEBUG:porepy.models.contact_mechanics_biot_model:Max 2.68e+07 and min 1.00e+00 A sum.
INFO:porepy.models.contact_mechanics_biot_model:Solve Ax=b using scipy
INFO:porepy.models.contact_mechanics_biot_model:Done. Elapsed time 2.206049919128418
INFO:porepy.models.contact_mechanics_biot_model:||b-Ax|| = 1.1445023655467423e-10
INFO:porepy.models.contact_mechanics_biot_model:||b-Ax|| / ||b|| = 3.321672128173436e-10
INFO:porepy.models.contact_mechanics_biot_model:Max abs element in b 0.0425153296204004. Min abs element in b 0.0
INFO:GTS.isc_modelling.contact_mechanics_biot:diff iter u = 6.646111320250251e-11
INFO:GTS.isc_modelling.contact_mechanics_biot:diff init u = 2.3156505720232093e-08
INFO:GTS.isc_modelling.contact_mechanics_biot:diff iter contact = 110843837084.86987
INFO:GTS.isc_modelling.contact_mechanics_biot:diff init contact = 186901811627862.56
INFO:GTS.isc_modelling.contact_mechanics_biot:diff iter scalar = 57540369.174511716
INFO:GTS.isc_modelling.contact_mechanics_biot:diff init scalar = 18589420247.44495
INFO:GTS.isc_modelling.contact_mechanics_biot:u converged absolutely.
INFO:GTS.isc_modelling.contact_mechanics_biot:Error in contact force is 0.0005930591903815754
INFO:GTS.isc_modelling.contact_mechanics_biot:Error in matrix displacement is 6.646111320250251e-11
INFO:GTS.isc_modelling.contact_mechanics_biot:Error in pressure is 0.0030953288703245295.
INFO:GTS.isc_modelling.contact_mechanics_biot:Solution exported to folder 
 /home/haakon/mastersproject/src/mastersproject/GTS/isc_modelling/results/200220/S1_1_S3_1/length_scaling/ls_1__sz_20
INFO:GTS.isc_modelling.setup:Simulation complete. Exporting solution. Time: 2020-02-20T17:42:56+01:00
