INFO:GTS.isc_modelling.setup:Preparing setup for mechanics simulation on 2020-02-19T17:29:29+01:00
INFO:GTS.isc_modelling.setup:Visualization folder path: 
 /home/haakon/mastersproject/src/mastersproject/GTS/isc_modelling/results/new_biot/scaled_1
INFO:GTS.isc_modelling.setup:Mesh arguments: 
 {'mesh_size_frac': 10, 'mesh_size_min': 1.0, 'mesh_size_bound': 60}
INFO:GTS.isc_modelling.setup:Bounding box: 
 {'xmin': -20, 'xmax': 80, 'ymin': 50, 'ymax': 150, 'zmin': -25, 'zmax': 75}
INFO:GTS.isc_modelling.setup:Shear zones in simulation: 
 ['S1_1', 'S1_2', 'S1_3', 'S3_1', 'S3_2']
INFO:GTS.isc_modelling.setup:Non-default length scale: 1
INFO:GTS.isc_modelling.setup:Non-default scalar scale: 100000000000.0
INFO:GTS.isc_modelling.setup:Solver type: direct
INFO:GTS.isc_modelling.setup:Injection location: 
 {'shearzone': 'S1_2', 'borehole': 'INJ1'}
INFO:GTS.isc_modelling.setup:Stress tensor: 
 [[-11393046.22034133    597621.26708787   1842573.57669909]
 [   597621.26708787  -8873267.78285116   -586150.35104884]
 [  1842573.57669909   -586150.35104884 -10733685.99680752]]
INFO:GTS.isc_modelling.contact_mechanics_biot:Initializing contact mechanics biot on ISC dataset
INFO:GTS.isc_modelling.mechanics:Initializing contact mechanics on ISC dataset
INFO:GTS.ISC_data.isc:GTS-ISC data located at: /home/haakon/mastersproject/src/mastersproject/GTS/01BasicInputData.
INFO:GTS.isc_modelling.setup:Options for Newton solver: 
 {'max_iterations': 20, 'nl_convergence_tol': 1e-06, 'nl_divergence_tol': 100000.0}
INFO:GTS.isc_modelling.setup:Setup complete. Starting time-dependent simulation
INFO:GTS.ISC_data.isc:GTS-ISC data located at: /home/haakon/mastersproject/src/mastersproject/GTS/01BasicInputData.
INFO:GTS.ISC_data.fracture:Interpolating shearzone S1_1 ...
INFO:GTS.ISC_data.fracture:Interpolating shearzone S1_2 ...
INFO:GTS.ISC_data.fracture:Interpolating shearzone S1_3 ...
INFO:GTS.ISC_data.fracture:Interpolating shearzone S3_1 ...
INFO:GTS.ISC_data.fracture:Interpolating shearzone S3_2 ...
INFO:GTS.ISC_data.fracture:Saving vtk file of fracture network in 3D.
INFO:porepy.fracs.fractures:Find intersection between fratures
INFO:porepy.fracs.fractures:Found 18 intersections. Ellapsed time: 0.02073
INFO:porepy.fracs.fractures:Split intersections
INFO:porepy.fracs.fractures:Compile list of points and edges
INFO:porepy.fracs.fractures:Points and edges done. Elapsed time 0.00084
INFO:porepy.fracs.fractures:Uniquify points and edges, starting with 103 points, 85
                    edges
INFO:porepy.fracs.fractures:Uniquify complete. 63 points, 61 edges. Ellapsed time
                    0.02914
INFO:porepy.fracs.fractures:Remove edge intersections
DEBUG:porepy.fracs.fractures:Remove intersections from fracture 0
DEBUG:porepy.geometry.intersections:The segments are parallel
DEBUG:porepy.geometry.intersections:Lines are colinear
DEBUG:porepy.geometry.intersections:Colinear lines share a single point
DEBUG:porepy.geometry.intersections:The segments are parallel
DEBUG:porepy.geometry.intersections:Lines are colinear
DEBUG:porepy.geometry.intersections:Colinear lines share a single point
DEBUG:porepy.geometry.intersections:Segment intersection found in one point
DEBUG:porepy.geometry.intersections:Segment intersection found in one point
DEBUG:porepy.geometry.intersections:The segments are parallel
DEBUG:porepy.geometry.intersections:Lines are colinear
DEBUG:porepy.geometry.intersections:Colinear lines share a single point
DEBUG:porepy.geometry.intersections:Segment intersection found in one point
DEBUG:porepy.geometry.intersections:The segments are parallel
DEBUG:porepy.geometry.intersections:Lines are colinear
DEBUG:porepy.geometry.intersections:Colinear lines share a single point
DEBUG:porepy.geometry.intersections:Segment intersection found in one point
DEBUG:porepy.geometry.intersections:Segment intersection found in one point
DEBUG:porepy.geometry.intersections:Segment intersection found in one point
DEBUG:porepy.geometry.intersections:Segment intersection found in one point
DEBUG:porepy.fracs.fractures:Remove intersections from fracture 1
DEBUG:porepy.geometry.intersections:The segments are parallel
DEBUG:porepy.geometry.intersections:Lines are colinear
DEBUG:porepy.geometry.intersections:Colinear lines share a single point
DEBUG:porepy.geometry.intersections:The segments are parallel
DEBUG:porepy.geometry.intersections:Lines are colinear
DEBUG:porepy.geometry.intersections:Colinear lines share a single point
DEBUG:porepy.geometry.intersections:Segment intersection found in one point
DEBUG:porepy.geometry.intersections:The segments are parallel
DEBUG:porepy.geometry.intersections:Lines are colinear
DEBUG:porepy.geometry.intersections:Colinear lines share a single point
DEBUG:porepy.geometry.intersections:Segment intersection found in one point
DEBUG:porepy.geometry.intersections:The segments are parallel
DEBUG:porepy.geometry.intersections:Lines are colinear
DEBUG:porepy.geometry.intersections:Colinear lines share a single point
DEBUG:porepy.geometry.intersections:Segment intersection found in one point
DEBUG:porepy.geometry.intersections:Segment intersection found in one point
DEBUG:porepy.geometry.intersections:Segment intersection found in one point
DEBUG:porepy.geometry.intersections:The segments are parallel
DEBUG:porepy.geometry.intersections:Lines are colinear
DEBUG:porepy.geometry.intersections:Colinear lines share a single point
DEBUG:porepy.geometry.intersections:Segment intersection found in one point
DEBUG:porepy.fracs.fractures:Remove intersections from fracture 2
DEBUG:porepy.geometry.intersections:The segments are parallel
DEBUG:porepy.geometry.intersections:Lines are colinear
DEBUG:porepy.geometry.intersections:Colinear lines share a single point
DEBUG:porepy.geometry.intersections:The segments are parallel
DEBUG:porepy.geometry.intersections:Lines are colinear
DEBUG:porepy.geometry.intersections:Colinear lines share a single point
DEBUG:porepy.geometry.intersections:Segment intersection found in one point
DEBUG:porepy.geometry.intersections:The segments are parallel
DEBUG:porepy.geometry.intersections:Lines are colinear
DEBUG:porepy.geometry.intersections:Colinear lines share a single point
DEBUG:porepy.geometry.intersections:Segment intersection found in one point
DEBUG:porepy.geometry.intersections:The segments are parallel
DEBUG:porepy.geometry.intersections:Lines are colinear
DEBUG:porepy.geometry.intersections:Colinear lines share a single point
DEBUG:porepy.geometry.intersections:Segment intersection found in one point
DEBUG:porepy.geometry.intersections:Segment intersection found in one point
DEBUG:porepy.geometry.intersections:Segment intersection found in one point
DEBUG:porepy.geometry.intersections:The segments are parallel
DEBUG:porepy.geometry.intersections:Lines are colinear
DEBUG:porepy.geometry.intersections:Colinear lines share a single point
DEBUG:porepy.fracs.fractures:Remove intersections from fracture 3
DEBUG:porepy.geometry.intersections:Segment intersection found in one point
DEBUG:porepy.geometry.intersections:Segment intersection found in one point
DEBUG:porepy.geometry.intersections:Segment intersection found in one point
DEBUG:porepy.geometry.intersections:Segment intersection found in one point
DEBUG:porepy.geometry.intersections:Segment intersection found in one point
DEBUG:porepy.geometry.intersections:The segments are parallel
DEBUG:porepy.geometry.intersections:Lines are colinear
DEBUG:porepy.geometry.intersections:Colinear lines share a single point
DEBUG:porepy.geometry.intersections:Segment intersection found in one point
DEBUG:porepy.geometry.intersections:Segment intersection found in one point
DEBUG:porepy.fracs.fractures:Remove intersections from fracture 4
DEBUG:porepy.geometry.intersections:The segments are parallel
DEBUG:porepy.geometry.intersections:Lines are colinear
DEBUG:porepy.geometry.intersections:Colinear lines share a single point
DEBUG:porepy.geometry.intersections:Segment intersection found in one point
DEBUG:porepy.geometry.intersections:Segment intersection found in one point
DEBUG:porepy.geometry.intersections:Segment intersection found in one point
DEBUG:porepy.geometry.intersections:Segment intersection found in one point
DEBUG:porepy.geometry.intersections:The segments are parallel
DEBUG:porepy.geometry.intersections:Lines are colinear
DEBUG:porepy.geometry.intersections:Colinear lines share a single point
DEBUG:porepy.geometry.intersections:Segment intersection found in one point
DEBUG:porepy.geometry.intersections:Segment intersection found in one point
DEBUG:porepy.geometry.intersections:The segments are parallel
DEBUG:porepy.geometry.intersections:Lines are colinear
DEBUG:porepy.geometry.intersections:Colinear lines share a single point
DEBUG:porepy.geometry.intersections:Segment intersection found in one point
DEBUG:porepy.geometry.intersections:The segments are parallel
DEBUG:porepy.geometry.intersections:Lines are colinear
DEBUG:porepy.geometry.intersections:Colinear lines share a single point
DEBUG:porepy.geometry.intersections:Segment intersection found in one point
DEBUG:porepy.geometry.intersections:Segment intersection found in one point
DEBUG:porepy.geometry.intersections:Segment intersection found in one point
DEBUG:porepy.geometry.intersections:Segment intersection found in one point
DEBUG:porepy.fracs.fractures:Remove intersections from fracture 5
DEBUG:porepy.geometry.intersections:Segment intersection found in one point
DEBUG:porepy.geometry.intersections:Segment intersection found in one point
DEBUG:porepy.geometry.intersections:Segment intersection found in one point
DEBUG:porepy.geometry.intersections:Segment intersection found in one point
DEBUG:porepy.fracs.fractures:Remove intersections from fracture 6
DEBUG:porepy.geometry.intersections:Segment intersection found in one point
DEBUG:porepy.geometry.intersections:Segment intersection found in one point
DEBUG:porepy.geometry.intersections:Segment intersection found in one point
DEBUG:porepy.geometry.intersections:Segment intersection found in one point
DEBUG:porepy.fracs.fractures:Remove intersections from fracture 7
DEBUG:porepy.geometry.intersections:Segment intersection found in one point
DEBUG:porepy.geometry.intersections:Segment intersection found in one point
DEBUG:porepy.geometry.intersections:Segment intersection found in one point
DEBUG:porepy.geometry.intersections:Segment intersection found in one point
DEBUG:porepy.fracs.fractures:Remove intersections from fracture 8
DEBUG:porepy.geometry.intersections:Segment intersection found in one point
DEBUG:porepy.geometry.intersections:Segment intersection found in one point
DEBUG:porepy.geometry.intersections:Segment intersection found in one point
DEBUG:porepy.geometry.intersections:Segment intersection found in one point
DEBUG:porepy.fracs.fractures:Remove intersections from fracture 9
DEBUG:porepy.geometry.intersections:Segment intersection found in one point
DEBUG:porepy.geometry.intersections:Segment intersection found in one point
DEBUG:porepy.geometry.intersections:Segment intersection found in one point
DEBUG:porepy.geometry.intersections:Segment intersection found in one point
DEBUG:porepy.fracs.fractures:Remove intersections from fracture 10
DEBUG:porepy.geometry.intersections:Segment intersection found in one point
DEBUG:porepy.geometry.intersections:Segment intersection found in one point
DEBUG:porepy.geometry.intersections:Segment intersection found in one point
DEBUG:porepy.geometry.intersections:Segment intersection found in one point
INFO:porepy.fracs.fractures:Done with intersection removal. Elapsed time 0.14763
INFO:porepy.fracs.fractures:Uniquify points and edges, starting with 63 points, 73
                    edges
INFO:porepy.fracs.fractures:Uniquify complete. 63 points, 73 edges. Ellapsed time
                    0.02923
INFO:porepy.fracs.fractures:Finished fracture splitting after 0.23441 seconds
INFO:porepy.fracs.fractures:Minimal distance between points encountered is 0.7525996891276298
INFO:porepy.fracs.fractures:Gmsh completed with status 0
INFO:porepy.fracs.simplex:Grid creation completed. Elapsed time 0.12803387641906738
INFO:porepy.fracs.simplex:Created 1 3-d grids with 6524 cells
INFO:porepy.fracs.simplex:Created 5 2-d grids with 1468 cells
INFO:porepy.fracs.simplex:Created 6 1-d grids with 34 cells
INFO:porepy.fracs.meshing:Assemble in bucket
INFO:porepy.fracs.meshing:Done. Elapsed time 0.15410304069519043
INFO:porepy.fracs.meshing:Compute geometry
INFO:porepy.fracs.meshing:Done. Elapsed time 0.07968854904174805
INFO:porepy.fracs.meshing:Split fractures
INFO:porepy.fracs.meshing:Done. Elapsed time 1.8717379570007324
INFO:GTS.isc_modelling.contact_mechanics_biot:Tagging grid of name: S1_2, and dimension 2
INFO:GTS.isc_modelling.contact_mechanics_biot:Setting non-zero source value for pressure
INFO:GTS.isc_modelling.contact_mechanics_biot:Closest cell found has distance: 0.982035
INFO:porepy.models.contact_mechanics_biot_model:Discretize
INFO:porepy.numerics.fv.mpsa:Split MPSA discretization into 1 parts
DEBUG:porepy.numerics.fv.mpsa:number of ncasym eliminated: 126
DEBUG:porepy.numerics.fv.mpsa:max igrad: 79.41219632215046
INFO:porepy.numerics.fv.biot:Done with subproblem 0. Elapsed time 22.10521650314331
DEBUG:porepy.numerics.interface_laws.contact_mechanics_interface_laws:Done. Elapsed time 0.0339655876159668
DEBUG:porepy.numerics.interface_laws.contact_mechanics_interface_laws:Done. Elapsed time 0.025884151458740234
DEBUG:porepy.numerics.interface_laws.contact_mechanics_interface_laws:Done. Elapsed time 0.03482556343078613
DEBUG:porepy.numerics.interface_laws.contact_mechanics_interface_laws:Done. Elapsed time 0.024626970291137695
DEBUG:porepy.numerics.interface_laws.contact_mechanics_interface_laws:Done. Elapsed time 0.041588544845581055
DEBUG:porepy.numerics.interface_laws.contact_mechanics_interface_laws:Done. Elapsed time 0.03288412094116211
DEBUG:porepy.numerics.interface_laws.contact_mechanics_interface_laws:Done. Elapsed time 0.025191783905029297
DEBUG:porepy.numerics.interface_laws.contact_mechanics_interface_laws:Done. Elapsed time 0.035121917724609375
DEBUG:porepy.numerics.interface_laws.contact_mechanics_interface_laws:Done. Elapsed time 0.023853302001953125
DEBUG:porepy.numerics.interface_laws.contact_mechanics_interface_laws:Done. Elapsed time 0.04517245292663574
DEBUG:porepy.numerics.interface_laws.contact_mechanics_interface_laws:Done. Elapsed time 0.03321480751037598
DEBUG:porepy.numerics.interface_laws.contact_mechanics_interface_laws:Done. Elapsed time 0.02370929718017578
DEBUG:porepy.numerics.interface_laws.contact_mechanics_interface_laws:Done. Elapsed time 0.03383660316467285
DEBUG:porepy.numerics.interface_laws.contact_mechanics_interface_laws:Done. Elapsed time 0.023976564407348633
DEBUG:porepy.numerics.interface_laws.contact_mechanics_interface_laws:Done. Elapsed time 0.04290962219238281
DEBUG:porepy.numerics.interface_laws.contact_mechanics_interface_laws:Done. Elapsed time 0.03344249725341797
DEBUG:porepy.numerics.interface_laws.contact_mechanics_interface_laws:Done. Elapsed time 0.02458500862121582
DEBUG:porepy.numerics.interface_laws.contact_mechanics_interface_laws:Done. Elapsed time 0.046488046646118164
DEBUG:porepy.numerics.interface_laws.contact_mechanics_interface_laws:Done. Elapsed time 0.025007009506225586
DEBUG:porepy.numerics.interface_laws.contact_mechanics_interface_laws:Done. Elapsed time 0.04203438758850098
DEBUG:porepy.numerics.interface_laws.contact_mechanics_interface_laws:Done. Elapsed time 0.032988786697387695
DEBUG:porepy.numerics.interface_laws.contact_mechanics_interface_laws:Done. Elapsed time 0.024340391159057617
DEBUG:porepy.numerics.interface_laws.contact_mechanics_interface_laws:Done. Elapsed time 0.03406405448913574
DEBUG:porepy.numerics.interface_laws.contact_mechanics_interface_laws:Done. Elapsed time 0.02502918243408203
DEBUG:porepy.numerics.interface_laws.contact_mechanics_interface_laws:Done. Elapsed time 0.04450631141662598
DEBUG:porepy.numerics.interface_laws.contact_mechanics_interface_laws:Done. Elapsed time 0.03390645980834961
DEBUG:porepy.numerics.interface_laws.contact_mechanics_interface_laws:Done. Elapsed time 0.02579021453857422
DEBUG:porepy.numerics.interface_laws.contact_mechanics_interface_laws:Done. Elapsed time 0.033678293228149414
DEBUG:porepy.numerics.interface_laws.contact_mechanics_interface_laws:Done. Elapsed time 0.02498006820678711
DEBUG:porepy.numerics.interface_laws.contact_mechanics_interface_laws:Done. Elapsed time 0.044341087341308594
DEBUG:porepy.numerics.interface_laws.contact_mechanics_interface_laws:Done. Elapsed time 0.03618359565734863
DEBUG:porepy.numerics.interface_laws.contact_mechanics_interface_laws:Done. Elapsed time 0.02500605583190918
DEBUG:porepy.numerics.interface_laws.contact_mechanics_interface_laws:Done. Elapsed time 0.034088134765625
DEBUG:porepy.numerics.interface_laws.contact_mechanics_interface_laws:Done. Elapsed time 0.02362680435180664
DEBUG:porepy.numerics.interface_laws.contact_mechanics_interface_laws:Done. Elapsed time 0.04269528388977051
DEBUG:porepy.numerics.interface_laws.contact_mechanics_interface_laws:Done. Elapsed time 0.03372454643249512
DEBUG:porepy.numerics.interface_laws.contact_mechanics_interface_laws:Done. Elapsed time 0.024863243103027344
DEBUG:porepy.numerics.interface_laws.contact_mechanics_interface_laws:Done. Elapsed time 0.03505873680114746
DEBUG:porepy.numerics.interface_laws.contact_mechanics_interface_laws:Done. Elapsed time 0.025717735290527344
DEBUG:porepy.numerics.interface_laws.contact_mechanics_interface_laws:Done. Elapsed time 0.04346108436584473
DEBUG:porepy.numerics.interface_laws.contact_mechanics_interface_laws:Done. Elapsed time 0.03766965866088867
DEBUG:porepy.numerics.interface_laws.contact_mechanics_interface_laws:Done. Elapsed time 0.024669408798217773
DEBUG:porepy.numerics.interface_laws.contact_mechanics_interface_laws:Done. Elapsed time 0.037439823150634766
DEBUG:porepy.numerics.interface_laws.contact_mechanics_interface_laws:Done. Elapsed time 0.02447032928466797
DEBUG:porepy.numerics.interface_laws.contact_mechanics_interface_laws:Done. Elapsed time 0.04341888427734375
DEBUG:porepy.numerics.interface_laws.contact_mechanics_interface_laws:Done. Elapsed time 0.03436732292175293
DEBUG:porepy.numerics.interface_laws.contact_mechanics_interface_laws:Done. Elapsed time 0.024962186813354492
DEBUG:porepy.numerics.interface_laws.contact_mechanics_interface_laws:Done. Elapsed time 0.033071041107177734
DEBUG:porepy.numerics.interface_laws.contact_mechanics_interface_laws:Done. Elapsed time 0.0256655216217041
DEBUG:porepy.numerics.interface_laws.contact_mechanics_interface_laws:Done. Elapsed time 0.04702258110046387
DEBUG:porepy.numerics.interface_laws.contact_mechanics_interface_laws:Done. Elapsed time 0.03528714179992676
DEBUG:porepy.numerics.interface_laws.contact_mechanics_interface_laws:Done. Elapsed time 0.024084091186523438
DEBUG:porepy.numerics.interface_laws.contact_mechanics_interface_laws:Done. Elapsed time 0.033627986907958984
DEBUG:porepy.numerics.interface_laws.contact_mechanics_interface_laws:Done. Elapsed time 0.023993492126464844
DEBUG:porepy.numerics.interface_laws.contact_mechanics_interface_laws:Done. Elapsed time 0.045413970947265625
DEBUG:porepy.numerics.interface_laws.contact_mechanics_interface_laws:Done. Elapsed time 0.038030147552490234
DEBUG:porepy.numerics.interface_laws.contact_mechanics_interface_laws:Done. Elapsed time 0.025014162063598633
DEBUG:porepy.numerics.interface_laws.contact_mechanics_interface_laws:Done. Elapsed time 0.03377985954284668
DEBUG:porepy.numerics.interface_laws.contact_mechanics_interface_laws:Done. Elapsed time 0.024402141571044922
DEBUG:porepy.numerics.interface_laws.contact_mechanics_interface_laws:Done. Elapsed time 0.04393410682678223
INFO:porepy.models.contact_mechanics_biot_model:Done. Elapsed time 35.28011131286621
INFO:porepy.viz.exporter:Construct 3d grid information using numba
INFO:porepy.models.run_models:
Time step 1 at time -1.1e+04 of 0.0e+00 with time step 1.1e+04
INFO:porepy.models.contact_mechanics_biot_model:Discretize
INFO:porepy.numerics.fv.mpsa:Split MPSA discretization into 1 parts
DEBUG:porepy.numerics.fv.mpsa:number of ncasym eliminated: 126
DEBUG:porepy.numerics.fv.mpsa:max igrad: 79.41219632215046
INFO:porepy.numerics.fv.biot:Done with subproblem 0. Elapsed time 21.51145339012146
DEBUG:porepy.numerics.interface_laws.contact_mechanics_interface_laws:Done. Elapsed time 0.0323176383972168
DEBUG:porepy.numerics.interface_laws.contact_mechanics_interface_laws:Done. Elapsed time 0.025218486785888672
DEBUG:porepy.numerics.interface_laws.contact_mechanics_interface_laws:Done. Elapsed time 0.03499770164489746
DEBUG:porepy.numerics.interface_laws.contact_mechanics_interface_laws:Done. Elapsed time 0.025429725646972656
DEBUG:porepy.numerics.interface_laws.contact_mechanics_interface_laws:Done. Elapsed time 0.04255390167236328
DEBUG:porepy.numerics.interface_laws.contact_mechanics_interface_laws:Done. Elapsed time 0.03397369384765625
DEBUG:porepy.numerics.interface_laws.contact_mechanics_interface_laws:Done. Elapsed time 0.024363279342651367
DEBUG:porepy.numerics.interface_laws.contact_mechanics_interface_laws:Done. Elapsed time 0.03678321838378906
DEBUG:porepy.numerics.interface_laws.contact_mechanics_interface_laws:Done. Elapsed time 0.0243837833404541
DEBUG:porepy.numerics.interface_laws.contact_mechanics_interface_laws:Done. Elapsed time 0.04235982894897461
DEBUG:porepy.numerics.interface_laws.contact_mechanics_interface_laws:Done. Elapsed time 0.032590389251708984
DEBUG:porepy.numerics.interface_laws.contact_mechanics_interface_laws:Done. Elapsed time 0.0248110294342041
DEBUG:porepy.numerics.interface_laws.contact_mechanics_interface_laws:Done. Elapsed time 0.033659934997558594
DEBUG:porepy.numerics.interface_laws.contact_mechanics_interface_laws:Done. Elapsed time 0.023984432220458984
DEBUG:porepy.numerics.interface_laws.contact_mechanics_interface_laws:Done. Elapsed time 0.043520450592041016
DEBUG:porepy.numerics.interface_laws.contact_mechanics_interface_laws:Done. Elapsed time 0.03537869453430176
DEBUG:porepy.numerics.interface_laws.contact_mechanics_interface_laws:Done. Elapsed time 0.024619102478027344
DEBUG:porepy.numerics.interface_laws.contact_mechanics_interface_laws:Done. Elapsed time 0.03578662872314453
DEBUG:porepy.numerics.interface_laws.contact_mechanics_interface_laws:Done. Elapsed time 0.025733470916748047
DEBUG:porepy.numerics.interface_laws.contact_mechanics_interface_laws:Done. Elapsed time 0.044741153717041016
DEBUG:porepy.numerics.interface_laws.contact_mechanics_interface_laws:Done. Elapsed time 0.03337597846984863
DEBUG:porepy.numerics.interface_laws.contact_mechanics_interface_laws:Done. Elapsed time 0.024992942810058594
DEBUG:porepy.numerics.interface_laws.contact_mechanics_interface_laws:Done. Elapsed time 0.034942626953125
DEBUG:porepy.numerics.interface_laws.contact_mechanics_interface_laws:Done. Elapsed time 0.02533888816833496
DEBUG:porepy.numerics.interface_laws.contact_mechanics_interface_laws:Done. Elapsed time 0.04368281364440918
DEBUG:porepy.numerics.interface_laws.contact_mechanics_interface_laws:Done. Elapsed time 0.03451371192932129
DEBUG:porepy.numerics.interface_laws.contact_mechanics_interface_laws:Done. Elapsed time 0.02485513687133789
DEBUG:porepy.numerics.interface_laws.contact_mechanics_interface_laws:Done. Elapsed time 0.03418564796447754
DEBUG:porepy.numerics.interface_laws.contact_mechanics_interface_laws:Done. Elapsed time 0.02440953254699707
DEBUG:porepy.numerics.interface_laws.contact_mechanics_interface_laws:Done. Elapsed time 0.04414033889770508
DEBUG:porepy.numerics.interface_laws.contact_mechanics_interface_laws:Done. Elapsed time 0.035321950912475586
DEBUG:porepy.numerics.interface_laws.contact_mechanics_interface_laws:Done. Elapsed time 0.024314165115356445
DEBUG:porepy.numerics.interface_laws.contact_mechanics_interface_laws:Done. Elapsed time 0.03406095504760742
DEBUG:porepy.numerics.interface_laws.contact_mechanics_interface_laws:Done. Elapsed time 0.024147748947143555
DEBUG:porepy.numerics.interface_laws.contact_mechanics_interface_laws:Done. Elapsed time 0.04223895072937012
DEBUG:porepy.numerics.interface_laws.contact_mechanics_interface_laws:Done. Elapsed time 0.035677433013916016
DEBUG:porepy.numerics.interface_laws.contact_mechanics_interface_laws:Done. Elapsed time 0.02367258071899414
DEBUG:porepy.numerics.interface_laws.contact_mechanics_interface_laws:Done. Elapsed time 0.0339200496673584
DEBUG:porepy.numerics.interface_laws.contact_mechanics_interface_laws:Done. Elapsed time 0.02503204345703125
DEBUG:porepy.numerics.interface_laws.contact_mechanics_interface_laws:Done. Elapsed time 0.04284071922302246
DEBUG:porepy.numerics.interface_laws.contact_mechanics_interface_laws:Done. Elapsed time 0.0341951847076416
DEBUG:porepy.numerics.interface_laws.contact_mechanics_interface_laws:Done. Elapsed time 0.023996829986572266
DEBUG:porepy.numerics.interface_laws.contact_mechanics_interface_laws:Done. Elapsed time 0.03444361686706543
DEBUG:porepy.numerics.interface_laws.contact_mechanics_interface_laws:Done. Elapsed time 0.0247802734375
DEBUG:porepy.numerics.interface_laws.contact_mechanics_interface_laws:Done. Elapsed time 0.044352054595947266
DEBUG:porepy.numerics.interface_laws.contact_mechanics_interface_laws:Done. Elapsed time 0.03789353370666504
DEBUG:porepy.numerics.interface_laws.contact_mechanics_interface_laws:Done. Elapsed time 0.02480173110961914
DEBUG:porepy.numerics.interface_laws.contact_mechanics_interface_laws:Done. Elapsed time 0.03561854362487793
DEBUG:porepy.numerics.interface_laws.contact_mechanics_interface_laws:Done. Elapsed time 0.025216102600097656
DEBUG:porepy.numerics.interface_laws.contact_mechanics_interface_laws:Done. Elapsed time 0.04369497299194336
DEBUG:porepy.numerics.interface_laws.contact_mechanics_interface_laws:Done. Elapsed time 0.03594374656677246
DEBUG:porepy.numerics.interface_laws.contact_mechanics_interface_laws:Done. Elapsed time 0.024865150451660156
DEBUG:porepy.numerics.interface_laws.contact_mechanics_interface_laws:Done. Elapsed time 0.0328669548034668
DEBUG:porepy.numerics.interface_laws.contact_mechanics_interface_laws:Done. Elapsed time 0.024910688400268555
DEBUG:porepy.numerics.interface_laws.contact_mechanics_interface_laws:Done. Elapsed time 0.04338860511779785
DEBUG:porepy.numerics.interface_laws.contact_mechanics_interface_laws:Done. Elapsed time 0.035620927810668945
DEBUG:porepy.numerics.interface_laws.contact_mechanics_interface_laws:Done. Elapsed time 0.02421736717224121
DEBUG:porepy.numerics.interface_laws.contact_mechanics_interface_laws:Done. Elapsed time 0.03347349166870117
DEBUG:porepy.numerics.interface_laws.contact_mechanics_interface_laws:Done. Elapsed time 0.025845766067504883
DEBUG:porepy.numerics.interface_laws.contact_mechanics_interface_laws:Done. Elapsed time 0.043747901916503906
INFO:porepy.models.contact_mechanics_biot_model:Done. Elapsed time 33.94914960861206
INFO:porepy.numerics.nonlinear.nonlinear_solvers:Newton iteration number 0 of 20
DEBUG:porepy.numerics.interface_laws.contact_mechanics_interface_laws:Done. Elapsed time 0.03555703163146973
DEBUG:porepy.numerics.interface_laws.contact_mechanics_interface_laws:Done. Elapsed time 0.024689912796020508
DEBUG:porepy.numerics.interface_laws.contact_mechanics_interface_laws:Done. Elapsed time 0.03599214553833008
DEBUG:porepy.numerics.interface_laws.contact_mechanics_interface_laws:Done. Elapsed time 0.026032686233520508
DEBUG:porepy.numerics.interface_laws.contact_mechanics_interface_laws:Done. Elapsed time 0.04222750663757324
DEBUG:porepy.models.contact_mechanics_biot_model:Max element in A 9.38e+18
DEBUG:porepy.models.contact_mechanics_biot_model:Max 9.51e+18 and min 1.61e+00 A sum.
INFO:porepy.models.contact_mechanics_biot_model:Solve Ax=b using scipy
INFO:porepy.models.contact_mechanics_biot_model:Done. Elapsed time 292.60074639320374
INFO:porepy.models.contact_mechanics_biot_model:||b-Ax|| = 2964270164709.965
INFO:porepy.models.contact_mechanics_biot_model:||b-Ax|| / ||b|| = 89.86713550364635
INFO:GTS.isc_modelling.contact_mechanics_biot:Error in contact force is 1.0
INFO:GTS.isc_modelling.contact_mechanics_biot:Error in matrix displacement is 1.0
INFO:GTS.isc_modelling.contact_mechanics_biot:Error in pressure is 1.0.
INFO:porepy.numerics.nonlinear.nonlinear_solvers:Newton iteration number 1 of 20
DEBUG:porepy.numerics.interface_laws.contact_mechanics_interface_laws:Done. Elapsed time 0.03550577163696289
DEBUG:porepy.numerics.interface_laws.contact_mechanics_interface_laws:Done. Elapsed time 0.035454511642456055
DEBUG:porepy.numerics.interface_laws.contact_mechanics_interface_laws:Done. Elapsed time 0.05736517906188965
DEBUG:porepy.numerics.interface_laws.contact_mechanics_interface_laws:Done. Elapsed time 0.02413201332092285
DEBUG:porepy.numerics.interface_laws.contact_mechanics_interface_laws:Done. Elapsed time 0.04303741455078125
DEBUG:porepy.models.contact_mechanics_biot_model:Max element in A 9.38e+18
DEBUG:porepy.models.contact_mechanics_biot_model:Max 9.51e+18 and min 1.00e+00 A sum.
INFO:porepy.models.contact_mechanics_biot_model:Solve Ax=b using scipy
INFO:porepy.models.contact_mechanics_biot_model:Done. Elapsed time 271.91294956207275
INFO:porepy.models.contact_mechanics_biot_model:||b-Ax|| = 373311924059.44226
INFO:porepy.models.contact_mechanics_biot_model:||b-Ax|| / ||b|| = 11.31761661402389
INFO:GTS.isc_modelling.contact_mechanics_biot:Error in contact force is 13.171106018326386
INFO:GTS.isc_modelling.contact_mechanics_biot:Error in matrix displacement is 0.00029304625364008266
INFO:GTS.isc_modelling.contact_mechanics_biot:Error in pressure is 0.01707672811321251.
INFO:porepy.numerics.nonlinear.nonlinear_solvers:Newton iteration number 2 of 20
DEBUG:porepy.numerics.interface_laws.contact_mechanics_interface_laws:Done. Elapsed time 0.07521438598632812
DEBUG:porepy.numerics.interface_laws.contact_mechanics_interface_laws:Done. Elapsed time 0.05087900161743164
DEBUG:porepy.numerics.interface_laws.contact_mechanics_interface_laws:Done. Elapsed time 0.0876917839050293
DEBUG:porepy.numerics.interface_laws.contact_mechanics_interface_laws:Done. Elapsed time 0.021695852279663086
DEBUG:porepy.numerics.interface_laws.contact_mechanics_interface_laws:Done. Elapsed time 0.045824289321899414
DEBUG:porepy.models.contact_mechanics_biot_model:Max element in A 9.38e+18
DEBUG:porepy.models.contact_mechanics_biot_model:Max 9.51e+18 and min 1.00e+00 A sum.
INFO:porepy.models.contact_mechanics_biot_model:Solve Ax=b using scipy
INFO:porepy.models.contact_mechanics_biot_model:Done. Elapsed time 182.8569860458374
INFO:porepy.models.contact_mechanics_biot_model:||b-Ax|| = 19045718779472.254
INFO:porepy.models.contact_mechanics_biot_model:||b-Ax|| / ||b|| = 577.4049243877347
INFO:GTS.isc_modelling.contact_mechanics_biot:Error in contact force is 1.014039525886466
INFO:GTS.isc_modelling.contact_mechanics_biot:Error in matrix displacement is 0.18554034650202228
INFO:GTS.isc_modelling.contact_mechanics_biot:Error in pressure is 0.9039004073693783.
INFO:porepy.numerics.nonlinear.nonlinear_solvers:Newton iteration number 3 of 20
DEBUG:porepy.numerics.interface_laws.contact_mechanics_interface_laws:Done. Elapsed time 0.0414431095123291
DEBUG:porepy.numerics.interface_laws.contact_mechanics_interface_laws:Done. Elapsed time 0.03306746482849121
DEBUG:porepy.numerics.interface_laws.contact_mechanics_interface_laws:Done. Elapsed time 0.058968544006347656
DEBUG:porepy.numerics.interface_laws.contact_mechanics_interface_laws:Done. Elapsed time 0.03141927719116211
DEBUG:porepy.numerics.interface_laws.contact_mechanics_interface_laws:Done. Elapsed time 0.03479194641113281
DEBUG:porepy.models.contact_mechanics_biot_model:Max element in A 9.38e+18
DEBUG:porepy.models.contact_mechanics_biot_model:Max 9.51e+18 and min 1.00e+00 A sum.
INFO:porepy.models.contact_mechanics_biot_model:Solve Ax=b using scipy
INFO:porepy.models.contact_mechanics_biot_model:Done. Elapsed time 164.10474228858948
INFO:porepy.models.contact_mechanics_biot_model:||b-Ax|| = 58614328482894.664
INFO:porepy.models.contact_mechanics_biot_model:||b-Ax|| / ||b|| = 1776.997880604086
INFO:GTS.isc_modelling.contact_mechanics_biot:Error in contact force is 2.926685193807958
INFO:GTS.isc_modelling.contact_mechanics_biot:Error in matrix displacement is 0.19471895483626006
INFO:GTS.isc_modelling.contact_mechanics_biot:Error in pressure is 1.9146443161246949.
INFO:porepy.numerics.nonlinear.nonlinear_solvers:Newton iteration number 4 of 20
DEBUG:porepy.numerics.interface_laws.contact_mechanics_interface_laws:Done. Elapsed time 0.056314945220947266
DEBUG:porepy.numerics.interface_laws.contact_mechanics_interface_laws:Done. Elapsed time 0.03499937057495117
DEBUG:porepy.numerics.interface_laws.contact_mechanics_interface_laws:Done. Elapsed time 0.0534975528717041
DEBUG:porepy.numerics.interface_laws.contact_mechanics_interface_laws:Done. Elapsed time 0.05457139015197754
DEBUG:porepy.numerics.interface_laws.contact_mechanics_interface_laws:Done. Elapsed time 0.04151177406311035
DEBUG:porepy.models.contact_mechanics_biot_model:Max element in A 9.38e+18
DEBUG:porepy.models.contact_mechanics_biot_model:Max 9.51e+18 and min 1.00e+00 A sum.
INFO:porepy.models.contact_mechanics_biot_model:Solve Ax=b using scipy
