INFO:GTS.isc_modelling.setup:Preparing setup for mechanics simulation on 2020-02-20T17:36:20+01:00
INFO:GTS.isc_modelling.setup:Visualization folder path: 
 /home/haakon/mastersproject/src/mastersproject/GTS/isc_modelling/results/200220/S1_1/length_scaling/ls_1
INFO:GTS.isc_modelling.setup:Mesh arguments: 
 {'mesh_size_frac': 40, 'mesh_size_min': 4.0, 'mesh_size_bound': 240}
INFO:GTS.isc_modelling.setup:Bounding box: 
 {'xmin': -20, 'xmax': 80, 'ymin': 50, 'ymax': 150, 'zmin': -25, 'zmax': 75}
INFO:GTS.isc_modelling.setup:Shear zones in simulation: 
 ['S1_1']
INFO:GTS.isc_modelling.setup:Non-default length scale: 1
INFO:GTS.isc_modelling.setup:Non-default scalar scale: 100000000000.0
INFO:GTS.isc_modelling.setup:Solver type: direct
INFO:GTS.isc_modelling.setup:Injection location: 
 {'shearzone': 'S1_2', 'borehole': 'INJ1'}
INFO:GTS.isc_modelling.setup:Stress tensor: 
 [[-11393046.22034133    597621.26708787   1842573.57669909]
 [   597621.26708787  -8873267.78285116   -586150.35104884]
 [  1842573.57669909   -586150.35104884 -10733685.99680752]]
INFO:GTS.isc_modelling.contact_mechanics_biot:Initializing contact mechanics biot on ISC dataset
INFO:GTS.isc_modelling.mechanics:Initializing contact mechanics on ISC dataset
INFO:GTS.ISC_data.isc:GTS-ISC data located at: /home/haakon/mastersproject/src/mastersproject/GTS/01BasicInputData.
INFO:GTS.isc_modelling.setup:Options for Newton solver: 
 {'max_iterations': 20, 'nl_convergence_tol': 1e-10, 'nl_divergence_tol': 100000.0}
INFO:GTS.isc_modelling.setup:Setup complete. Starting time-dependent simulation
INFO:GTS.ISC_data.isc:GTS-ISC data located at: /home/haakon/mastersproject/src/mastersproject/GTS/01BasicInputData.
INFO:GTS.ISC_data.fracture:Interpolating shearzone S1_1 ...
INFO:GTS.ISC_data.fracture:Saving vtk file of fracture network in 3D.
INFO:porepy.fracs.fractures:Find intersection between fratures
INFO:porepy.fracs.fractures:Found 12 intersections. Ellapsed time: 0.01353
INFO:porepy.fracs.fractures:Split intersections
INFO:porepy.fracs.fractures:Compile list of points and edges
INFO:porepy.fracs.fractures:Points and edges done. Elapsed time 0.00051
INFO:porepy.fracs.fractures:Uniquify points and edges, starting with 52 points, 40
                    edges
INFO:porepy.fracs.fractures:Uniquify complete. 12 points, 16 edges. Ellapsed time
                    0.01105
INFO:porepy.fracs.fractures:Remove edge intersections
DEBUG:porepy.fracs.fractures:Remove intersections from fracture 0
DEBUG:porepy.geometry.intersections:Segment intersection found in one point
DEBUG:porepy.geometry.intersections:Segment intersection found in one point
DEBUG:porepy.geometry.intersections:Segment intersection found in one point
DEBUG:porepy.geometry.intersections:Segment intersection found in one point
DEBUG:porepy.fracs.fractures:Remove intersections from fracture 1
DEBUG:porepy.geometry.intersections:Segment intersection found in one point
DEBUG:porepy.geometry.intersections:Segment intersection found in one point
DEBUG:porepy.geometry.intersections:Segment intersection found in one point
DEBUG:porepy.geometry.intersections:Segment intersection found in one point
DEBUG:porepy.fracs.fractures:Remove intersections from fracture 2
DEBUG:porepy.geometry.intersections:Segment intersection found in one point
DEBUG:porepy.geometry.intersections:Segment intersection found in one point
DEBUG:porepy.geometry.intersections:Segment intersection found in one point
DEBUG:porepy.geometry.intersections:Segment intersection found in one point
DEBUG:porepy.fracs.fractures:Remove intersections from fracture 3
DEBUG:porepy.geometry.intersections:Segment intersection found in one point
DEBUG:porepy.geometry.intersections:Segment intersection found in one point
DEBUG:porepy.geometry.intersections:Segment intersection found in one point
DEBUG:porepy.geometry.intersections:Segment intersection found in one point
DEBUG:porepy.fracs.fractures:Remove intersections from fracture 4
DEBUG:porepy.geometry.intersections:Segment intersection found in one point
DEBUG:porepy.geometry.intersections:Segment intersection found in one point
DEBUG:porepy.geometry.intersections:Segment intersection found in one point
DEBUG:porepy.geometry.intersections:Segment intersection found in one point
DEBUG:porepy.fracs.fractures:Remove intersections from fracture 5
DEBUG:porepy.geometry.intersections:Segment intersection found in one point
DEBUG:porepy.geometry.intersections:Segment intersection found in one point
DEBUG:porepy.geometry.intersections:Segment intersection found in one point
DEBUG:porepy.geometry.intersections:Segment intersection found in one point
DEBUG:porepy.fracs.fractures:Remove intersections from fracture 6
DEBUG:porepy.geometry.intersections:Segment intersection found in one point
DEBUG:porepy.geometry.intersections:Segment intersection found in one point
DEBUG:porepy.geometry.intersections:Segment intersection found in one point
DEBUG:porepy.geometry.intersections:Segment intersection found in one point
INFO:porepy.fracs.fractures:Done with intersection removal. Elapsed time 0.03622
INFO:porepy.fracs.fractures:Uniquify points and edges, starting with 12 points, 16
                    edges
INFO:porepy.fracs.fractures:Uniquify complete. 12 points, 16 edges. Ellapsed time
                    0.00803
INFO:porepy.fracs.fractures:Finished fracture splitting after 0.06576 seconds
INFO:porepy.fracs.fractures:Minimal distance between points encountered is 5.974325939999574
INFO:porepy.fracs.fractures:Gmsh completed with status 0
INFO:porepy.fracs.simplex:Grid creation completed. Elapsed time 0.01922774314880371
INFO:porepy.fracs.simplex:Created 1 3-d grids with 318 cells
INFO:porepy.fracs.simplex:Created 1 2-d grids with 24 cells
INFO:porepy.fracs.meshing:Assemble in bucket
INFO:porepy.fracs.meshing:Done. Elapsed time 0.002048015594482422
INFO:porepy.fracs.meshing:Compute geometry
INFO:porepy.fracs.meshing:Done. Elapsed time 0.0068013668060302734
INFO:porepy.fracs.meshing:Split fractures
INFO:porepy.fracs.meshing:Done. Elapsed time 0.044241905212402344
INFO:porepy.models.contact_mechanics_biot_model:Discretize
INFO:porepy.numerics.fv.mpsa:Split MPSA discretization into 1 parts
DEBUG:porepy.numerics.fv.mpsa:number of ncasym eliminated: 144
DEBUG:porepy.numerics.fv.mpsa:max igrad: 0.3975851519446375
INFO:porepy.numerics.fv.biot:Done with subproblem 0. Elapsed time 2.20833420753479
DEBUG:porepy.numerics.interface_laws.contact_mechanics_interface_laws:Done. Elapsed time 0.011229753494262695
DEBUG:porepy.numerics.interface_laws.contact_mechanics_interface_laws:Done. Elapsed time 0.010925054550170898
INFO:porepy.models.contact_mechanics_biot_model:Done. Elapsed time 5.738098621368408
INFO:porepy.viz.exporter:Construct 3d grid information using pure python
INFO:porepy.models.run_models:
Time step 1 at time -1.1e+04 of 0.0e+00 with time step 1.1e+04
INFO:porepy.models.contact_mechanics_biot_model:Discretize
INFO:porepy.numerics.fv.mpsa:Split MPSA discretization into 1 parts
DEBUG:porepy.numerics.fv.mpsa:number of ncasym eliminated: 144
DEBUG:porepy.numerics.fv.mpsa:max igrad: 0.3975851519446375
INFO:porepy.numerics.fv.biot:Done with subproblem 0. Elapsed time 2.1572306156158447
DEBUG:porepy.numerics.interface_laws.contact_mechanics_interface_laws:Done. Elapsed time 0.013652801513671875
DEBUG:porepy.numerics.interface_laws.contact_mechanics_interface_laws:Done. Elapsed time 0.011311531066894531
INFO:porepy.models.contact_mechanics_biot_model:Done. Elapsed time 4.950679302215576
INFO:porepy.numerics.nonlinear.nonlinear_solvers:Newton iteration number 0 of 20
DEBUG:porepy.numerics.interface_laws.contact_mechanics_interface_laws:Done. Elapsed time 0.011657953262329102
DEBUG:porepy.models.contact_mechanics_biot_model:Max element in A 4.02e+06
DEBUG:porepy.models.contact_mechanics_biot_model:Max 4.13e+06 and min 2.99e+00 A sum.
INFO:porepy.models.contact_mechanics_biot_model:Solve Ax=b using scipy
INFO:porepy.models.contact_mechanics_biot_model:Done. Elapsed time 0.14392852783203125
INFO:porepy.models.contact_mechanics_biot_model:||b-Ax|| = 4.874620068884892e-11
INFO:porepy.models.contact_mechanics_biot_model:||b-Ax|| / ||b|| = 1.4100108182030946e-10
INFO:porepy.models.contact_mechanics_biot_model:Max abs element in b 0.04271253449110873. Min abs element in b 0.0
INFO:GTS.isc_modelling.contact_mechanics_biot:diff iter u = 0.6348892311074441
INFO:GTS.isc_modelling.contact_mechanics_biot:diff init u = 0.6348892311074441
INFO:GTS.isc_modelling.contact_mechanics_biot:diff iter contact = 2.3987544787116726e+23
INFO:GTS.isc_modelling.contact_mechanics_biot:diff init contact = 2.3987544787116726e+23
INFO:GTS.isc_modelling.contact_mechanics_biot:diff iter scalar = 2.495259521005592e+16
INFO:GTS.isc_modelling.contact_mechanics_biot:diff init scalar = 2.495259521005592e+16
INFO:GTS.isc_modelling.contact_mechanics_biot:Error in contact force is 1.0
INFO:GTS.isc_modelling.contact_mechanics_biot:Error in matrix displacement is 1.0
INFO:GTS.isc_modelling.contact_mechanics_biot:Error in pressure is 1.0.
INFO:porepy.numerics.nonlinear.nonlinear_solvers:Newton iteration number 1 of 20
DEBUG:porepy.numerics.interface_laws.contact_mechanics_interface_laws:Done. Elapsed time 0.015079975128173828
DEBUG:porepy.models.contact_mechanics_biot_model:Max element in A 4.02e+06
DEBUG:porepy.models.contact_mechanics_biot_model:Max 4.13e+06 and min 1.00e+00 A sum.
INFO:porepy.models.contact_mechanics_biot_model:Solve Ax=b using scipy
INFO:porepy.models.contact_mechanics_biot_model:Done. Elapsed time 0.1907963752746582
INFO:porepy.models.contact_mechanics_biot_model:||b-Ax|| = 9.676781051254989e-11
INFO:porepy.models.contact_mechanics_biot_model:||b-Ax|| / ||b|| = 2.799057304032341e-10
INFO:porepy.models.contact_mechanics_biot_model:Max abs element in b 0.04271253449110873. Min abs element in b 0.0
INFO:GTS.isc_modelling.contact_mechanics_biot:diff iter u = 2.692556227819374e-05
INFO:GTS.isc_modelling.contact_mechanics_biot:diff init u = 0.6358626221285675
INFO:GTS.isc_modelling.contact_mechanics_biot:diff iter contact = 2.1589610116211232e+17
INFO:GTS.isc_modelling.contact_mechanics_biot:diff init contact = 2.3986843241465155e+23
INFO:GTS.isc_modelling.contact_mechanics_biot:diff iter scalar = 12714031995549.592
INFO:GTS.isc_modelling.contact_mechanics_biot:diff init scalar = 2.508942489172007e+16
INFO:GTS.isc_modelling.contact_mechanics_biot:Error in contact force is 9.00060499786403e-07
INFO:GTS.isc_modelling.contact_mechanics_biot:Error in matrix displacement is 4.23449363764451e-05
INFO:GTS.isc_modelling.contact_mechanics_biot:Error in pressure is 0.0005067486421239347.
INFO:porepy.numerics.nonlinear.nonlinear_solvers:Newton iteration number 2 of 20
DEBUG:porepy.numerics.interface_laws.contact_mechanics_interface_laws:Done. Elapsed time 0.013979673385620117
DEBUG:porepy.models.contact_mechanics_biot_model:Max element in A 4.02e+06
DEBUG:porepy.models.contact_mechanics_biot_model:Max 4.13e+06 and min 1.00e+00 A sum.
INFO:porepy.models.contact_mechanics_biot_model:Solve Ax=b using scipy
INFO:porepy.models.contact_mechanics_biot_model:Done. Elapsed time 0.1970374584197998
INFO:porepy.models.contact_mechanics_biot_model:||b-Ax|| = 6.654240643944745e-11
INFO:porepy.models.contact_mechanics_biot_model:||b-Ax|| / ||b|| = 1.9247711634217805e-10
INFO:porepy.models.contact_mechanics_biot_model:Max abs element in b 0.04271253449110873. Min abs element in b 0.0
INFO:GTS.isc_modelling.contact_mechanics_biot:diff iter u = 2.3066913133501144e-09
INFO:GTS.isc_modelling.contact_mechanics_biot:diff init u = 0.6358808393314893
INFO:GTS.isc_modelling.contact_mechanics_biot:diff iter contact = 390714086703936.9
INFO:GTS.isc_modelling.contact_mechanics_biot:diff init contact = 2.3986114834296194e+23
INFO:GTS.isc_modelling.contact_mechanics_biot:diff iter scalar = 8482365904.651516
INFO:GTS.isc_modelling.contact_mechanics_biot:diff init scalar = 2.50922234810364e+16
INFO:GTS.isc_modelling.contact_mechanics_biot:Error in contact force is 1.6289177693141037e-09
INFO:GTS.isc_modelling.contact_mechanics_biot:Error in matrix displacement is 3.627552790826615e-09
INFO:GTS.isc_modelling.contact_mechanics_biot:Error in pressure is 3.380475991321421e-07.
INFO:porepy.numerics.nonlinear.nonlinear_solvers:Newton iteration number 3 of 20
DEBUG:porepy.numerics.interface_laws.contact_mechanics_interface_laws:Done. Elapsed time 0.016337871551513672
DEBUG:porepy.models.contact_mechanics_biot_model:Max element in A 4.02e+06
DEBUG:porepy.models.contact_mechanics_biot_model:Max 4.13e+06 and min 1.00e+00 A sum.
INFO:porepy.models.contact_mechanics_biot_model:Solve Ax=b using scipy
INFO:porepy.models.contact_mechanics_biot_model:Done. Elapsed time 0.15880966186523438
INFO:porepy.models.contact_mechanics_biot_model:||b-Ax|| = 1.1389763165426282e-10
INFO:porepy.models.contact_mechanics_biot_model:||b-Ax|| / ||b|| = 3.2945431740153633e-10
INFO:porepy.models.contact_mechanics_biot_model:Max abs element in b 0.04271253449110873. Min abs element in b 0.0
INFO:GTS.isc_modelling.contact_mechanics_biot:diff iter u = 1.5953139110303992e-09
INFO:GTS.isc_modelling.contact_mechanics_biot:diff init u = 0.63588734833154
INFO:GTS.isc_modelling.contact_mechanics_biot:diff iter contact = 19513596290914.62
INFO:GTS.isc_modelling.contact_mechanics_biot:diff init contact = 2.39860769985422e+23
INFO:GTS.isc_modelling.contact_mechanics_biot:diff iter scalar = 595632627.7036622
INFO:GTS.isc_modelling.contact_mechanics_biot:diff init scalar = 2.509273529304583e+16
INFO:GTS.isc_modelling.contact_mechanics_biot:Error in contact force is 8.135384661735471e-11
INFO:GTS.isc_modelling.contact_mechanics_biot:Error in matrix displacement is 2.5087995778123766e-09
INFO:GTS.isc_modelling.contact_mechanics_biot:Error in pressure is 2.3737253860432466e-08.
INFO:porepy.numerics.nonlinear.nonlinear_solvers:Newton iteration number 4 of 20
DEBUG:porepy.numerics.interface_laws.contact_mechanics_interface_laws:Done. Elapsed time 0.014591455459594727
DEBUG:porepy.models.contact_mechanics_biot_model:Max element in A 4.02e+06
DEBUG:porepy.models.contact_mechanics_biot_model:Max 4.13e+06 and min 1.00e+00 A sum.
INFO:porepy.models.contact_mechanics_biot_model:Solve Ax=b using scipy
INFO:porepy.models.contact_mechanics_biot_model:Done. Elapsed time 0.20361900329589844
INFO:porepy.models.contact_mechanics_biot_model:||b-Ax|| = 6.929181140090627e-11
INFO:porepy.models.contact_mechanics_biot_model:||b-Ax|| / ||b|| = 2.0042985689786223e-10
INFO:porepy.models.contact_mechanics_biot_model:Max abs element in b 0.04271253449110873. Min abs element in b 0.0
INFO:GTS.isc_modelling.contact_mechanics_biot:diff iter u = 5.4392143959821914e-12
INFO:GTS.isc_modelling.contact_mechanics_biot:diff init u = 0.635887753274806
INFO:GTS.isc_modelling.contact_mechanics_biot:diff iter contact = 122382308079.18243
INFO:GTS.isc_modelling.contact_mechanics_biot:diff init contact = 2.398607393154495e+23
INFO:GTS.isc_modelling.contact_mechanics_biot:diff iter scalar = 3680401.514536021
INFO:GTS.isc_modelling.contact_mechanics_biot:diff init scalar = 2.5092799243579772e+16
INFO:GTS.isc_modelling.contact_mechanics_biot:u converged absolutely.
INFO:GTS.isc_modelling.contact_mechanics_biot:Error in contact force is 5.102223416322962e-13
INFO:GTS.isc_modelling.contact_mechanics_biot:Error in matrix displacement is 5.4392143959821914e-12
INFO:GTS.isc_modelling.contact_mechanics_biot:Error in pressure is 1.4667161996594247e-10.
INFO:porepy.models.run_models:
Time step 2 at time 0.0e+00 of 0.0e+00 with time step 1.1e+04
INFO:GTS.isc_modelling.contact_mechanics_biot:A new phase has started: Phase 1
INFO:porepy.models.contact_mechanics_biot_model:Discretize
INFO:porepy.numerics.fv.mpsa:Split MPSA discretization into 1 parts
DEBUG:porepy.numerics.fv.mpsa:number of ncasym eliminated: 144
DEBUG:porepy.numerics.fv.mpsa:max igrad: 0.3975851519446375
INFO:porepy.numerics.fv.biot:Done with subproblem 0. Elapsed time 2.107231855392456
DEBUG:porepy.numerics.interface_laws.contact_mechanics_interface_laws:Done. Elapsed time 0.012997627258300781
DEBUG:porepy.numerics.interface_laws.contact_mechanics_interface_laws:Done. Elapsed time 0.012280464172363281
INFO:porepy.models.contact_mechanics_biot_model:Done. Elapsed time 4.805270195007324
INFO:porepy.numerics.nonlinear.nonlinear_solvers:Newton iteration number 0 of 20
DEBUG:porepy.numerics.interface_laws.contact_mechanics_interface_laws:Done. Elapsed time 0.011979341506958008
DEBUG:porepy.models.contact_mechanics_biot_model:Max element in A 4.02e+06
DEBUG:porepy.models.contact_mechanics_biot_model:Max 4.13e+06 and min 1.00e+00 A sum.
INFO:porepy.models.contact_mechanics_biot_model:Solve Ax=b using scipy
INFO:porepy.models.contact_mechanics_biot_model:Done. Elapsed time 0.15076637268066406
INFO:porepy.models.contact_mechanics_biot_model:||b-Ax|| = 8.770164536431777e-11
INFO:porepy.models.contact_mechanics_biot_model:||b-Ax|| / ||b|| = 2.536818339386822e-10
INFO:porepy.models.contact_mechanics_biot_model:Max abs element in b 0.04271253449110873. Min abs element in b 0.0
INFO:GTS.isc_modelling.contact_mechanics_biot:diff iter u = 6.772988696736232e-14
INFO:GTS.isc_modelling.contact_mechanics_biot:diff init u = 6.772988696736232e-14
INFO:GTS.isc_modelling.contact_mechanics_biot:diff iter contact = 2414455973.935727
INFO:GTS.isc_modelling.contact_mechanics_biot:diff init contact = 2414455973.935727
INFO:GTS.isc_modelling.contact_mechanics_biot:diff iter scalar = 135193.70822177333
INFO:GTS.isc_modelling.contact_mechanics_biot:diff init scalar = 135193.70822177333
INFO:GTS.isc_modelling.contact_mechanics_biot:u converged absolutely.
INFO:GTS.isc_modelling.contact_mechanics_biot:Error in contact force is 1.0
INFO:GTS.isc_modelling.contact_mechanics_biot:Error in matrix displacement is 6.772988696736232e-14
INFO:GTS.isc_modelling.contact_mechanics_biot:Error in pressure is 1.0.
INFO:GTS.isc_modelling.contact_mechanics_biot:Solution exported to folder 
 /home/haakon/mastersproject/src/mastersproject/GTS/isc_modelling/results/200220/S1_1/length_scaling/ls_1
INFO:GTS.isc_modelling.setup:Simulation complete. Exporting solution. Time: 2020-02-20T17:36:39+01:00
INFO:GTS.isc_modelling.setup:Preparing setup for mechanics simulation on 2020-02-20T17:37:24+01:00
INFO:GTS.isc_modelling.setup:Visualization folder path: 
 /home/haakon/mastersproject/src/mastersproject/GTS/isc_modelling/results/200220/S1_1/length_scaling/ls_1__sz_5
INFO:GTS.isc_modelling.setup:Mesh arguments: 
 {'mesh_size_frac': 5, 'mesh_size_min': 0.5, 'mesh_size_bound': 30}
INFO:GTS.isc_modelling.setup:Bounding box: 
 {'xmin': -20, 'xmax': 80, 'ymin': 50, 'ymax': 150, 'zmin': -25, 'zmax': 75}
INFO:GTS.isc_modelling.setup:Shear zones in simulation: 
 ['S1_1']
INFO:GTS.isc_modelling.setup:Non-default length scale: 1
INFO:GTS.isc_modelling.setup:Non-default scalar scale: 100000000000.0
INFO:GTS.isc_modelling.setup:Solver type: direct
INFO:GTS.isc_modelling.setup:Injection location: 
 {'shearzone': 'S1_2', 'borehole': 'INJ1'}
INFO:GTS.isc_modelling.setup:Stress tensor: 
 [[-11393046.22034133    597621.26708787   1842573.57669909]
 [   597621.26708787  -8873267.78285116   -586150.35104884]
 [  1842573.57669909   -586150.35104884 -10733685.99680752]]
INFO:GTS.isc_modelling.contact_mechanics_biot:Initializing contact mechanics biot on ISC dataset
INFO:GTS.isc_modelling.mechanics:Initializing contact mechanics on ISC dataset
INFO:GTS.ISC_data.isc:GTS-ISC data located at: /home/haakon/mastersproject/src/mastersproject/GTS/01BasicInputData.
INFO:GTS.isc_modelling.setup:Options for Newton solver: 
 {'max_iterations': 20, 'nl_convergence_tol': 1e-10, 'nl_divergence_tol': 100000.0}
INFO:GTS.isc_modelling.setup:Setup complete. Starting time-dependent simulation
INFO:GTS.ISC_data.isc:GTS-ISC data located at: /home/haakon/mastersproject/src/mastersproject/GTS/01BasicInputData.
INFO:GTS.ISC_data.fracture:Interpolating shearzone S1_1 ...
INFO:GTS.ISC_data.fracture:Saving vtk file of fracture network in 3D.
INFO:porepy.fracs.fractures:Find intersection between fratures
INFO:porepy.fracs.fractures:Found 12 intersections. Ellapsed time: 0.01211
INFO:porepy.fracs.fractures:Split intersections
INFO:porepy.fracs.fractures:Compile list of points and edges
INFO:porepy.fracs.fractures:Points and edges done. Elapsed time 0.00052
INFO:porepy.fracs.fractures:Uniquify points and edges, starting with 52 points, 40
                    edges
INFO:porepy.fracs.fractures:Uniquify complete. 12 points, 16 edges. Ellapsed time
                    0.01230
INFO:porepy.fracs.fractures:Remove edge intersections
DEBUG:porepy.fracs.fractures:Remove intersections from fracture 0
DEBUG:porepy.geometry.intersections:Segment intersection found in one point
DEBUG:porepy.geometry.intersections:Segment intersection found in one point
DEBUG:porepy.geometry.intersections:Segment intersection found in one point
DEBUG:porepy.geometry.intersections:Segment intersection found in one point
DEBUG:porepy.fracs.fractures:Remove intersections from fracture 1
DEBUG:porepy.geometry.intersections:Segment intersection found in one point
DEBUG:porepy.geometry.intersections:Segment intersection found in one point
DEBUG:porepy.geometry.intersections:Segment intersection found in one point
DEBUG:porepy.geometry.intersections:Segment intersection found in one point
DEBUG:porepy.fracs.fractures:Remove intersections from fracture 2
DEBUG:porepy.geometry.intersections:Segment intersection found in one point
DEBUG:porepy.geometry.intersections:Segment intersection found in one point
DEBUG:porepy.geometry.intersections:Segment intersection found in one point
DEBUG:porepy.geometry.intersections:Segment intersection found in one point
DEBUG:porepy.fracs.fractures:Remove intersections from fracture 3
DEBUG:porepy.geometry.intersections:Segment intersection found in one point
DEBUG:porepy.geometry.intersections:Segment intersection found in one point
DEBUG:porepy.geometry.intersections:Segment intersection found in one point
DEBUG:porepy.geometry.intersections:Segment intersection found in one point
DEBUG:porepy.fracs.fractures:Remove intersections from fracture 4
DEBUG:porepy.geometry.intersections:Segment intersection found in one point
DEBUG:porepy.geometry.intersections:Segment intersection found in one point
DEBUG:porepy.geometry.intersections:Segment intersection found in one point
DEBUG:porepy.geometry.intersections:Segment intersection found in one point
DEBUG:porepy.fracs.fractures:Remove intersections from fracture 5
DEBUG:porepy.geometry.intersections:Segment intersection found in one point
DEBUG:porepy.geometry.intersections:Segment intersection found in one point
DEBUG:porepy.geometry.intersections:Segment intersection found in one point
DEBUG:porepy.geometry.intersections:Segment intersection found in one point
DEBUG:porepy.fracs.fractures:Remove intersections from fracture 6
DEBUG:porepy.geometry.intersections:Segment intersection found in one point
DEBUG:porepy.geometry.intersections:Segment intersection found in one point
DEBUG:porepy.geometry.intersections:Segment intersection found in one point
DEBUG:porepy.geometry.intersections:Segment intersection found in one point
INFO:porepy.fracs.fractures:Done with intersection removal. Elapsed time 0.03559
INFO:porepy.fracs.fractures:Uniquify points and edges, starting with 12 points, 16
                    edges
INFO:porepy.fracs.fractures:Uniquify complete. 12 points, 16 edges. Ellapsed time
                    0.00921
INFO:porepy.fracs.fractures:Finished fracture splitting after 0.06655 seconds
INFO:porepy.fracs.fractures:Minimal distance between points encountered is 5.974325939999574
INFO:porepy.fracs.fractures:Gmsh completed with status 0
INFO:porepy.fracs.simplex:Grid creation completed. Elapsed time 0.028411149978637695
INFO:porepy.fracs.simplex:Created 1 3-d grids with 1509 cells
INFO:porepy.fracs.simplex:Created 1 2-d grids with 123 cells
INFO:porepy.fracs.meshing:Assemble in bucket
INFO:porepy.fracs.meshing:Done. Elapsed time 0.006125450134277344
INFO:porepy.fracs.meshing:Compute geometry
INFO:porepy.fracs.meshing:Done. Elapsed time 0.02224254608154297
INFO:porepy.fracs.meshing:Split fractures
INFO:porepy.fracs.meshing:Done. Elapsed time 0.167588472366333
INFO:porepy.models.contact_mechanics_biot_model:Discretize
INFO:porepy.numerics.fv.mpsa:Split MPSA discretization into 1 parts
DEBUG:porepy.numerics.fv.mpsa:number of ncasym eliminated: 348
DEBUG:porepy.numerics.fv.mpsa:max igrad: 1.1230013752411778
INFO:porepy.numerics.fv.biot:Done with subproblem 0. Elapsed time 5.9250407218933105
DEBUG:porepy.numerics.interface_laws.contact_mechanics_interface_laws:Done. Elapsed time 0.01745772361755371
DEBUG:porepy.numerics.interface_laws.contact_mechanics_interface_laws:Done. Elapsed time 0.017653226852416992
INFO:porepy.models.contact_mechanics_biot_model:Done. Elapsed time 8.969688177108765
INFO:porepy.viz.exporter:Construct 3d grid information using numba
INFO:porepy.models.run_models:
Time step 1 at time -1.1e+04 of 0.0e+00 with time step 1.1e+04
INFO:porepy.models.contact_mechanics_biot_model:Discretize
INFO:porepy.numerics.fv.mpsa:Split MPSA discretization into 1 parts
DEBUG:porepy.numerics.fv.mpsa:number of ncasym eliminated: 348
DEBUG:porepy.numerics.fv.mpsa:max igrad: 1.1230013752411778
INFO:porepy.numerics.fv.biot:Done with subproblem 0. Elapsed time 5.911849021911621
DEBUG:porepy.numerics.interface_laws.contact_mechanics_interface_laws:Done. Elapsed time 0.019863605499267578
DEBUG:porepy.numerics.interface_laws.contact_mechanics_interface_laws:Done. Elapsed time 0.017951488494873047
INFO:porepy.models.contact_mechanics_biot_model:Done. Elapsed time 9.025614738464355
INFO:porepy.numerics.nonlinear.nonlinear_solvers:Newton iteration number 0 of 20
DEBUG:porepy.numerics.interface_laws.contact_mechanics_interface_laws:Done. Elapsed time 0.01963663101196289
DEBUG:porepy.models.contact_mechanics_biot_model:Max element in A 5.40e+06
DEBUG:porepy.models.contact_mechanics_biot_model:Max 5.74e+06 and min 2.58e+00 A sum.
INFO:porepy.models.contact_mechanics_biot_model:Solve Ax=b using scipy
INFO:porepy.models.contact_mechanics_biot_model:Done. Elapsed time 3.567384958267212
INFO:porepy.models.contact_mechanics_biot_model:||b-Ax|| = 1.3055972057593847e-10
INFO:porepy.models.contact_mechanics_biot_model:||b-Ax|| / ||b|| = 5.198673918791555e-10
INFO:porepy.models.contact_mechanics_biot_model:Max abs element in b 0.021400148913896147. Min abs element in b 0.0
INFO:GTS.isc_modelling.contact_mechanics_biot:diff iter u = 0.847365369422104
INFO:GTS.isc_modelling.contact_mechanics_biot:diff init u = 0.847365369422104
INFO:GTS.isc_modelling.contact_mechanics_biot:diff iter contact = 1.22991258317458e+24
INFO:GTS.isc_modelling.contact_mechanics_biot:diff init contact = 1.22991258317458e+24
INFO:GTS.isc_modelling.contact_mechanics_biot:diff iter scalar = 1.4969719961646474e+17
INFO:GTS.isc_modelling.contact_mechanics_biot:diff init scalar = 1.4969719961646474e+17
INFO:GTS.isc_modelling.contact_mechanics_biot:Error in contact force is 1.0
INFO:GTS.isc_modelling.contact_mechanics_biot:Error in matrix displacement is 1.0
INFO:GTS.isc_modelling.contact_mechanics_biot:Error in pressure is 1.0.
INFO:porepy.numerics.nonlinear.nonlinear_solvers:Newton iteration number 1 of 20
DEBUG:porepy.numerics.interface_laws.contact_mechanics_interface_laws:Done. Elapsed time 0.027683734893798828
DEBUG:porepy.models.contact_mechanics_biot_model:Max element in A 5.40e+06
DEBUG:porepy.models.contact_mechanics_biot_model:Max 5.74e+06 and min 1.00e+00 A sum.
INFO:porepy.models.contact_mechanics_biot_model:Solve Ax=b using scipy
INFO:porepy.models.contact_mechanics_biot_model:Done. Elapsed time 3.612051010131836
INFO:porepy.models.contact_mechanics_biot_model:||b-Ax|| = 1.5355482515869606e-10
INFO:porepy.models.contact_mechanics_biot_model:||b-Ax|| / ||b|| = 6.114299665636143e-10
INFO:porepy.models.contact_mechanics_biot_model:Max abs element in b 0.021400148913896147. Min abs element in b 0.0
INFO:GTS.isc_modelling.contact_mechanics_biot:diff iter u = 0.0001098919664287902
INFO:GTS.isc_modelling.contact_mechanics_biot:diff init u = 0.847103440011491
INFO:GTS.isc_modelling.contact_mechanics_biot:diff iter contact = 2.3764259052852744e+16
INFO:GTS.isc_modelling.contact_mechanics_biot:diff init contact = 1.2298949327241475e+24
INFO:GTS.isc_modelling.contact_mechanics_biot:diff iter scalar = 104914106540255.12
INFO:GTS.isc_modelling.contact_mechanics_biot:diff init scalar = 1.4991354261033866e+17
INFO:GTS.isc_modelling.contact_mechanics_biot:Error in contact force is 1.9322186327100525e-08
INFO:GTS.isc_modelling.contact_mechanics_biot:Error in matrix displacement is 0.0001297267384810756
INFO:GTS.isc_modelling.contact_mechanics_biot:Error in pressure is 0.0006998307471990847.
INFO:porepy.numerics.nonlinear.nonlinear_solvers:Newton iteration number 2 of 20
DEBUG:porepy.numerics.interface_laws.contact_mechanics_interface_laws:Done. Elapsed time 0.02581930160522461
DEBUG:porepy.models.contact_mechanics_biot_model:Max element in A 5.40e+06
DEBUG:porepy.models.contact_mechanics_biot_model:Max 5.74e+06 and min 1.00e+00 A sum.
INFO:porepy.models.contact_mechanics_biot_model:Solve Ax=b using scipy
INFO:porepy.models.contact_mechanics_biot_model:Done. Elapsed time 3.7714054584503174
INFO:porepy.models.contact_mechanics_biot_model:||b-Ax|| = 1.2823369498504768e-10
INFO:porepy.models.contact_mechanics_biot_model:||b-Ax|| / ||b|| = 5.101816485082024e-10
INFO:porepy.models.contact_mechanics_biot_model:Max abs element in b 0.021400148913896147. Min abs element in b 0.0
INFO:GTS.isc_modelling.contact_mechanics_biot:diff iter u = 4.0592494132188096e-05
INFO:GTS.isc_modelling.contact_mechanics_biot:diff init u = 0.8467690274518758
INFO:GTS.isc_modelling.contact_mechanics_biot:diff iter contact = 6.0885489217517816e+16
INFO:GTS.isc_modelling.contact_mechanics_biot:diff init contact = 1.2299012849702878e+24
INFO:GTS.isc_modelling.contact_mechanics_biot:diff iter scalar = 130726517780640.92
INFO:GTS.isc_modelling.contact_mechanics_biot:diff init scalar = 1.49888545548745e+17
INFO:GTS.isc_modelling.contact_mechanics_biot:Error in contact force is 4.9504370766625145e-08
INFO:GTS.isc_modelling.contact_mechanics_biot:Error in matrix displacement is 4.7938095060397184e-05
INFO:GTS.isc_modelling.contact_mechanics_biot:Error in pressure is 0.0008721581579302708.
INFO:porepy.numerics.nonlinear.nonlinear_solvers:Newton iteration number 3 of 20
DEBUG:porepy.numerics.interface_laws.contact_mechanics_interface_laws:Done. Elapsed time 0.030246973037719727
DEBUG:porepy.models.contact_mechanics_biot_model:Max element in A 5.40e+06
DEBUG:porepy.models.contact_mechanics_biot_model:Max 5.74e+06 and min 1.00e+00 A sum.
INFO:porepy.models.contact_mechanics_biot_model:Solve Ax=b using scipy
INFO:porepy.models.contact_mechanics_biot_model:Done. Elapsed time 3.480133056640625
INFO:porepy.models.contact_mechanics_biot_model:||b-Ax|| = 1.516293542239888e-10
INFO:porepy.models.contact_mechanics_biot_model:||b-Ax|| / ||b|| = 6.037259697779951e-10
INFO:porepy.models.contact_mechanics_biot_model:Max abs element in b 0.021400148913896147. Min abs element in b 0.0
INFO:GTS.isc_modelling.contact_mechanics_biot:diff iter u = 2.8377309750469373e-05
INFO:GTS.isc_modelling.contact_mechanics_biot:diff init u = 0.846874363432744
INFO:GTS.isc_modelling.contact_mechanics_biot:diff iter contact = 1.1396050879730365e+17
INFO:GTS.isc_modelling.contact_mechanics_biot:diff init contact = 1.2299262626481158e+24
INFO:GTS.isc_modelling.contact_mechanics_biot:diff iter scalar = 229953924568591.7
INFO:GTS.isc_modelling.contact_mechanics_biot:diff init scalar = 1.501107209779957e+17
INFO:GTS.isc_modelling.contact_mechanics_biot:Error in contact force is 9.265637482359213e-08
INFO:GTS.isc_modelling.contact_mechanics_biot:Error in matrix displacement is 3.350828762302356e-05
INFO:GTS.isc_modelling.contact_mechanics_biot:Error in pressure is 0.0015318954107368518.
INFO:porepy.numerics.nonlinear.nonlinear_solvers:Newton iteration number 4 of 20
DEBUG:porepy.numerics.interface_laws.contact_mechanics_interface_laws:Done. Elapsed time 0.025672435760498047
DEBUG:porepy.models.contact_mechanics_biot_model:Max element in A 5.40e+06
DEBUG:porepy.models.contact_mechanics_biot_model:Max 5.74e+06 and min 1.00e+00 A sum.
INFO:porepy.models.contact_mechanics_biot_model:Solve Ax=b using scipy
INFO:porepy.models.contact_mechanics_biot_model:Done. Elapsed time 4.175862789154053
INFO:porepy.models.contact_mechanics_biot_model:||b-Ax|| = 1.7303781014796976e-10
INFO:porepy.models.contact_mechanics_biot_model:||b-Ax|| / ||b|| = 6.886743274576385e-10
INFO:porepy.models.contact_mechanics_biot_model:Max abs element in b 0.021400148913896147. Min abs element in b 0.0
INFO:GTS.isc_modelling.contact_mechanics_biot:diff iter u = 2.2197330965133925e-05
INFO:GTS.isc_modelling.contact_mechanics_biot:diff init u = 0.8470447543693872
INFO:GTS.isc_modelling.contact_mechanics_biot:diff iter contact = 9.183873282119632e+16
INFO:GTS.isc_modelling.contact_mechanics_biot:diff init contact = 1.2299426837886372e+24
INFO:GTS.isc_modelling.contact_mechanics_biot:diff iter scalar = 185010735847125.8
INFO:GTS.isc_modelling.contact_mechanics_biot:diff init scalar = 1.499178407179621e+17
INFO:GTS.isc_modelling.contact_mechanics_biot:Error in contact force is 7.466911591221643e-08
INFO:GTS.isc_modelling.contact_mechanics_biot:Error in matrix displacement is 2.620561764963591e-05
INFO:GTS.isc_modelling.contact_mechanics_biot:Error in pressure is 0.0012340808469565897.
INFO:porepy.numerics.nonlinear.nonlinear_solvers:Newton iteration number 5 of 20
DEBUG:porepy.numerics.interface_laws.contact_mechanics_interface_laws:Done. Elapsed time 0.023607969284057617
DEBUG:porepy.models.contact_mechanics_biot_model:Max element in A 5.40e+06
DEBUG:porepy.models.contact_mechanics_biot_model:Max 5.74e+06 and min 1.00e+00 A sum.
INFO:porepy.models.contact_mechanics_biot_model:Solve Ax=b using scipy
INFO:porepy.models.contact_mechanics_biot_model:Done. Elapsed time 3.52217173576355
INFO:porepy.models.contact_mechanics_biot_model:||b-Ax|| = 1.7730197631685968e-10
INFO:porepy.models.contact_mechanics_biot_model:||b-Ax|| / ||b|| = 7.058047042265982e-10
INFO:porepy.models.contact_mechanics_biot_model:Max abs element in b 0.021400148913896147. Min abs element in b 0.0
INFO:GTS.isc_modelling.contact_mechanics_biot:diff iter u = 1.4353824956561013e-05
INFO:GTS.isc_modelling.contact_mechanics_biot:diff init u = 0.846791588880786
INFO:GTS.isc_modelling.contact_mechanics_biot:diff iter contact = 9.71759114213078e+16
INFO:GTS.isc_modelling.contact_mechanics_biot:diff init contact = 1.229965587420688e+24
INFO:GTS.isc_modelling.contact_mechanics_biot:diff iter scalar = 122377017685203.94
INFO:GTS.isc_modelling.contact_mechanics_biot:diff init scalar = 1.500248141371074e+17
INFO:GTS.isc_modelling.contact_mechanics_biot:Error in contact force is 7.900701646872215e-08
INFO:GTS.isc_modelling.contact_mechanics_biot:Error in matrix displacement is 1.695083553620629e-05
INFO:GTS.isc_modelling.contact_mechanics_biot:Error in pressure is 0.0008157118433312227.
INFO:porepy.numerics.nonlinear.nonlinear_solvers:Newton iteration number 6 of 20
DEBUG:porepy.numerics.interface_laws.contact_mechanics_interface_laws:Done. Elapsed time 0.03650999069213867
DEBUG:porepy.models.contact_mechanics_biot_model:Max element in A 5.40e+06
DEBUG:porepy.models.contact_mechanics_biot_model:Max 5.74e+06 and min 1.00e+00 A sum.
INFO:porepy.models.contact_mechanics_biot_model:Solve Ax=b using scipy
INFO:porepy.models.contact_mechanics_biot_model:Done. Elapsed time 3.61149525642395
INFO:porepy.models.contact_mechanics_biot_model:||b-Ax|| = 8.005885920009605e-11
INFO:porepy.models.contact_mechanics_biot_model:||b-Ax|| / ||b|| = 3.1865780697586995e-10
INFO:porepy.models.contact_mechanics_biot_model:Max abs element in b 0.021400148913896147. Min abs element in b 0.0
INFO:GTS.isc_modelling.contact_mechanics_biot:diff iter u = 1.9679569751695e-05
INFO:GTS.isc_modelling.contact_mechanics_biot:diff init u = 0.8466877695551162
INFO:GTS.isc_modelling.contact_mechanics_biot:diff iter contact = 2.9048419876351443e+17
INFO:GTS.isc_modelling.contact_mechanics_biot:diff init contact = 1.2299564804997943e+24
INFO:GTS.isc_modelling.contact_mechanics_biot:diff iter scalar = 434916563626834.0
INFO:GTS.isc_modelling.contact_mechanics_biot:diff init scalar = 1.5018945918372854e+17
INFO:GTS.isc_modelling.contact_mechanics_biot:Error in contact force is 2.3617437150741776e-07
INFO:GTS.isc_modelling.contact_mechanics_biot:Error in matrix displacement is 2.3243006996587938e-05
INFO:GTS.isc_modelling.contact_mechanics_biot:Error in pressure is 0.0028957862022446954.
INFO:porepy.numerics.nonlinear.nonlinear_solvers:Newton iteration number 7 of 20
DEBUG:porepy.numerics.interface_laws.contact_mechanics_interface_laws:Done. Elapsed time 0.024987220764160156
DEBUG:porepy.models.contact_mechanics_biot_model:Max element in A 5.40e+06
DEBUG:porepy.models.contact_mechanics_biot_model:Max 5.74e+06 and min 1.00e+00 A sum.
INFO:porepy.models.contact_mechanics_biot_model:Solve Ax=b using scipy
INFO:porepy.models.contact_mechanics_biot_model:Done. Elapsed time 4.706958293914795
INFO:porepy.models.contact_mechanics_biot_model:||b-Ax|| = 2.3953531310981413e-10
INFO:porepy.models.contact_mechanics_biot_model:||b-Ax|| / ||b|| = 9.535903902411605e-10
INFO:porepy.models.contact_mechanics_biot_model:Max abs element in b 0.021400148913896147. Min abs element in b 0.0
INFO:GTS.isc_modelling.contact_mechanics_biot:diff iter u = 0.00047076285661935813
INFO:GTS.isc_modelling.contact_mechanics_biot:diff init u = 0.8487327884625648
INFO:GTS.isc_modelling.contact_mechanics_biot:diff iter contact = 3.888325868638861e+18
INFO:GTS.isc_modelling.contact_mechanics_biot:diff init contact = 1.2298479136593972e+24
INFO:GTS.isc_modelling.contact_mechanics_biot:diff iter scalar = 3477157174117380.5
INFO:GTS.isc_modelling.contact_mechanics_biot:diff init scalar = 1.5307993987559427e+17
INFO:GTS.isc_modelling.contact_mechanics_biot:Error in contact force is 3.16163147121923e-06
INFO:GTS.isc_modelling.contact_mechanics_biot:Error in matrix displacement is 0.000554665570859022
INFO:GTS.isc_modelling.contact_mechanics_biot:Error in pressure is 0.022714649463170766.
INFO:porepy.numerics.nonlinear.nonlinear_solvers:Newton iteration number 8 of 20
DEBUG:porepy.numerics.interface_laws.contact_mechanics_interface_laws:Done. Elapsed time 0.04812979698181152
DEBUG:porepy.models.contact_mechanics_biot_model:Max element in A 5.40e+06
DEBUG:porepy.models.contact_mechanics_biot_model:Max 5.74e+06 and min 1.00e+00 A sum.
INFO:porepy.models.contact_mechanics_biot_model:Solve Ax=b using scipy
INFO:porepy.models.contact_mechanics_biot_model:Done. Elapsed time 4.414464950561523
INFO:porepy.models.contact_mechanics_biot_model:||b-Ax|| = 1.8782156675803394e-10
INFO:porepy.models.contact_mechanics_biot_model:||b-Ax|| / ||b|| = 7.477085443058538e-10
INFO:porepy.models.contact_mechanics_biot_model:Max abs element in b 0.021400148913896147. Min abs element in b 0.0
INFO:GTS.isc_modelling.contact_mechanics_biot:diff iter u = 0.00039779066955132874
INFO:GTS.isc_modelling.contact_mechanics_biot:diff init u = 0.8469559241322238
INFO:GTS.isc_modelling.contact_mechanics_biot:diff iter contact = 3.7377920134123464e+18
INFO:GTS.isc_modelling.contact_mechanics_biot:diff init contact = 1.229946607640152e+24
INFO:GTS.isc_modelling.contact_mechanics_biot:diff iter scalar = 3254029029658978.0
INFO:GTS.isc_modelling.contact_mechanics_biot:diff init scalar = 1.497431752836556e+17
INFO:GTS.isc_modelling.contact_mechanics_biot:Error in contact force is 3.0389872130985376e-06
INFO:GTS.isc_modelling.contact_mechanics_biot:Error in matrix displacement is 0.00046967103979926475
INFO:GTS.isc_modelling.contact_mechanics_biot:Error in pressure is 0.02173073346077331.
INFO:porepy.numerics.nonlinear.nonlinear_solvers:Newton iteration number 9 of 20
DEBUG:porepy.numerics.interface_laws.contact_mechanics_interface_laws:Done. Elapsed time 0.028378009796142578
DEBUG:porepy.models.contact_mechanics_biot_model:Max element in A 5.40e+06
DEBUG:porepy.models.contact_mechanics_biot_model:Max 5.74e+06 and min 1.00e+00 A sum.
INFO:porepy.models.contact_mechanics_biot_model:Solve Ax=b using scipy
INFO:porepy.models.contact_mechanics_biot_model:Done. Elapsed time 4.771348714828491
INFO:porepy.models.contact_mechanics_biot_model:||b-Ax|| = 1.3596570319861569e-10
INFO:porepy.models.contact_mechanics_biot_model:||b-Ax|| / ||b|| = 5.413264312201702e-10
INFO:porepy.models.contact_mechanics_biot_model:Max abs element in b 0.021400148913896147. Min abs element in b 0.0
INFO:GTS.isc_modelling.contact_mechanics_biot:diff iter u = 4.2497639031123065e-05
INFO:GTS.isc_modelling.contact_mechanics_biot:diff init u = 0.8469521191979953
INFO:GTS.isc_modelling.contact_mechanics_biot:diff iter contact = 2.536076392133355e+17
INFO:GTS.isc_modelling.contact_mechanics_biot:diff init contact = 1.229952543303551e+24
INFO:GTS.isc_modelling.contact_mechanics_biot:diff iter scalar = 254985908998455.7
INFO:GTS.isc_modelling.contact_mechanics_biot:diff init scalar = 1.4982917942362477e+17
INFO:GTS.isc_modelling.contact_mechanics_biot:Error in contact force is 2.0619302801079323e-07
INFO:GTS.isc_modelling.contact_mechanics_biot:Error in matrix displacement is 5.017714469073573e-05
INFO:GTS.isc_modelling.contact_mechanics_biot:Error in pressure is 0.0017018441266204386.
INFO:porepy.numerics.nonlinear.nonlinear_solvers:Newton iteration number 10 of 20
DEBUG:porepy.numerics.interface_laws.contact_mechanics_interface_laws:Done. Elapsed time 0.027653217315673828
DEBUG:porepy.models.contact_mechanics_biot_model:Max element in A 5.40e+06
DEBUG:porepy.models.contact_mechanics_biot_model:Max 5.74e+06 and min 1.00e+00 A sum.
INFO:porepy.models.contact_mechanics_biot_model:Solve Ax=b using scipy
INFO:porepy.models.contact_mechanics_biot_model:Done. Elapsed time 5.3868255615234375
INFO:porepy.models.contact_mechanics_biot_model:||b-Ax|| = 2.5228980279829344e-10
INFO:porepy.models.contact_mechanics_biot_model:||b-Ax|| / ||b|| = 1.0040124905946674e-09
INFO:porepy.models.contact_mechanics_biot_model:Max abs element in b 0.021400148913896147. Min abs element in b 0.0
INFO:GTS.isc_modelling.contact_mechanics_biot:diff iter u = 1.3185815761262265e-05
INFO:GTS.isc_modelling.contact_mechanics_biot:diff init u = 0.846970883211487
INFO:GTS.isc_modelling.contact_mechanics_biot:diff iter contact = 2.1374609697296333e+17
INFO:GTS.isc_modelling.contact_mechanics_biot:diff init contact = 1.229961435705553e+24
INFO:GTS.isc_modelling.contact_mechanics_biot:diff iter scalar = 161642585796133.62
INFO:GTS.isc_modelling.contact_mechanics_biot:diff init scalar = 1.4984766159149872e+17
INFO:GTS.isc_modelling.contact_mechanics_biot:Error in contact force is 1.7378276323789807e-07
INFO:GTS.isc_modelling.contact_mechanics_biot:Error in matrix displacement is 1.5568204318034145e-05
INFO:GTS.isc_modelling.contact_mechanics_biot:Error in pressure is 0.0010787127678828193.
INFO:porepy.numerics.nonlinear.nonlinear_solvers:Newton iteration number 11 of 20
DEBUG:porepy.numerics.interface_laws.contact_mechanics_interface_laws:Done. Elapsed time 0.02621626853942871
DEBUG:porepy.models.contact_mechanics_biot_model:Max element in A 5.40e+06
DEBUG:porepy.models.contact_mechanics_biot_model:Max 5.74e+06 and min 1.00e+00 A sum.
INFO:porepy.models.contact_mechanics_biot_model:Solve Ax=b using scipy
INFO:porepy.models.contact_mechanics_biot_model:Done. Elapsed time 3.7135066986083984
INFO:porepy.models.contact_mechanics_biot_model:||b-Ax|| = 3.0866697435675277e-10
INFO:porepy.models.contact_mechanics_biot_model:||b-Ax|| / ||b|| = 1.22867515356057e-09
INFO:porepy.models.contact_mechanics_biot_model:Max abs element in b 0.021400148913896147. Min abs element in b 0.0
INFO:GTS.isc_modelling.contact_mechanics_biot:diff iter u = 1.677483884263898e-05
INFO:GTS.isc_modelling.contact_mechanics_biot:diff init u = 0.8472192767958783
INFO:GTS.isc_modelling.contact_mechanics_biot:diff iter contact = 2.1019005595743232e+17
INFO:GTS.isc_modelling.contact_mechanics_biot:diff init contact = 1.2299721063792639e+24
INFO:GTS.isc_modelling.contact_mechanics_biot:diff iter scalar = 235432859906969.3
INFO:GTS.isc_modelling.contact_mechanics_biot:diff init scalar = 1.4998893338703693e+17
INFO:GTS.isc_modelling.contact_mechanics_biot:Error in contact force is 1.7089009975696137e-07
INFO:GTS.isc_modelling.contact_mechanics_biot:Error in matrix displacement is 1.9799878617115747e-05
INFO:GTS.isc_modelling.contact_mechanics_biot:Error in pressure is 0.001569668205449863.
INFO:porepy.numerics.nonlinear.nonlinear_solvers:Newton iteration number 12 of 20
DEBUG:porepy.numerics.interface_laws.contact_mechanics_interface_laws:Done. Elapsed time 0.020549535751342773
DEBUG:porepy.models.contact_mechanics_biot_model:Max element in A 5.40e+06
DEBUG:porepy.models.contact_mechanics_biot_model:Max 5.74e+06 and min 1.00e+00 A sum.
INFO:porepy.models.contact_mechanics_biot_model:Solve Ax=b using scipy
INFO:porepy.models.contact_mechanics_biot_model:Done. Elapsed time 3.857194662094116
INFO:porepy.models.contact_mechanics_biot_model:||b-Ax|| = 2.1336446582464878e-10
INFO:porepy.models.contact_mechanics_biot_model:||b-Ax|| / ||b|| = 8.492246997757343e-10
INFO:porepy.models.contact_mechanics_biot_model:Max abs element in b 0.021400148913896147. Min abs element in b 0.0
INFO:GTS.isc_modelling.contact_mechanics_biot:diff iter u = 7.276389547227701e-06
INFO:GTS.isc_modelling.contact_mechanics_biot:diff init u = 0.84705151787004
INFO:GTS.isc_modelling.contact_mechanics_biot:diff iter contact = 1.416557658580057e+17
INFO:GTS.isc_modelling.contact_mechanics_biot:diff init contact = 1.2299729870098207e+24
INFO:GTS.isc_modelling.contact_mechanics_biot:diff iter scalar = 142548377062703.25
INFO:GTS.isc_modelling.contact_mechanics_biot:diff init scalar = 1.498978995571314e+17
INFO:GTS.isc_modelling.contact_mechanics_biot:Error in contact force is 1.1516981864974458e-07
INFO:GTS.isc_modelling.contact_mechanics_biot:Error in matrix displacement is 8.590256193064388e-06
INFO:GTS.isc_modelling.contact_mechanics_biot:Error in pressure is 0.0009509698100097328.
INFO:porepy.numerics.nonlinear.nonlinear_solvers:Newton iteration number 13 of 20
DEBUG:porepy.numerics.interface_laws.contact_mechanics_interface_laws:Done. Elapsed time 0.02086639404296875
DEBUG:porepy.models.contact_mechanics_biot_model:Max element in A 5.40e+06
DEBUG:porepy.models.contact_mechanics_biot_model:Max 5.74e+06 and min 1.00e+00 A sum.
INFO:porepy.models.contact_mechanics_biot_model:Solve Ax=b using scipy
INFO:porepy.models.contact_mechanics_biot_model:Done. Elapsed time 4.007484436035156
INFO:porepy.models.contact_mechanics_biot_model:||b-Ax|| = 4.452903960171367e-10
INFO:porepy.models.contact_mechanics_biot_model:||b-Ax|| / ||b|| = 1.7723874549965555e-09
INFO:porepy.models.contact_mechanics_biot_model:Max abs element in b 0.021400148913896147. Min abs element in b 0.0
INFO:GTS.isc_modelling.contact_mechanics_biot:diff iter u = 0.00012145128025888255
INFO:GTS.isc_modelling.contact_mechanics_biot:diff init u = 0.8458085022330398
INFO:GTS.isc_modelling.contact_mechanics_biot:diff iter contact = 1.8893598652227364e+18
INFO:GTS.isc_modelling.contact_mechanics_biot:diff init contact = 1.2299732630944215e+24
INFO:GTS.isc_modelling.contact_mechanics_biot:diff iter scalar = 1058063651588160.5
INFO:GTS.isc_modelling.contact_mechanics_biot:diff init scalar = 1.5091095260781568e+17
INFO:GTS.isc_modelling.contact_mechanics_biot:Error in contact force is 1.5360983217386372e-06
INFO:GTS.isc_modelling.contact_mechanics_biot:Error in matrix displacement is 0.00014359193592667374
INFO:GTS.isc_modelling.contact_mechanics_biot:Error in pressure is 0.007011178667315386.
INFO:porepy.numerics.nonlinear.nonlinear_solvers:Newton iteration number 14 of 20
DEBUG:porepy.numerics.interface_laws.contact_mechanics_interface_laws:Done. Elapsed time 0.025467395782470703
DEBUG:porepy.models.contact_mechanics_biot_model:Max element in A 5.40e+06
DEBUG:porepy.models.contact_mechanics_biot_model:Max 5.74e+06 and min 1.00e+00 A sum.
INFO:porepy.models.contact_mechanics_biot_model:Solve Ax=b using scipy
INFO:porepy.models.contact_mechanics_biot_model:Done. Elapsed time 9.944847345352173
INFO:porepy.models.contact_mechanics_biot_model:||b-Ax|| = 3.175626337916018e-10
INFO:porepy.models.contact_mechanics_biot_model:||b-Ax|| / ||b|| = 1.2634618087742355e-09
INFO:porepy.models.contact_mechanics_biot_model:Max abs element in b 0.021400148913896147. Min abs element in b 0.0
INFO:GTS.isc_modelling.contact_mechanics_biot:diff iter u = 0.0008760768066328401
INFO:GTS.isc_modelling.contact_mechanics_biot:diff init u = 0.8512729137473138
INFO:GTS.isc_modelling.contact_mechanics_biot:diff iter contact = 1.058945940406797e+19
INFO:GTS.isc_modelling.contact_mechanics_biot:diff init contact = 1.2300653418022344e+24
INFO:GTS.isc_modelling.contact_mechanics_biot:diff iter scalar = 1.1587681746782674e+16
INFO:GTS.isc_modelling.contact_mechanics_biot:diff init scalar = 1.6313626171211597e+17
INFO:GTS.isc_modelling.contact_mechanics_biot:Error in contact force is 8.60885925665769e-06
INFO:GTS.isc_modelling.contact_mechanics_biot:Error in matrix displacement is 0.001029137415845101
INFO:GTS.isc_modelling.contact_mechanics_biot:Error in pressure is 0.07103069314675897.
INFO:porepy.numerics.nonlinear.nonlinear_solvers:Newton iteration number 15 of 20
DEBUG:porepy.numerics.interface_laws.contact_mechanics_interface_laws:Done. Elapsed time 0.0474698543548584
DEBUG:porepy.models.contact_mechanics_biot_model:Max element in A 5.40e+06
DEBUG:porepy.models.contact_mechanics_biot_model:Max 5.74e+06 and min 1.00e+00 A sum.
INFO:porepy.models.contact_mechanics_biot_model:Solve Ax=b using scipy
INFO:porepy.models.contact_mechanics_biot_model:Done. Elapsed time 5.118274211883545
INFO:porepy.models.contact_mechanics_biot_model:||b-Ax|| = 2.136999641899799e-10
INFO:porepy.models.contact_mechanics_biot_model:||b-Ax|| / ||b|| = 8.500047344035321e-10
INFO:porepy.models.contact_mechanics_biot_model:Max abs element in b 0.021400148913896147. Min abs element in b 0.0
INFO:GTS.isc_modelling.contact_mechanics_biot:diff iter u = 0.0007919497506964987
INFO:GTS.isc_modelling.contact_mechanics_biot:diff init u = 0.8475444707045257
INFO:GTS.isc_modelling.contact_mechanics_biot:diff iter contact = 8.850713915771168e+18
INFO:GTS.isc_modelling.contact_mechanics_biot:diff init contact = 1.2299831017688468e+24
INFO:GTS.isc_modelling.contact_mechanics_biot:diff iter scalar = 1.083204739817112e+16
INFO:GTS.isc_modelling.contact_mechanics_biot:diff init scalar = 1.5002693477095635e+17
INFO:GTS.isc_modelling.contact_mechanics_biot:Error in contact force is 7.19580122933632e-06
INFO:GTS.isc_modelling.contact_mechanics_biot:Error in matrix displacement is 0.000934404952271338
INFO:GTS.isc_modelling.contact_mechanics_biot:Error in pressure is 0.0722006845951244.
INFO:porepy.numerics.nonlinear.nonlinear_solvers:Newton iteration number 16 of 20
DEBUG:porepy.numerics.interface_laws.contact_mechanics_interface_laws:Done. Elapsed time 0.020961761474609375
DEBUG:porepy.models.contact_mechanics_biot_model:Max element in A 5.40e+06
DEBUG:porepy.models.contact_mechanics_biot_model:Max 5.74e+06 and min 1.00e+00 A sum.
INFO:porepy.models.contact_mechanics_biot_model:Solve Ax=b using scipy
INFO:porepy.models.contact_mechanics_biot_model:Done. Elapsed time 4.231134414672852
INFO:porepy.models.contact_mechanics_biot_model:||b-Ax|| = 3.8357225401321614e-10
INFO:porepy.models.contact_mechanics_biot_model:||b-Ax|| / ||b|| = 1.5263452009061812e-09
INFO:porepy.models.contact_mechanics_biot_model:Max abs element in b 0.021400148913896147. Min abs element in b 0.0
INFO:GTS.isc_modelling.contact_mechanics_biot:diff iter u = 1.666677851112995e-05
INFO:GTS.isc_modelling.contact_mechanics_biot:diff init u = 0.846706696780581
INFO:GTS.isc_modelling.contact_mechanics_biot:diff iter contact = 2.2119841469125997e+17
INFO:GTS.isc_modelling.contact_mechanics_biot:diff init contact = 1.2299766004795105e+24
INFO:GTS.isc_modelling.contact_mechanics_biot:diff iter scalar = 188416339669409.66
INFO:GTS.isc_modelling.contact_mechanics_biot:diff init scalar = 1.497404944682153e+17
INFO:GTS.isc_modelling.contact_mechanics_biot:Error in contact force is 1.798395307723944e-07
INFO:GTS.isc_modelling.contact_mechanics_biot:Error in matrix displacement is 1.9684240805584474e-05
INFO:GTS.isc_modelling.contact_mechanics_biot:Error in pressure is 0.0012582858119879114.
INFO:porepy.numerics.nonlinear.nonlinear_solvers:Newton iteration number 17 of 20
DEBUG:porepy.numerics.interface_laws.contact_mechanics_interface_laws:Done. Elapsed time 0.02064681053161621
DEBUG:porepy.models.contact_mechanics_biot_model:Max element in A 5.40e+06
DEBUG:porepy.models.contact_mechanics_biot_model:Max 5.74e+06 and min 1.00e+00 A sum.
INFO:porepy.models.contact_mechanics_biot_model:Solve Ax=b using scipy
INFO:porepy.models.contact_mechanics_biot_model:Done. Elapsed time 3.57159686088562
INFO:porepy.models.contact_mechanics_biot_model:||b-Ax|| = 1.9909487357418057e-10
INFO:porepy.models.contact_mechanics_biot_model:||b-Ax|| / ||b|| = 7.923694404962048e-10
INFO:porepy.models.contact_mechanics_biot_model:Max abs element in b 0.021400148913896147. Min abs element in b 0.0
INFO:GTS.isc_modelling.contact_mechanics_biot:diff iter u = 4.605325969255124e-06
INFO:GTS.isc_modelling.contact_mechanics_biot:diff init u = 0.8470040936251568
INFO:GTS.isc_modelling.contact_mechanics_biot:diff iter contact = 9.216684676308662e+16
INFO:GTS.isc_modelling.contact_mechanics_biot:diff init contact = 1.2299768659208591e+24
INFO:GTS.isc_modelling.contact_mechanics_biot:diff iter scalar = 99600855661134.67
INFO:GTS.isc_modelling.contact_mechanics_biot:diff init scalar = 1.4991782458232413e+17
INFO:GTS.isc_modelling.contact_mechanics_biot:Error in contact force is 7.493380511192228e-08
INFO:GTS.isc_modelling.contact_mechanics_biot:Error in matrix displacement is 5.4371944644853385e-06
INFO:GTS.isc_modelling.contact_mechanics_biot:Error in pressure is 0.0006643696701084468.
INFO:porepy.numerics.nonlinear.nonlinear_solvers:Newton iteration number 18 of 20
DEBUG:porepy.numerics.interface_laws.contact_mechanics_interface_laws:Done. Elapsed time 0.020792245864868164
DEBUG:porepy.models.contact_mechanics_biot_model:Max element in A 5.40e+06
DEBUG:porepy.models.contact_mechanics_biot_model:Max 5.74e+06 and min 1.00e+00 A sum.
INFO:porepy.models.contact_mechanics_biot_model:Solve Ax=b using scipy
INFO:porepy.models.contact_mechanics_biot_model:Done. Elapsed time 4.226603031158447
INFO:porepy.models.contact_mechanics_biot_model:||b-Ax|| = 3.8540598724743325e-10
INFO:porepy.models.contact_mechanics_biot_model:||b-Ax|| / ||b|| = 1.5339331581576526e-09
INFO:porepy.models.contact_mechanics_biot_model:Max abs element in b 0.021400148913896147. Min abs element in b 0.0
INFO:GTS.isc_modelling.contact_mechanics_biot:diff iter u = 5.364004812556018e-06
INFO:GTS.isc_modelling.contact_mechanics_biot:diff init u = 0.8468799416242603
INFO:GTS.isc_modelling.contact_mechanics_biot:diff iter contact = 8.18754487767048e+16
INFO:GTS.isc_modelling.contact_mechanics_biot:diff init contact = 1.2299740921562993e+24
INFO:GTS.isc_modelling.contact_mechanics_biot:diff iter scalar = 85933407437126.14
INFO:GTS.isc_modelling.contact_mechanics_biot:diff init scalar = 1.4989321849277686e+17
INFO:GTS.isc_modelling.contact_mechanics_biot:Error in contact force is 6.656680762532716e-08
INFO:GTS.isc_modelling.contact_mechanics_biot:Error in matrix displacement is 6.333843262680431e-06
INFO:GTS.isc_modelling.contact_mechanics_biot:Error in pressure is 0.0005732975000551286.
INFO:porepy.numerics.nonlinear.nonlinear_solvers:Newton iteration number 19 of 20
DEBUG:porepy.numerics.interface_laws.contact_mechanics_interface_laws:Done. Elapsed time 0.020134925842285156
DEBUG:porepy.models.contact_mechanics_biot_model:Max element in A 5.40e+06
DEBUG:porepy.models.contact_mechanics_biot_model:Max 5.74e+06 and min 1.00e+00 A sum.
INFO:porepy.models.contact_mechanics_biot_model:Solve Ax=b using scipy
INFO:porepy.models.contact_mechanics_biot_model:Done. Elapsed time 3.7798123359680176
INFO:porepy.models.contact_mechanics_biot_model:||b-Ax|| = 1.244599080554657e-10
INFO:porepy.models.contact_mechanics_biot_model:||b-Ax|| / ||b|| = 4.953654356566511e-10
INFO:porepy.models.contact_mechanics_biot_model:Max abs element in b 0.021400148913896147. Min abs element in b 0.0
INFO:GTS.isc_modelling.contact_mechanics_biot:diff iter u = 3.180895487609385e-06
INFO:GTS.isc_modelling.contact_mechanics_biot:diff init u = 0.8471207751720105
INFO:GTS.isc_modelling.contact_mechanics_biot:diff iter contact = 6.534348146956606e+16
INFO:GTS.isc_modelling.contact_mechanics_biot:diff init contact = 1.229971167056964e+24
INFO:GTS.isc_modelling.contact_mechanics_biot:diff iter scalar = 45789472023764.63
INFO:GTS.isc_modelling.contact_mechanics_biot:diff init scalar = 1.49798811903792e+17
INFO:GTS.isc_modelling.contact_mechanics_biot:Error in contact force is 5.3126027031932686e-08
INFO:GTS.isc_modelling.contact_mechanics_biot:Error in matrix displacement is 3.7549492124821215e-06
INFO:GTS.isc_modelling.contact_mechanics_biot:Error in pressure is 0.0003056731321285301.
INFO:porepy.numerics.nonlinear.nonlinear_solvers:Newton iteration number 20 of 20
DEBUG:porepy.numerics.interface_laws.contact_mechanics_interface_laws:Done. Elapsed time 0.029287338256835938
DEBUG:porepy.models.contact_mechanics_biot_model:Max element in A 5.40e+06
DEBUG:porepy.models.contact_mechanics_biot_model:Max 5.74e+06 and min 1.00e+00 A sum.
INFO:porepy.models.contact_mechanics_biot_model:Solve Ax=b using scipy
INFO:porepy.models.contact_mechanics_biot_model:Done. Elapsed time 3.603668451309204
INFO:porepy.models.contact_mechanics_biot_model:||b-Ax|| = 1.486785217858213e-10
INFO:porepy.models.contact_mechanics_biot_model:||b-Ax|| / ||b|| = 5.917338921972104e-10
INFO:porepy.models.contact_mechanics_biot_model:Max abs element in b 0.021400148913896147. Min abs element in b 0.0
INFO:GTS.isc_modelling.contact_mechanics_biot:diff iter u = 2.122306738166843e-05
INFO:GTS.isc_modelling.contact_mechanics_biot:diff init u = 0.8468535454894117
INFO:GTS.isc_modelling.contact_mechanics_biot:diff iter contact = 3.215345210205967e+17
INFO:GTS.isc_modelling.contact_mechanics_biot:diff init contact = 1.229970155173563e+24
INFO:GTS.isc_modelling.contact_mechanics_biot:diff iter scalar = 197461175457368.22
INFO:GTS.isc_modelling.contact_mechanics_biot:diff init scalar = 1.5018082795321926e+17
INFO:GTS.isc_modelling.contact_mechanics_biot:Error in contact force is 2.614165227246709e-07
INFO:GTS.isc_modelling.contact_mechanics_biot:Error in matrix displacement is 2.5061083459718225e-05
INFO:GTS.isc_modelling.contact_mechanics_biot:Error in pressure is 0.001314822791620756.
ERROR:GTS.isc_modelling.contact_mechanics_biot:Newton iterations did not converge
INFO:GTS.isc_modelling.contact_mechanics_biot:Solution exported to folder 
 /home/haakon/mastersproject/src/mastersproject/GTS/isc_modelling/results/200220/S1_1/length_scaling/ls_1__sz_5
INFO:porepy.models.run_models:
Time step 2 at time 0.0e+00 of 0.0e+00 with time step 1.1e+04
INFO:GTS.isc_modelling.contact_mechanics_biot:A new phase has started: Phase 1
INFO:porepy.models.contact_mechanics_biot_model:Discretize
INFO:porepy.numerics.fv.mpsa:Split MPSA discretization into 1 parts
DEBUG:porepy.numerics.fv.mpsa:number of ncasym eliminated: 348
DEBUG:porepy.numerics.fv.mpsa:max igrad: 1.1230013752411778
INFO:porepy.numerics.fv.biot:Done with subproblem 0. Elapsed time 6.1985390186309814
DEBUG:porepy.numerics.interface_laws.contact_mechanics_interface_laws:Done. Elapsed time 0.022785663604736328
DEBUG:porepy.numerics.interface_laws.contact_mechanics_interface_laws:Done. Elapsed time 0.021286487579345703
INFO:porepy.models.contact_mechanics_biot_model:Done. Elapsed time 9.329872131347656
INFO:porepy.numerics.nonlinear.nonlinear_solvers:Newton iteration number 0 of 20
DEBUG:porepy.numerics.interface_laws.contact_mechanics_interface_laws:Done. Elapsed time 0.023325204849243164
DEBUG:porepy.models.contact_mechanics_biot_model:Max element in A 5.40e+06
DEBUG:porepy.models.contact_mechanics_biot_model:Max 5.74e+06 and min 1.00e+00 A sum.
INFO:porepy.models.contact_mechanics_biot_model:Solve Ax=b using scipy
INFO:porepy.models.contact_mechanics_biot_model:Done. Elapsed time 9.015931367874146
INFO:porepy.models.contact_mechanics_biot_model:||b-Ax|| = 1.5157157152953464e-10
INFO:porepy.models.contact_mechanics_biot_model:||b-Ax|| / ||b|| = 6.03232423992643e-10
INFO:porepy.models.contact_mechanics_biot_model:Max abs element in b 0.021400148913896147. Min abs element in b 0.0
INFO:GTS.isc_modelling.contact_mechanics_biot:diff iter u = 1.837412938344648e-05
INFO:GTS.isc_modelling.contact_mechanics_biot:diff init u = 1.837412938344648e-05
INFO:GTS.isc_modelling.contact_mechanics_biot:diff iter contact = 3.160346799337947e+17
INFO:GTS.isc_modelling.contact_mechanics_biot:diff init contact = 3.160346799337947e+17
INFO:GTS.isc_modelling.contact_mechanics_biot:diff iter scalar = 202042503652252.5
INFO:GTS.isc_modelling.contact_mechanics_biot:diff init scalar = 202042503652252.5
INFO:GTS.isc_modelling.contact_mechanics_biot:Error in contact force is 1.0
INFO:GTS.isc_modelling.contact_mechanics_biot:Error in matrix displacement is 1.0
INFO:GTS.isc_modelling.contact_mechanics_biot:Error in pressure is 1.0.
INFO:porepy.numerics.nonlinear.nonlinear_solvers:Newton iteration number 1 of 20
DEBUG:porepy.numerics.interface_laws.contact_mechanics_interface_laws:Done. Elapsed time 0.033434152603149414
DEBUG:porepy.models.contact_mechanics_biot_model:Max element in A 5.40e+06
DEBUG:porepy.models.contact_mechanics_biot_model:Max 5.74e+06 and min 1.00e+00 A sum.
INFO:porepy.models.contact_mechanics_biot_model:Solve Ax=b using scipy
INFO:porepy.models.contact_mechanics_biot_model:Done. Elapsed time 9.909240484237671
INFO:porepy.models.contact_mechanics_biot_model:||b-Ax|| = 2.0049856318746982e-10
INFO:porepy.models.contact_mechanics_biot_model:||b-Ax|| / ||b|| = 7.978233951775186e-10
INFO:porepy.models.contact_mechanics_biot_model:Max abs element in b 0.021400148913896147. Min abs element in b 0.0
INFO:GTS.isc_modelling.contact_mechanics_biot:diff iter u = 3.661529862841303e-05
INFO:GTS.isc_modelling.contact_mechanics_biot:diff init u = 3.420668299110696e-05
INFO:GTS.isc_modelling.contact_mechanics_biot:diff iter contact = 5.806126985452859e+17
INFO:GTS.isc_modelling.contact_mechanics_biot:diff init contact = 6.45757602793865e+17
INFO:GTS.isc_modelling.contact_mechanics_biot:diff iter scalar = 529390063764903.9
INFO:GTS.isc_modelling.contact_mechanics_biot:diff init scalar = 571377024979829.8
INFO:GTS.isc_modelling.contact_mechanics_biot:Error in contact force is 0.899118641473627
INFO:GTS.isc_modelling.contact_mechanics_biot:Error in matrix displacement is 1.0704135983583167
INFO:GTS.isc_modelling.contact_mechanics_biot:Error in pressure is 0.9265161891722754.
INFO:porepy.numerics.nonlinear.nonlinear_solvers:Newton iteration number 2 of 20
DEBUG:porepy.numerics.interface_laws.contact_mechanics_interface_laws:Done. Elapsed time 0.026000022888183594
DEBUG:porepy.models.contact_mechanics_biot_model:Max element in A 5.40e+06
DEBUG:porepy.models.contact_mechanics_biot_model:Max 5.74e+06 and min 1.00e+00 A sum.
INFO:porepy.models.contact_mechanics_biot_model:Solve Ax=b using scipy
INFO:porepy.models.contact_mechanics_biot_model:Done. Elapsed time 15.153658390045166
INFO:porepy.models.contact_mechanics_biot_model:||b-Ax|| = 3.5571413591492573e-10
INFO:porepy.models.contact_mechanics_biot_model:||b-Ax|| / ||b|| = 1.4159335501457964e-09
INFO:porepy.models.contact_mechanics_biot_model:Max abs element in b 0.021400148913896147. Min abs element in b 0.0
INFO:GTS.isc_modelling.contact_mechanics_biot:diff iter u = 7.60407707864682e-05
INFO:GTS.isc_modelling.contact_mechanics_biot:diff init u = 4.639055155941208e-05
INFO:GTS.isc_modelling.contact_mechanics_biot:diff iter contact = 1.2189156972960182e+18
INFO:GTS.isc_modelling.contact_mechanics_biot:diff init contact = 7.094118781432855e+17
INFO:GTS.isc_modelling.contact_mechanics_biot:diff iter scalar = 1667639832219292.5
INFO:GTS.isc_modelling.contact_mechanics_biot:diff init scalar = 1143073045251462.0
INFO:GTS.isc_modelling.contact_mechanics_biot:Error in contact force is 1.7182059320549241
INFO:GTS.isc_modelling.contact_mechanics_biot:Error in matrix displacement is 1.6391434943187362
INFO:GTS.isc_modelling.contact_mechanics_biot:Error in pressure is 1.458909243942877.
INFO:porepy.numerics.nonlinear.nonlinear_solvers:Newton iteration number 3 of 20
DEBUG:porepy.numerics.interface_laws.contact_mechanics_interface_laws:Done. Elapsed time 0.0355224609375
DEBUG:porepy.models.contact_mechanics_biot_model:Max element in A 5.40e+06
DEBUG:porepy.models.contact_mechanics_biot_model:Max 5.74e+06 and min 1.00e+00 A sum.
INFO:porepy.models.contact_mechanics_biot_model:Solve Ax=b using scipy
INFO:porepy.models.contact_mechanics_biot_model:Done. Elapsed time 9.166005373001099
INFO:porepy.models.contact_mechanics_biot_model:||b-Ax|| = 1.7069305524683506e-10
INFO:porepy.models.contact_mechanics_biot_model:||b-Ax|| / ||b|| = 6.79503003788492e-10
INFO:porepy.models.contact_mechanics_biot_model:Max abs element in b 0.021400148913896147. Min abs element in b 0.0
INFO:GTS.isc_modelling.contact_mechanics_biot:diff iter u = 8.326410178110475e-05
INFO:GTS.isc_modelling.contact_mechanics_biot:diff init u = 2.438671651606871e-05
INFO:GTS.isc_modelling.contact_mechanics_biot:diff iter contact = 7.876851670771059e+17
INFO:GTS.isc_modelling.contact_mechanics_biot:diff init contact = 3.147229342201241e+17
INFO:GTS.isc_modelling.contact_mechanics_biot:diff iter scalar = 1302604153950958.0
INFO:GTS.isc_modelling.contact_mechanics_biot:diff init scalar = 233660037560073.75
INFO:GTS.isc_modelling.contact_mechanics_biot:Error in contact force is 2.5027892200769255
INFO:GTS.isc_modelling.contact_mechanics_biot:Error in matrix displacement is 3.414321961968148
INFO:GTS.isc_modelling.contact_mechanics_biot:Error in pressure is 5.574783636744302.
INFO:porepy.numerics.nonlinear.nonlinear_solvers:Newton iteration number 4 of 20
DEBUG:porepy.numerics.interface_laws.contact_mechanics_interface_laws:Done. Elapsed time 0.04056525230407715
DEBUG:porepy.models.contact_mechanics_biot_model:Max element in A 5.40e+06
DEBUG:porepy.models.contact_mechanics_biot_model:Max 5.74e+06 and min 1.00e+00 A sum.
INFO:porepy.models.contact_mechanics_biot_model:Solve Ax=b using scipy
INFO:porepy.models.contact_mechanics_biot_model:Done. Elapsed time 9.842763900756836
INFO:porepy.models.contact_mechanics_biot_model:||b-Ax|| = 1.4488121366372674e-10
INFO:porepy.models.contact_mechanics_biot_model:||b-Ax|| / ||b|| = 5.766184120459446e-10
INFO:porepy.models.contact_mechanics_biot_model:Max abs element in b 0.021400148913896147. Min abs element in b 0.0
INFO:GTS.isc_modelling.contact_mechanics_biot:diff iter u = 2.8085296904073006e-05
INFO:GTS.isc_modelling.contact_mechanics_biot:diff init u = 5.193854352460704e-05
INFO:GTS.isc_modelling.contact_mechanics_biot:diff iter contact = 5.179500421981497e+17
INFO:GTS.isc_modelling.contact_mechanics_biot:diff init contact = 7.203989025492864e+17
INFO:GTS.isc_modelling.contact_mechanics_biot:diff iter scalar = 412853637928305.6
INFO:GTS.isc_modelling.contact_mechanics_biot:diff init scalar = 523474714785122.06
INFO:GTS.isc_modelling.contact_mechanics_biot:Error in contact force is 0.7189767229867676
INFO:GTS.isc_modelling.contact_mechanics_biot:Error in matrix displacement is 0.5407409410848607
INFO:GTS.isc_modelling.contact_mechanics_biot:Error in pressure is 0.7886792356298917.
INFO:porepy.numerics.nonlinear.nonlinear_solvers:Newton iteration number 5 of 20
DEBUG:porepy.numerics.interface_laws.contact_mechanics_interface_laws:Done. Elapsed time 0.034204959869384766
DEBUG:porepy.models.contact_mechanics_biot_model:Max element in A 5.40e+06
DEBUG:porepy.models.contact_mechanics_biot_model:Max 5.74e+06 and min 1.00e+00 A sum.
INFO:porepy.models.contact_mechanics_biot_model:Solve Ax=b using scipy
INFO:porepy.models.contact_mechanics_biot_model:Done. Elapsed time 9.875165224075317
INFO:porepy.models.contact_mechanics_biot_model:||b-Ax|| = 2.8064608212636896e-10
INFO:porepy.models.contact_mechanics_biot_model:||b-Ax|| / ||b|| = 1.1170008593106282e-09
INFO:porepy.models.contact_mechanics_biot_model:Max abs element in b 0.021400148913896147. Min abs element in b 0.0
INFO:GTS.isc_modelling.contact_mechanics_biot:diff iter u = 5.134514856993632e-05
INFO:GTS.isc_modelling.contact_mechanics_biot:diff init u = 0.00010148430957669049
INFO:GTS.isc_modelling.contact_mechanics_biot:diff iter contact = 7.494515864285179e+17
INFO:GTS.isc_modelling.contact_mechanics_biot:diff init contact = 7.727015897666089e+17
INFO:GTS.isc_modelling.contact_mechanics_biot:diff iter scalar = 686325719902260.2
INFO:GTS.isc_modelling.contact_mechanics_biot:diff init scalar = 670614924961346.8
INFO:GTS.isc_modelling.contact_mechanics_biot:Error in contact force is 0.9699107603167821
INFO:GTS.isc_modelling.contact_mechanics_biot:Error in matrix displacement is 0.5059417439415637
INFO:GTS.isc_modelling.contact_mechanics_biot:Error in pressure is 1.0234274459993848.
INFO:porepy.numerics.nonlinear.nonlinear_solvers:Newton iteration number 6 of 20
DEBUG:porepy.numerics.interface_laws.contact_mechanics_interface_laws:Done. Elapsed time 0.034326791763305664
DEBUG:porepy.models.contact_mechanics_biot_model:Max element in A 5.40e+06
DEBUG:porepy.models.contact_mechanics_biot_model:Max 5.74e+06 and min 1.00e+00 A sum.
INFO:porepy.models.contact_mechanics_biot_model:Solve Ax=b using scipy
INFO:porepy.models.contact_mechanics_biot_model:Done. Elapsed time 9.429378271102905
INFO:porepy.models.contact_mechanics_biot_model:||b-Ax|| = 1.7102062331864607e-10
INFO:porepy.models.contact_mechanics_biot_model:||b-Ax|| / ||b|| = 6.806150806238685e-10
INFO:porepy.models.contact_mechanics_biot_model:Max abs element in b 0.021400148913896147. Min abs element in b 0.0
INFO:GTS.isc_modelling.contact_mechanics_biot:diff iter u = 4.381934639727376e-05
INFO:GTS.isc_modelling.contact_mechanics_biot:diff init u = 3.4104019641115093e-05
INFO:GTS.isc_modelling.contact_mechanics_biot:diff iter contact = 4.328706880173856e+17
INFO:GTS.isc_modelling.contact_mechanics_biot:diff init contact = 3.5253768853750406e+17
INFO:GTS.isc_modelling.contact_mechanics_biot:diff iter scalar = 405899110084396.2
INFO:GTS.isc_modelling.contact_mechanics_biot:diff init scalar = 273116798321074.53
INFO:GTS.isc_modelling.contact_mechanics_biot:Error in contact force is 1.2278706705462938
INFO:GTS.isc_modelling.contact_mechanics_biot:Error in matrix displacement is 1.2848733626826228
INFO:GTS.isc_modelling.contact_mechanics_biot:Error in pressure is 1.4861740932069054.
INFO:porepy.numerics.nonlinear.nonlinear_solvers:Newton iteration number 7 of 20
DEBUG:porepy.numerics.interface_laws.contact_mechanics_interface_laws:Done. Elapsed time 0.030747413635253906
DEBUG:porepy.models.contact_mechanics_biot_model:Max element in A 5.40e+06
DEBUG:porepy.models.contact_mechanics_biot_model:Max 5.74e+06 and min 1.00e+00 A sum.
INFO:porepy.models.contact_mechanics_biot_model:Solve Ax=b using scipy
INFO:porepy.models.contact_mechanics_biot_model:Done. Elapsed time 8.290799379348755
INFO:porepy.models.contact_mechanics_biot_model:||b-Ax|| = 1.649587470953582e-10
INFO:porepy.models.contact_mechanics_biot_model:||b-Ax|| / ||b|| = 6.565451742776529e-10
INFO:porepy.models.contact_mechanics_biot_model:Max abs element in b 0.021400148913896147. Min abs element in b 0.0
INFO:GTS.isc_modelling.contact_mechanics_biot:diff iter u = 8.349686652028784e-06
INFO:GTS.isc_modelling.contact_mechanics_biot:diff init u = 2.4438584657259975e-05
INFO:GTS.isc_modelling.contact_mechanics_biot:diff iter contact = 8.427187896059974e+16
INFO:GTS.isc_modelling.contact_mechanics_biot:diff init contact = 3.2197511572359334e+17
INFO:GTS.isc_modelling.contact_mechanics_biot:diff iter scalar = 87200942489004.61
INFO:GTS.isc_modelling.contact_mechanics_biot:diff init scalar = 205692376882187.84
INFO:GTS.isc_modelling.contact_mechanics_biot:Error in contact force is 0.26173413672423307
INFO:GTS.isc_modelling.contact_mechanics_biot:Error in matrix displacement is 0.3416599925539608
INFO:GTS.isc_modelling.contact_mechanics_biot:Error in pressure is 0.423938620432928.
INFO:porepy.numerics.nonlinear.nonlinear_solvers:Newton iteration number 8 of 20
DEBUG:porepy.numerics.interface_laws.contact_mechanics_interface_laws:Done. Elapsed time 0.035040855407714844
DEBUG:porepy.models.contact_mechanics_biot_model:Max element in A 5.40e+06
DEBUG:porepy.models.contact_mechanics_biot_model:Max 5.74e+06 and min 1.00e+00 A sum.
INFO:porepy.models.contact_mechanics_biot_model:Solve Ax=b using scipy
INFO:porepy.models.contact_mechanics_biot_model:Done. Elapsed time 6.626943588256836
INFO:porepy.models.contact_mechanics_biot_model:||b-Ax|| = 2.3537303678499627e-10
INFO:porepy.models.contact_mechanics_biot_model:||b-Ax|| / ||b|| = 9.36978836955163e-10
INFO:porepy.models.contact_mechanics_biot_model:Max abs element in b 0.021400148913896147. Min abs element in b 0.0
INFO:GTS.isc_modelling.contact_mechanics_biot:diff iter u = 8.916906190378294e-06
INFO:GTS.isc_modelling.contact_mechanics_biot:diff init u = 1.9321912701824766e-05
INFO:GTS.isc_modelling.contact_mechanics_biot:diff iter contact = 1.7665111679920582e+17
INFO:GTS.isc_modelling.contact_mechanics_biot:diff init contact = 4.4913844218724576e+17
INFO:GTS.isc_modelling.contact_mechanics_biot:diff iter scalar = 197963428055469.7
INFO:GTS.isc_modelling.contact_mechanics_biot:diff init scalar = 339410992491486.94
INFO:GTS.isc_modelling.contact_mechanics_biot:Error in contact force is 0.3933110600351595
INFO:GTS.isc_modelling.contact_mechanics_biot:Error in matrix displacement is 0.46149189927434975
INFO:GTS.isc_modelling.contact_mechanics_biot:Error in pressure is 0.5832557944051708.
INFO:porepy.numerics.nonlinear.nonlinear_solvers:Newton iteration number 9 of 20
DEBUG:porepy.numerics.interface_laws.contact_mechanics_interface_laws:Done. Elapsed time 0.02982187271118164
DEBUG:porepy.models.contact_mechanics_biot_model:Max element in A 5.40e+06
DEBUG:porepy.models.contact_mechanics_biot_model:Max 5.74e+06 and min 1.00e+00 A sum.
INFO:porepy.models.contact_mechanics_biot_model:Solve Ax=b using scipy
INFO:porepy.models.contact_mechanics_biot_model:Done. Elapsed time 6.040277481079102
INFO:porepy.models.contact_mechanics_biot_model:||b-Ax|| = 2.3025663326469728e-10
INFO:porepy.models.contact_mechanics_biot_model:||b-Ax|| / ||b|| = 9.166485688791335e-10
INFO:porepy.models.contact_mechanics_biot_model:Max abs element in b 0.021400148913896147. Min abs element in b 0.0
INFO:GTS.isc_modelling.contact_mechanics_biot:diff iter u = 9.32750125252913e-06
INFO:GTS.isc_modelling.contact_mechanics_biot:diff init u = 3.028997986815623e-05
INFO:GTS.isc_modelling.contact_mechanics_biot:diff iter contact = 1.6150103242315526e+17
INFO:GTS.isc_modelling.contact_mechanics_biot:diff init contact = 3.0553928209830656e+17
INFO:GTS.isc_modelling.contact_mechanics_biot:diff iter scalar = 184020625811619.3
INFO:GTS.isc_modelling.contact_mechanics_biot:diff init scalar = 193055245573707.5
INFO:GTS.isc_modelling.contact_mechanics_biot:Error in contact force is 0.5285769846483853
INFO:GTS.isc_modelling.contact_mechanics_biot:Error in matrix displacement is 0.3079401601826453
INFO:GTS.isc_modelling.contact_mechanics_biot:Error in pressure is 0.9532018944357623.
INFO:porepy.numerics.nonlinear.nonlinear_solvers:Newton iteration number 10 of 20
DEBUG:porepy.numerics.interface_laws.contact_mechanics_interface_laws:Done. Elapsed time 0.04013633728027344
DEBUG:porepy.models.contact_mechanics_biot_model:Max element in A 5.40e+06
DEBUG:porepy.models.contact_mechanics_biot_model:Max 5.74e+06 and min 1.00e+00 A sum.
INFO:porepy.models.contact_mechanics_biot_model:Solve Ax=b using scipy
INFO:porepy.models.contact_mechanics_biot_model:Done. Elapsed time 6.759413242340088
INFO:porepy.models.contact_mechanics_biot_model:||b-Ax|| = 1.5427647691374125e-10
INFO:porepy.models.contact_mechanics_biot_model:||b-Ax|| / ||b|| = 6.142662537805952e-10
INFO:porepy.models.contact_mechanics_biot_model:Max abs element in b 0.021400148913896147. Min abs element in b 0.0
INFO:GTS.isc_modelling.contact_mechanics_biot:diff iter u = 8.039190766025022e-06
INFO:GTS.isc_modelling.contact_mechanics_biot:diff init u = 4.639036385241285e-05
INFO:GTS.isc_modelling.contact_mechanics_biot:diff iter contact = 2.8816340999984536e+16
INFO:GTS.isc_modelling.contact_mechanics_biot:diff init contact = 3.9254957243708326e+17
INFO:GTS.isc_modelling.contact_mechanics_biot:diff iter scalar = 33264717096993.09
INFO:GTS.isc_modelling.contact_mechanics_biot:diff init scalar = 251367175981510.56
INFO:GTS.isc_modelling.contact_mechanics_biot:Error in contact force is 0.07340815790750387
INFO:GTS.isc_modelling.contact_mechanics_biot:Error in matrix displacement is 0.17329441070134846
INFO:GTS.isc_modelling.contact_mechanics_biot:Error in pressure is 0.13233516654314442.
INFO:porepy.numerics.nonlinear.nonlinear_solvers:Newton iteration number 11 of 20
DEBUG:porepy.numerics.interface_laws.contact_mechanics_interface_laws:Done. Elapsed time 0.023926258087158203
DEBUG:porepy.models.contact_mechanics_biot_model:Max element in A 5.40e+06
DEBUG:porepy.models.contact_mechanics_biot_model:Max 5.74e+06 and min 1.00e+00 A sum.
INFO:porepy.models.contact_mechanics_biot_model:Solve Ax=b using scipy
INFO:porepy.models.contact_mechanics_biot_model:Done. Elapsed time 12.211993217468262
INFO:porepy.models.contact_mechanics_biot_model:||b-Ax|| = 2.3825001795137184e-10
INFO:porepy.models.contact_mechanics_biot_model:||b-Ax|| / ||b|| = 9.481667246897593e-10
INFO:porepy.models.contact_mechanics_biot_model:Max abs element in b 0.021400148913896147. Min abs element in b 0.0
INFO:GTS.isc_modelling.contact_mechanics_biot:diff iter u = 6.073754273245241e-06
INFO:GTS.isc_modelling.contact_mechanics_biot:diff init u = 3.278495825036383e-05
INFO:GTS.isc_modelling.contact_mechanics_biot:diff iter contact = 1.488070329919313e+17
INFO:GTS.isc_modelling.contact_mechanics_biot:diff init contact = 2.922786742804952e+17
INFO:GTS.isc_modelling.contact_mechanics_biot:diff iter scalar = 112352323939177.56
INFO:GTS.isc_modelling.contact_mechanics_biot:diff init scalar = 217420584917178.7
INFO:GTS.isc_modelling.contact_mechanics_biot:Error in contact force is 0.5091272339942378
INFO:GTS.isc_modelling.contact_mechanics_biot:Error in matrix displacement is 0.18526039371051628
INFO:GTS.isc_modelling.contact_mechanics_biot:Error in pressure is 0.5167510885962134.
INFO:porepy.numerics.nonlinear.nonlinear_solvers:Newton iteration number 12 of 20
DEBUG:porepy.numerics.interface_laws.contact_mechanics_interface_laws:Done. Elapsed time 0.030692100524902344
DEBUG:porepy.models.contact_mechanics_biot_model:Max element in A 5.40e+06
DEBUG:porepy.models.contact_mechanics_biot_model:Max 5.74e+06 and min 1.00e+00 A sum.
INFO:porepy.models.contact_mechanics_biot_model:Solve Ax=b using scipy
INFO:porepy.models.contact_mechanics_biot_model:Done. Elapsed time 10.101545095443726
INFO:porepy.models.contact_mechanics_biot_model:||b-Ax|| = 1.1169596211504386e-10
INFO:porepy.models.contact_mechanics_biot_model:||b-Ax|| / ||b|| = 4.44697698548759e-10
INFO:porepy.models.contact_mechanics_biot_model:Max abs element in b 0.021400148913896147. Min abs element in b 0.0
INFO:GTS.isc_modelling.contact_mechanics_biot:diff iter u = 5.714389847780266e-06
INFO:GTS.isc_modelling.contact_mechanics_biot:diff init u = 4.02009583348997e-05
INFO:GTS.isc_modelling.contact_mechanics_biot:diff iter contact = 1.2959548748968914e+17
INFO:GTS.isc_modelling.contact_mechanics_biot:diff init contact = 3.3461701214113e+17
INFO:GTS.isc_modelling.contact_mechanics_biot:diff iter scalar = 110440865830944.9
INFO:GTS.isc_modelling.contact_mechanics_biot:diff init scalar = 209751890445286.8
INFO:GTS.isc_modelling.contact_mechanics_biot:Error in contact force is 0.3872949754121593
INFO:GTS.isc_modelling.contact_mechanics_biot:Error in matrix displacement is 0.1421456125542019
INFO:GTS.isc_modelling.contact_mechanics_biot:Error in pressure is 0.5265309675945595.
INFO:porepy.numerics.nonlinear.nonlinear_solvers:Newton iteration number 13 of 20
DEBUG:porepy.numerics.interface_laws.contact_mechanics_interface_laws:Done. Elapsed time 0.037557125091552734
DEBUG:porepy.models.contact_mechanics_biot_model:Max element in A 5.40e+06
DEBUG:porepy.models.contact_mechanics_biot_model:Max 5.74e+06 and min 1.00e+00 A sum.
INFO:porepy.models.contact_mechanics_biot_model:Solve Ax=b using scipy
INFO:porepy.models.contact_mechanics_biot_model:Done. Elapsed time 12.783984422683716
INFO:porepy.models.contact_mechanics_biot_model:||b-Ax|| = 1.251946125517706e-10
INFO:porepy.models.contact_mechanics_biot_model:||b-Ax|| / ||b|| = 4.983440909238694e-10
INFO:porepy.models.contact_mechanics_biot_model:Max abs element in b 0.021400148913896147. Min abs element in b 0.0
INFO:GTS.isc_modelling.contact_mechanics_biot:diff iter u = 7.4962177294909815e-06
INFO:GTS.isc_modelling.contact_mechanics_biot:diff init u = 5.736999574233154e-05
INFO:GTS.isc_modelling.contact_mechanics_biot:diff iter contact = 1.0401889249332158e+17
INFO:GTS.isc_modelling.contact_mechanics_biot:diff init contact = 4.360107202373412e+17
INFO:GTS.isc_modelling.contact_mechanics_biot:diff iter scalar = 162071808929832.03
INFO:GTS.isc_modelling.contact_mechanics_biot:diff init scalar = 354122981129955.6
INFO:GTS.isc_modelling.contact_mechanics_biot:Error in contact force is 0.23856957562121225
INFO:GTS.isc_modelling.contact_mechanics_biot:Error in matrix displacement is 0.1306644288969287
INFO:GTS.isc_modelling.contact_mechanics_biot:Error in pressure is 0.4576709718547047.
INFO:porepy.numerics.nonlinear.nonlinear_solvers:Newton iteration number 14 of 20
DEBUG:porepy.numerics.interface_laws.contact_mechanics_interface_laws:Done. Elapsed time 0.04669594764709473
DEBUG:porepy.models.contact_mechanics_biot_model:Max element in A 5.40e+06
DEBUG:porepy.models.contact_mechanics_biot_model:Max 5.74e+06 and min 1.00e+00 A sum.
INFO:porepy.models.contact_mechanics_biot_model:Solve Ax=b using scipy
INFO:porepy.models.contact_mechanics_biot_model:Done. Elapsed time 14.062276124954224
INFO:porepy.models.contact_mechanics_biot_model:||b-Ax|| = 1.518347432230705e-10
INFO:porepy.models.contact_mechanics_biot_model:||b-Ax|| / ||b|| = 6.045150828304634e-10
INFO:porepy.models.contact_mechanics_biot_model:Max abs element in b 0.021400148913896147. Min abs element in b 0.0
INFO:GTS.isc_modelling.contact_mechanics_biot:diff iter u = 6.979447018499767e-06
INFO:GTS.isc_modelling.contact_mechanics_biot:diff init u = 4.110016732084404e-05
INFO:GTS.isc_modelling.contact_mechanics_biot:diff iter contact = 1.0799480397962714e+17
INFO:GTS.isc_modelling.contact_mechanics_biot:diff init contact = 3.574789784046189e+17
INFO:GTS.isc_modelling.contact_mechanics_biot:diff iter scalar = 162236524838610.62
INFO:GTS.isc_modelling.contact_mechanics_biot:diff init scalar = 229048929083603.2
INFO:GTS.isc_modelling.contact_mechanics_biot:Error in contact force is 0.3021011318248519
INFO:GTS.isc_modelling.contact_mechanics_biot:Error in matrix displacement is 0.16981553783018605
INFO:GTS.isc_modelling.contact_mechanics_biot:Error in pressure is 0.7083051009568093.
INFO:porepy.numerics.nonlinear.nonlinear_solvers:Newton iteration number 15 of 20
DEBUG:porepy.numerics.interface_laws.contact_mechanics_interface_laws:Done. Elapsed time 0.03760719299316406
DEBUG:porepy.models.contact_mechanics_biot_model:Max element in A 5.40e+06
DEBUG:porepy.models.contact_mechanics_biot_model:Max 5.74e+06 and min 1.00e+00 A sum.
INFO:porepy.models.contact_mechanics_biot_model:Solve Ax=b using scipy
INFO:porepy.models.contact_mechanics_biot_model:Done. Elapsed time 16.117359161376953
INFO:porepy.models.contact_mechanics_biot_model:||b-Ax|| = 2.126861354443211e-10
INFO:porepy.models.contact_mechanics_biot_model:||b-Ax|| / ||b|| = 8.465719186676361e-10
INFO:porepy.models.contact_mechanics_biot_model:Max abs element in b 0.021400148913896147. Min abs element in b 0.0
INFO:GTS.isc_modelling.contact_mechanics_biot:diff iter u = 2.7352519813576323e-05
INFO:GTS.isc_modelling.contact_mechanics_biot:diff init u = 2.6194280800413578e-05
INFO:GTS.isc_modelling.contact_mechanics_biot:diff iter contact = 1.1380154426051474e+17
INFO:GTS.isc_modelling.contact_mechanics_biot:diff init contact = 3.739171348478743e+17
INFO:GTS.isc_modelling.contact_mechanics_biot:diff iter scalar = 185446115375188.7
INFO:GTS.isc_modelling.contact_mechanics_biot:diff init scalar = 330624338397464.94
INFO:GTS.isc_modelling.contact_mechanics_biot:Error in contact force is 0.30434963700396916
INFO:GTS.isc_modelling.contact_mechanics_biot:Error in matrix displacement is 1.044217248108009
INFO:GTS.isc_modelling.contact_mechanics_biot:Error in pressure is 0.5608967454545101.
INFO:porepy.numerics.nonlinear.nonlinear_solvers:Newton iteration number 16 of 20
DEBUG:porepy.numerics.interface_laws.contact_mechanics_interface_laws:Done. Elapsed time 0.042563676834106445
DEBUG:porepy.models.contact_mechanics_biot_model:Max element in A 5.40e+06
DEBUG:porepy.models.contact_mechanics_biot_model:Max 5.74e+06 and min 1.00e+00 A sum.
INFO:porepy.models.contact_mechanics_biot_model:Solve Ax=b using scipy
INFO:porepy.models.contact_mechanics_biot_model:Done. Elapsed time 10.431761503219604
INFO:porepy.models.contact_mechanics_biot_model:||b-Ax|| = 1.4436506384093207e-10
INFO:porepy.models.contact_mechanics_biot_model:||b-Ax|| / ||b|| = 5.748030543041155e-10
INFO:porepy.models.contact_mechanics_biot_model:Max abs element in b 0.021400148913896147. Min abs element in b 0.0
INFO:GTS.isc_modelling.contact_mechanics_biot:diff iter u = 2.1514042295578777e-05
INFO:GTS.isc_modelling.contact_mechanics_biot:diff init u = 3.564746181264662e-05
INFO:GTS.isc_modelling.contact_mechanics_biot:diff iter contact = 1.1009885755066958e+17
INFO:GTS.isc_modelling.contact_mechanics_biot:diff init contact = 3.2407971624432986e+17
INFO:GTS.isc_modelling.contact_mechanics_biot:diff iter scalar = 166155809004643.28
INFO:GTS.isc_modelling.contact_mechanics_biot:diff init scalar = 206353802323303.53
INFO:GTS.isc_modelling.contact_mechanics_biot:Error in contact force is 0.3397277028830276
INFO:GTS.isc_modelling.contact_mechanics_biot:Error in matrix displacement is 0.6035224165089436
INFO:GTS.isc_modelling.contact_mechanics_biot:Error in pressure is 0.8051986788414962.
INFO:porepy.numerics.nonlinear.nonlinear_solvers:Newton iteration number 17 of 20
DEBUG:porepy.numerics.interface_laws.contact_mechanics_interface_laws:Done. Elapsed time 0.030874967575073242
DEBUG:porepy.models.contact_mechanics_biot_model:Max element in A 5.40e+06
DEBUG:porepy.models.contact_mechanics_biot_model:Max 5.74e+06 and min 1.00e+00 A sum.
INFO:porepy.models.contact_mechanics_biot_model:Solve Ax=b using scipy
INFO:porepy.models.contact_mechanics_biot_model:Done. Elapsed time 13.116523504257202
INFO:porepy.models.contact_mechanics_biot_model:||b-Ax|| = 1.9666054742073765e-10
INFO:porepy.models.contact_mechanics_biot_model:||b-Ax|| / ||b|| = 7.828775924837621e-10
INFO:porepy.models.contact_mechanics_biot_model:Max abs element in b 0.021400148913896147. Min abs element in b 0.0
INFO:GTS.isc_modelling.contact_mechanics_biot:diff iter u = 1.9020730331004762e-06
INFO:GTS.isc_modelling.contact_mechanics_biot:diff init u = 2.8895084145975663e-05
INFO:GTS.isc_modelling.contact_mechanics_biot:diff iter contact = 1.1466007443003628e+16
INFO:GTS.isc_modelling.contact_mechanics_biot:diff init contact = 3.086006408279425e+17
INFO:GTS.isc_modelling.contact_mechanics_biot:diff iter scalar = 14477576216036.033
INFO:GTS.isc_modelling.contact_mechanics_biot:diff init scalar = 197599998651209.34
INFO:GTS.isc_modelling.contact_mechanics_biot:Error in contact force is 0.03715484002963038
INFO:GTS.isc_modelling.contact_mechanics_biot:Error in matrix displacement is 0.06582687295497583
INFO:GTS.isc_modelling.contact_mechanics_biot:Error in pressure is 0.07326708661365382.
INFO:porepy.numerics.nonlinear.nonlinear_solvers:Newton iteration number 18 of 20
DEBUG:porepy.numerics.interface_laws.contact_mechanics_interface_laws:Done. Elapsed time 0.029390811920166016
DEBUG:porepy.models.contact_mechanics_biot_model:Max element in A 5.40e+06
DEBUG:porepy.models.contact_mechanics_biot_model:Max 5.74e+06 and min 1.00e+00 A sum.
INFO:porepy.models.contact_mechanics_biot_model:Solve Ax=b using scipy
INFO:porepy.models.contact_mechanics_biot_model:Done. Elapsed time 11.580464601516724
INFO:porepy.models.contact_mechanics_biot_model:||b-Ax|| = 2.1779337428553983e-10
INFO:porepy.models.contact_mechanics_biot_model:||b-Ax|| / ||b|| = 8.670208877172877e-10
INFO:porepy.models.contact_mechanics_biot_model:Max abs element in b 0.021400148913896147. Min abs element in b 0.0
INFO:GTS.isc_modelling.contact_mechanics_biot:diff iter u = 4.487406263155935e-06
INFO:GTS.isc_modelling.contact_mechanics_biot:diff init u = 3.870489765077913e-05
INFO:GTS.isc_modelling.contact_mechanics_biot:diff iter contact = 8.425703216530976e+16
INFO:GTS.isc_modelling.contact_mechanics_biot:diff init contact = 4.820578445721255e+17
INFO:GTS.isc_modelling.contact_mechanics_biot:diff iter scalar = 56384736583562.96
INFO:GTS.isc_modelling.contact_mechanics_biot:diff init scalar = 292076431015396.3
INFO:GTS.isc_modelling.contact_mechanics_biot:Error in contact force is 0.17478614467957948
INFO:GTS.isc_modelling.contact_mechanics_biot:Error in matrix displacement is 0.11593897763648017
INFO:GTS.isc_modelling.contact_mechanics_biot:Error in pressure is 0.19304788266394127.
INFO:porepy.numerics.nonlinear.nonlinear_solvers:Newton iteration number 19 of 20
DEBUG:porepy.numerics.interface_laws.contact_mechanics_interface_laws:Done. Elapsed time 0.0243070125579834
DEBUG:porepy.models.contact_mechanics_biot_model:Max element in A 5.40e+06
DEBUG:porepy.models.contact_mechanics_biot_model:Max 5.74e+06 and min 1.00e+00 A sum.
INFO:porepy.models.contact_mechanics_biot_model:Solve Ax=b using scipy
INFO:porepy.models.contact_mechanics_biot_model:Done. Elapsed time 5.931947946548462
INFO:porepy.models.contact_mechanics_biot_model:||b-Ax|| = 2.2122091101350186e-10
INFO:porepy.models.contact_mechanics_biot_model:||b-Ax|| / ||b|| = 8.806989578567866e-10
INFO:porepy.models.contact_mechanics_biot_model:Max abs element in b 0.021400148913896147. Min abs element in b 0.0
INFO:GTS.isc_modelling.contact_mechanics_biot:diff iter u = 4.993609955550594e-06
INFO:GTS.isc_modelling.contact_mechanics_biot:diff init u = 3.066236914549263e-05
INFO:GTS.isc_modelling.contact_mechanics_biot:diff iter contact = 8.912266802425387e+16
INFO:GTS.isc_modelling.contact_mechanics_biot:diff init contact = 3.0750757111268864e+17
INFO:GTS.isc_modelling.contact_mechanics_biot:diff iter scalar = 65068283101770.81
INFO:GTS.isc_modelling.contact_mechanics_biot:diff init scalar = 194038156720578.56
INFO:GTS.isc_modelling.contact_mechanics_biot:Error in contact force is 0.2898226788425777
INFO:GTS.isc_modelling.contact_mechanics_biot:Error in matrix displacement is 0.1628579295962411
INFO:GTS.isc_modelling.contact_mechanics_biot:Error in pressure is 0.3353375655669174.
INFO:porepy.numerics.nonlinear.nonlinear_solvers:Newton iteration number 20 of 20
DEBUG:porepy.numerics.interface_laws.contact_mechanics_interface_laws:Done. Elapsed time 0.03717970848083496
DEBUG:porepy.models.contact_mechanics_biot_model:Max element in A 5.40e+06
DEBUG:porepy.models.contact_mechanics_biot_model:Max 5.74e+06 and min 1.00e+00 A sum.
INFO:porepy.models.contact_mechanics_biot_model:Solve Ax=b using scipy
INFO:porepy.models.contact_mechanics_biot_model:Done. Elapsed time 5.784100532531738
INFO:porepy.models.contact_mechanics_biot_model:||b-Ax|| = 2.5842318960651697e-10
INFO:porepy.models.contact_mechanics_biot_model:||b-Ax|| / ||b|| = 1.0288614310181823e-09
INFO:porepy.models.contact_mechanics_biot_model:Max abs element in b 0.021400148913896147. Min abs element in b 0.0
INFO:GTS.isc_modelling.contact_mechanics_biot:diff iter u = 3.0861071338784764e-06
INFO:GTS.isc_modelling.contact_mechanics_biot:diff init u = 2.7540713967963795e-05
INFO:GTS.isc_modelling.contact_mechanics_biot:diff iter contact = 2.5945083186008784e+16
INFO:GTS.isc_modelling.contact_mechanics_biot:diff init contact = 3.222430192617857e+17
INFO:GTS.isc_modelling.contact_mechanics_biot:diff iter scalar = 44590207410526.48
INFO:GTS.isc_modelling.contact_mechanics_biot:diff init scalar = 209530551609226.3
INFO:GTS.isc_modelling.contact_mechanics_biot:Error in contact force is 0.08051402710117783
INFO:GTS.isc_modelling.contact_mechanics_biot:Error in matrix displacement is 0.1120561775365857
INFO:GTS.isc_modelling.contact_mechanics_biot:Error in pressure is 0.21281005117424137.
ERROR:GTS.isc_modelling.contact_mechanics_biot:Newton iterations did not converge
INFO:GTS.isc_modelling.contact_mechanics_biot:Solution exported to folder 
 /home/haakon/mastersproject/src/mastersproject/GTS/isc_modelling/results/200220/S1_1/length_scaling/ls_1__sz_5
INFO:GTS.isc_modelling.contact_mechanics_biot:Solution exported to folder 
 /home/haakon/mastersproject/src/mastersproject/GTS/isc_modelling/results/200220/S1_1/length_scaling/ls_1__sz_5
INFO:GTS.isc_modelling.setup:Simulation complete. Exporting solution. Time: 2020-02-20T17:43:10+01:00
